2017-10-24 09:49:37 trace :
------------
String:
<xml><ToUserName><![CDATA[gh_2e5884978ea8]]></ToUserName>
<FromUserName><![CDATA[oF75puGX7cUlZ5G5uh0MxHwijjUE]]></FromUserName>
<CreateTime>1508809777</CreateTime>
<MsgType><![CDATA[text]]></MsgType>
<Content><![CDATA[http://116.62.230.239/we7/app/index.php?i=1&c=entry&do=feedback&m=lwx_helloting]]></Content>
<MsgId>6480288648516900550</MsgId>
</xml>

2017-10-24 09:49:37 params :
------------
String:
array (
  'rule' => -2,
  'module' => '',
  'message' => 
  array (
    'tousername' => 'gh_2e5884978ea8',
    'fromusername' => 'oF75puGX7cUlZ5G5uh0MxHwijjUE',
    'createtime' => '1508809777',
    'msgtype' => 'text',
    'content' => 'http://116.62.230.239/we7/app/index.php?i=1&c=entry&do=feedback&m=lwx_helloting',
    'msgid' => '6480288648516900550',
    'from' => 'oF75puGX7cUlZ5G5uh0MxHwijjUE',
    'to' => 'gh_2e5884978ea8',
    'time' => '1508809777',
    'type' => 'text',
    'event' => NULL,
    'redirection' => false,
    'source' => NULL,
  ),
)

2017-10-24 09:49:37 response :
------------

2017-10-24 09:49:51 trace :
------------
String:
<xml><ToUserName><![CDATA[gh_2e5884978ea8]]></ToUserName>
<FromUserName><![CDATA[oF75puGX7cUlZ5G5uh0MxHwijjUE]]></FromUserName>
<CreateTime>1508809790</CreateTime>
<MsgType><![CDATA[text]]></MsgType>
<Content><![CDATA[http://h5.lwest.cn/we7/app/index.php?i=1&c=entry&do=feedback&m=lwx_helloting]]></Content>
<MsgId>6480288704351475399</MsgId>
</xml>

2017-10-24 09:49:51 params :
------------
String:
array (
  'rule' => -2,
  'module' => '',
  'message' => 
  array (
    'tousername' => 'gh_2e5884978ea8',
    'fromusername' => 'oF75puGX7cUlZ5G5uh0MxHwijjUE',
    'createtime' => '1508809790',
    'msgtype' => 'text',
    'content' => 'http://h5.lwest.cn/we7/app/index.php?i=1&c=entry&do=feedback&m=lwx_helloting',
    'msgid' => '6480288704351475399',
    'from' => 'oF75puGX7cUlZ5G5uh0MxHwijjUE',
    'to' => 'gh_2e5884978ea8',
    'time' => '1508809790',
    'type' => 'text',
    'event' => NULL,
    'redirection' => false,
    'source' => NULL,
  ),
)

2017-10-24 09:49:51 response :
------------

2017-10-24 10:36:16 trace :
------------
String:
<xml><ToUserName><![CDATA[gh_2e5884978ea8]]></ToUserName>
<FromUserName><![CDATA[oF75puEANpyKIClzLqoNNetLlLwg]]></FromUserName>
<CreateTime>1508812576</CreateTime>
<MsgType><![CDATA[event]]></MsgType>
<Event><![CDATA[unsubscribe]]></Event>
<EventKey><![CDATA[]]></EventKey>
</xml>

2017-10-24 14:23:40 trace :
------------
String:
<xml><ToUserName><![CDATA[gh_2e5884978ea8]]></ToUserName>
<FromUserName><![CDATA[oF75puM4fRMzPGmD3kH-hDTsvtCE]]></FromUserName>
<CreateTime>1508826220</CreateTime>
<MsgType><![CDATA[event]]></MsgType>
<Event><![CDATA[LOCATION]]></Event>
<Latitude>30.184727</Latitude>
<Longitude>120.203773</Longitude>
<Precision>65.000000</Precision>
</xml>

2017-10-24 14:23:40 params :
------------
String:
array (
  'message' => 
  array (
    'tousername' => 'gh_2e5884978ea8',
    'fromusername' => 'oF75puM4fRMzPGmD3kH-hDTsvtCE',
    'createtime' => '1508826220',
    'msgtype' => 'event',
    'event' => 'LOCATION',
    'latitude' => '30.184727',
    'longitude' => '120.203773',
    'precision' => '65.000000',
    'from' => 'oF75puM4fRMzPGmD3kH-hDTsvtCE',
    'to' => 'gh_2e5884978ea8',
    'time' => '1508826220',
    'type' => 'trace',
    'location_x' => '30.184727',
    'location_y' => '120.203773',
  ),
  'module' => 'default',
  'rule' => '-1',
)

2017-10-24 14:23:40 response :
------------
Array:
errno : -1 ;
message : Invaild value ;

2017-10-24 14:46:56 trace :
------------
String:
<xml><ToUserName><![CDATA[gh_2e5884978ea8]]></ToUserName>
<FromUserName><![CDATA[oF75puGX7cUlZ5G5uh0MxHwijjUE]]></FromUserName>
<CreateTime>1508827616</CreateTime>
<MsgType><![CDATA[text]]></MsgType>
<Content><![CDATA[https://www.we7.cc/docs/#global]]></Content>
<MsgId>6480365266438498424</MsgId>
</xml>

2017-10-24 14:46:56 params :
------------
String:
array (
  'rule' => -2,
  'module' => '',
  'message' => 
  array (
    'tousername' => 'gh_2e5884978ea8',
    'fromusername' => 'oF75puGX7cUlZ5G5uh0MxHwijjUE',
    'createtime' => '1508827616',
    'msgtype' => 'text',
    'content' => 'https://www.we7.cc/docs/#global',
    'msgid' => '6480365266438498424',
    'from' => 'oF75puGX7cUlZ5G5uh0MxHwijjUE',
    'to' => 'gh_2e5884978ea8',
    'time' => '1508827616',
    'type' => 'text',
    'event' => NULL,
    'redirection' => false,
    'source' => NULL,
  ),
)

2017-10-24 14:46:56 response :
------------

2017-10-24 14:58:23 trace :
------------
String:
<xml><ToUserName><![CDATA[gh_2e5884978ea8]]></ToUserName>
<FromUserName><![CDATA[oF75puGOeKe1O-8GeZPoEMmFVfpk]]></FromUserName>
<CreateTime>1508828303</CreateTime>
<MsgType><![CDATA[event]]></MsgType>
<Event><![CDATA[user_view_card]]></Event>
<CardId><![CDATA[pF75puEyXAmKKWwT2oY5KSs7BoCU]]></CardId>
<UserCardCode><![CDATA[235716975610]]></UserCardCode>
<OuterStr><![CDATA[]]></OuterStr>
</xml>

2017-10-24 14:58:23 params :
------------
String:
array (
  'rule' => -2,
  'module' => '',
  'message' => 
  array (
    'tousername' => 'gh_2e5884978ea8',
    'fromusername' => 'oF75puGOeKe1O-8GeZPoEMmFVfpk',
    'createtime' => '1508828303',
    'msgtype' => 'event',
    'event' => 'user_view_card',
    'cardid' => 'pF75puEyXAmKKWwT2oY5KSs7BoCU',
    'usercardcode' => '235716975610',
    'outerstr' => '',
    'from' => 'oF75puGOeKe1O-8GeZPoEMmFVfpk',
    'to' => 'gh_2e5884978ea8',
    'time' => '1508828303',
    'type' => 'event',
  ),
)

2017-10-24 14:58:23 response :
------------

2017-10-24 15:12:03 trace :
------------
String:
<xml><ToUserName><![CDATA[gh_2e5884978ea8]]></ToUserName>
<FromUserName><![CDATA[oF75puGFhiqvq2ZsbTApWwXc1LVI]]></FromUserName>
<CreateTime>1508829123</CreateTime>
<MsgType><![CDATA[event]]></MsgType>
<Event><![CDATA[user_view_card]]></Event>
<CardId><![CDATA[pF75puEyXAmKKWwT2oY5KSs7BoCU]]></CardId>
<UserCardCode><![CDATA[757829956314]]></UserCardCode>
<OuterStr><![CDATA[]]></OuterStr>
</xml>

2017-10-24 15:12:03 params :
------------
String:
array (
  'rule' => -2,
  'module' => '',
  'message' => 
  array (
    'tousername' => 'gh_2e5884978ea8',
    'fromusername' => 'oF75puGFhiqvq2ZsbTApWwXc1LVI',
    'createtime' => '1508829123',
    'msgtype' => 'event',
    'event' => 'user_view_card',
    'cardid' => 'pF75puEyXAmKKWwT2oY5KSs7BoCU',
    'usercardcode' => '757829956314',
    'outerstr' => '',
    'from' => 'oF75puGFhiqvq2ZsbTApWwXc1LVI',
    'to' => 'gh_2e5884978ea8',
    'time' => '1508829123',
    'type' => 'event',
  ),
)

2017-10-24 15:12:03 response :
------------

2017-10-24 15:29:26 trace :
------------
String:
<xml><ToUserName><![CDATA[gh_2e5884978ea8]]></ToUserName>
<FromUserName><![CDATA[oF75puFvl6EY0at4F7Le8eTtBSGI]]></FromUserName>
<CreateTime>1508830166</CreateTime>
<MsgType><![CDATA[event]]></MsgType>
<Event><![CDATA[subscribe]]></Event>
<EventKey><![CDATA[]]></EventKey>
</xml>

2017-10-24 15:29:26 params :
------------
String:
array (
  'rule' => -2,
  'module' => '',
  'message' => 
  array (
    'tousername' => 'gh_2e5884978ea8',
    'fromusername' => 'oF75puFvl6EY0at4F7Le8eTtBSGI',
    'createtime' => '1508830166',
    'msgtype' => 'event',
    'event' => 'subscribe',
    'eventkey' => '',
    'from' => 'oF75puFvl6EY0at4F7Le8eTtBSGI',
    'to' => 'gh_2e5884978ea8',
    'time' => '1508830166',
    'type' => 'text',
    'redirection' => true,
    'source' => 'subscribe',
  ),
)

2017-10-24 15:29:26 response :
------------

2017-10-24 15:29:28 trace :
------------
String:
<xml><ToUserName><![CDATA[gh_2e5884978ea8]]></ToUserName>
<FromUserName><![CDATA[oF75puFvl6EY0at4F7Le8eTtBSGI]]></FromUserName>
<CreateTime>1508830168</CreateTime>
<MsgType><![CDATA[event]]></MsgType>
<Event><![CDATA[LOCATION]]></Event>
<Latitude>23.369301</Latitude>
<Longitude>104.248367</Longitude>
<Precision>25.000000</Precision>
</xml>

2017-10-24 15:29:28 params :
------------
String:
array (
  'message' => 
  array (
    'tousername' => 'gh_2e5884978ea8',
    'fromusername' => 'oF75puFvl6EY0at4F7Le8eTtBSGI',
    'createtime' => '1508830168',
    'msgtype' => 'event',
    'event' => 'LOCATION',
    'latitude' => '23.369301',
    'longitude' => '104.248367',
    'precision' => '25.000000',
    'from' => 'oF75puFvl6EY0at4F7Le8eTtBSGI',
    'to' => 'gh_2e5884978ea8',
    'time' => '1508830168',
    'type' => 'trace',
    'location_x' => '23.369301',
    'location_y' => '104.248367',
  ),
  'module' => 'default',
  'rule' => '-1',
)

2017-10-24 15:29:28 response :
------------
Array:
errno : -1 ;
message : Invaild value ;

2017-10-24 15:29:53 trace :
------------
String:
<xml><ToUserName><![CDATA[gh_2e5884978ea8]]></ToUserName>
<FromUserName><![CDATA[oF75puFvl6EY0at4F7Le8eTtBSGI]]></FromUserName>
<CreateTime>1508830193</CreateTime>
<MsgType><![CDATA[event]]></MsgType>
<Event><![CDATA[LOCATION]]></Event>
<Latitude>23.369301</Latitude>
<Longitude>104.248367</Longitude>
<Precision>25.000000</Precision>
</xml>

2017-10-24 15:29:53 params :
------------
String:
array (
  'message' => 
  array (
    'tousername' => 'gh_2e5884978ea8',
    'fromusername' => 'oF75puFvl6EY0at4F7Le8eTtBSGI',
    'createtime' => '1508830193',
    'msgtype' => 'event',
    'event' => 'LOCATION',
    'latitude' => '23.369301',
    'longitude' => '104.248367',
    'precision' => '25.000000',
    'from' => 'oF75puFvl6EY0at4F7Le8eTtBSGI',
    'to' => 'gh_2e5884978ea8',
    'time' => '1508830193',
    'type' => 'trace',
    'location_x' => '23.369301',
    'location_y' => '104.248367',
  ),
  'module' => 'default',
  'rule' => '-1',
)

2017-10-24 15:29:53 response :
------------
Array:
errno : -1 ;
message : Invaild value ;

2017-10-24 15:31:30 trace :
------------
String:
<xml><ToUserName><![CDATA[gh_2e5884978ea8]]></ToUserName>
<FromUserName><![CDATA[oF75puFvl6EY0at4F7Le8eTtBSGI]]></FromUserName>
<CreateTime>1508830290</CreateTime>
<MsgType><![CDATA[event]]></MsgType>
<Event><![CDATA[LOCATION]]></Event>
<Latitude>23.369301</Latitude>
<Longitude>104.248367</Longitude>
<Precision>25.000000</Precision>
</xml>

2017-10-24 15:31:30 params :
------------
String:
array (
  'message' => 
  array (
    'tousername' => 'gh_2e5884978ea8',
    'fromusername' => 'oF75puFvl6EY0at4F7Le8eTtBSGI',
    'createtime' => '1508830290',
    'msgtype' => 'event',
    'event' => 'LOCATION',
    'latitude' => '23.369301',
    'longitude' => '104.248367',
    'precision' => '25.000000',
    'from' => 'oF75puFvl6EY0at4F7Le8eTtBSGI',
    'to' => 'gh_2e5884978ea8',
    'time' => '1508830290',
    'type' => 'trace',
    'location_x' => '23.369301',
    'location_y' => '104.248367',
  ),
  'module' => 'default',
  'rule' => '-1',
)

2017-10-24 15:31:30 response :
------------
Array:
errno : -1 ;
message : Invaild value ;

2017-10-24 15:31:47 trace :
------------
String:
<xml><ToUserName><![CDATA[gh_2e5884978ea8]]></ToUserName>
<FromUserName><![CDATA[oF75puFvl6EY0at4F7Le8eTtBSGI]]></FromUserName>
<CreateTime>1508830307</CreateTime>
<MsgType><![CDATA[text]]></MsgType>
<Content><![CDATA[文山市朗文斯汀刘婷]]></Content>
<MsgId>6480376824195492739</MsgId>
</xml>

2017-10-24 15:31:47 params :
------------
String:
array (
  'rule' => -2,
  'module' => '',
  'message' => 
  array (
    'tousername' => 'gh_2e5884978ea8',
    'fromusername' => 'oF75puFvl6EY0at4F7Le8eTtBSGI',
    'createtime' => '1508830307',
    'msgtype' => 'text',
    'content' => '文山市朗文斯汀刘婷',
    'msgid' => '6480376824195492739',
    'from' => 'oF75puFvl6EY0at4F7Le8eTtBSGI',
    'to' => 'gh_2e5884978ea8',
    'time' => '1508830307',
    'type' => 'text',
    'event' => NULL,
    'redirection' => false,
    'source' => NULL,
  ),
)

2017-10-24 15:31:47 response :
------------

2017-10-24 15:33:17 trace :
------------
String:
<xml><ToUserName><![CDATA[gh_2e5884978ea8]]></ToUserName>
<FromUserName><![CDATA[oF75puFvl6EY0at4F7Le8eTtBSGI]]></FromUserName>
<CreateTime>1508830397</CreateTime>
<MsgType><![CDATA[event]]></MsgType>
<Event><![CDATA[unsubscribe]]></Event>
<EventKey><![CDATA[]]></EventKey>
</xml>

2017-10-24 15:33:29 trace :
------------
String:
<xml><ToUserName><![CDATA[gh_2e5884978ea8]]></ToUserName>
<FromUserName><![CDATA[oF75puFvl6EY0at4F7Le8eTtBSGI]]></FromUserName>
<CreateTime>1508830409</CreateTime>
<MsgType><![CDATA[event]]></MsgType>
<Event><![CDATA[LOCATION]]></Event>
<Latitude>23.369228</Latitude>
<Longitude>104.248322</Longitude>
<Precision>25.000000</Precision>
</xml>

2017-10-24 15:33:29 params :
------------
String:
array (
  'message' => 
  array (
    'tousername' => 'gh_2e5884978ea8',
    'fromusername' => 'oF75puFvl6EY0at4F7Le8eTtBSGI',
    'createtime' => '1508830409',
    'msgtype' => 'event',
    'event' => 'LOCATION',
    'latitude' => '23.369228',
    'longitude' => '104.248322',
    'precision' => '25.000000',
    'from' => 'oF75puFvl6EY0at4F7Le8eTtBSGI',
    'to' => 'gh_2e5884978ea8',
    'time' => '1508830409',
    'type' => 'trace',
    'location_x' => '23.369228',
    'location_y' => '104.248322',
  ),
  'module' => 'default',
  'rule' => '-1',
)

2017-10-24 15:33:29 response :
------------
Array:
errno : -1 ;
message : Invaild value ;

2017-10-24 15:33:34 trace :
------------
String:
<xml><ToUserName><![CDATA[gh_2e5884978ea8]]></ToUserName>
<FromUserName><![CDATA[oF75puFvl6EY0at4F7Le8eTtBSGI]]></FromUserName>
<CreateTime>1508830413</CreateTime>
<MsgType><![CDATA[event]]></MsgType>
<Event><![CDATA[LOCATION]]></Event>
<Latitude>23.369228</Latitude>
<Longitude>104.248322</Longitude>
<Precision>25.000000</Precision>
</xml>

2017-10-24 15:33:34 params :
------------
String:
array (
  'message' => 
  array (
    'tousername' => 'gh_2e5884978ea8',
    'fromusername' => 'oF75puFvl6EY0at4F7Le8eTtBSGI',
    'createtime' => '1508830413',
    'msgtype' => 'event',
    'event' => 'LOCATION',
    'latitude' => '23.369228',
    'longitude' => '104.248322',
    'precision' => '25.000000',
    'from' => 'oF75puFvl6EY0at4F7Le8eTtBSGI',
    'to' => 'gh_2e5884978ea8',
    'time' => '1508830413',
    'type' => 'trace',
    'location_x' => '23.369228',
    'location_y' => '104.248322',
  ),
  'module' => 'default',
  'rule' => '-1',
)

2017-10-24 15:33:34 response :
------------
Array:
errno : -1 ;
message : Invaild value ;

2017-10-24 15:34:04 trace :
------------
String:
<xml><ToUserName><![CDATA[gh_2e5884978ea8]]></ToUserName>
<FromUserName><![CDATA[oF75puFvl6EY0at4F7Le8eTtBSGI]]></FromUserName>
<CreateTime>1508830444</CreateTime>
<MsgType><![CDATA[event]]></MsgType>
<Event><![CDATA[LOCATION]]></Event>
<Latitude>23.369301</Latitude>
<Longitude>104.248367</Longitude>
<Precision>25.000000</Precision>
</xml>

2017-10-24 15:34:04 params :
------------
String:
array (
  'message' => 
  array (
    'tousername' => 'gh_2e5884978ea8',
    'fromusername' => 'oF75puFvl6EY0at4F7Le8eTtBSGI',
    'createtime' => '1508830444',
    'msgtype' => 'event',
    'event' => 'LOCATION',
    'latitude' => '23.369301',
    'longitude' => '104.248367',
    'precision' => '25.000000',
    'from' => 'oF75puFvl6EY0at4F7Le8eTtBSGI',
    'to' => 'gh_2e5884978ea8',
    'time' => '1508830444',
    'type' => 'trace',
    'location_x' => '23.369301',
    'location_y' => '104.248367',
  ),
  'module' => 'default',
  'rule' => '-1',
)

2017-10-24 15:34:04 response :
------------
Array:
errno : -1 ;
message : Invaild value ;

2017-10-24 15:35:03 trace :
------------
String:
<xml><ToUserName><![CDATA[gh_2e5884978ea8]]></ToUserName>
<FromUserName><![CDATA[oF75puFvl6EY0at4F7Le8eTtBSGI]]></FromUserName>
<CreateTime>1508830503</CreateTime>
<MsgType><![CDATA[event]]></MsgType>
<Event><![CDATA[LOCATION]]></Event>
<Latitude>23.369301</Latitude>
<Longitude>104.248367</Longitude>
<Precision>25.000000</Precision>
</xml>

2017-10-24 15:35:03 params :
------------
String:
array (
  'message' => 
  array (
    'tousername' => 'gh_2e5884978ea8',
    'fromusername' => 'oF75puFvl6EY0at4F7Le8eTtBSGI',
    'createtime' => '1508830503',
    'msgtype' => 'event',
    'event' => 'LOCATION',
    'latitude' => '23.369301',
    'longitude' => '104.248367',
    'precision' => '25.000000',
    'from' => 'oF75puFvl6EY0at4F7Le8eTtBSGI',
    'to' => 'gh_2e5884978ea8',
    'time' => '1508830503',
    'type' => 'trace',
    'location_x' => '23.369301',
    'location_y' => '104.248367',
  ),
  'module' => 'default',
  'rule' => '-1',
)

2017-10-24 15:35:03 response :
------------
Array:
errno : -1 ;
message : Invaild value ;

2017-10-24 16:07:45 trace :
------------
String:
<xml><ToUserName><![CDATA[gh_2e5884978ea8]]></ToUserName>
<FromUserName><![CDATA[oF75puPLx7ki5eOaFiH-rvg1HTYE]]></FromUserName>
<CreateTime>1508832465</CreateTime>
<MsgType><![CDATA[event]]></MsgType>
<Event><![CDATA[user_get_card]]></Event>
<CardId><![CDATA[pF75puEyXAmKKWwT2oY5KSs7BoCU]]></CardId>
<IsGiveByFriend>0</IsGiveByFriend>
<UserCardCode><![CDATA[006635377808]]></UserCardCode>
<FriendUserName><![CDATA[]]></FriendUserName>
<OuterId>0</OuterId>
<OldUserCardCode><![CDATA[]]></OldUserCardCode>
<IsRestoreMemberCard>0</IsRestoreMemberCard>
<IsRecommendByFriend>0</IsRecommendByFriend>
<SourceScene><![CDATA[SOURCE_SCENE_MP_QRCODE]]></SourceScene>
</xml>

2017-10-24 16:07:45 params :
------------
String:
array (
  'rule' => -2,
  'module' => '',
  'message' => 
  array (
    'tousername' => 'gh_2e5884978ea8',
    'fromusername' => 'oF75puPLx7ki5eOaFiH-rvg1HTYE',
    'createtime' => '1508832465',
    'msgtype' => 'event',
    'event' => 'user_get_card',
    'cardid' => 'pF75puEyXAmKKWwT2oY5KSs7BoCU',
    'isgivebyfriend' => '0',
    'usercardcode' => '006635377808',
    'friendusername' => '',
    'outerid' => '0',
    'oldusercardcode' => '',
    'isrestoremembercard' => '0',
    'isrecommendbyfriend' => '0',
    'sourcescene' => 'SOURCE_SCENE_MP_QRCODE',
    'from' => 'oF75puPLx7ki5eOaFiH-rvg1HTYE',
    'to' => 'gh_2e5884978ea8',
    'time' => '1508832465',
    'type' => 'coupon',
  ),
)

2017-10-24 16:07:45 response :
------------

2017-10-24 16:07:45 trace :
------------
String:
<xml><ToUserName><![CDATA[gh_2e5884978ea8]]></ToUserName>
<FromUserName><![CDATA[oF75puPLx7ki5eOaFiH-rvg1HTYE]]></FromUserName>
<CreateTime>1508832465</CreateTime>
<MsgType><![CDATA[event]]></MsgType>
<Event><![CDATA[user_view_card]]></Event>
<CardId><![CDATA[pF75puEyXAmKKWwT2oY5KSs7BoCU]]></CardId>
<UserCardCode><![CDATA[006635377808]]></UserCardCode>
<OuterStr><![CDATA[]]></OuterStr>
</xml>

2017-10-24 16:07:45 params :
------------
String:
array (
  'rule' => -2,
  'module' => '',
  'message' => 
  array (
    'tousername' => 'gh_2e5884978ea8',
    'fromusername' => 'oF75puPLx7ki5eOaFiH-rvg1HTYE',
    'createtime' => '1508832465',
    'msgtype' => 'event',
    'event' => 'user_view_card',
    'cardid' => 'pF75puEyXAmKKWwT2oY5KSs7BoCU',
    'usercardcode' => '006635377808',
    'outerstr' => '',
    'from' => 'oF75puPLx7ki5eOaFiH-rvg1HTYE',
    'to' => 'gh_2e5884978ea8',
    'time' => '1508832465',
    'type' => 'event',
  ),
)

2017-10-24 16:07:45 response :
------------

2017-10-24 16:07:45 trace :
------------
String:
<xml><ToUserName><![CDATA[gh_2e5884978ea8]]></ToUserName>
<FromUserName><![CDATA[oF75puPLx7ki5eOaFiH-rvg1HTYE]]></FromUserName>
<CreateTime>1508832465</CreateTime>
<MsgType><![CDATA[event]]></MsgType>
<Event><![CDATA[subscribe]]></Event>
<EventKey><![CDATA[card]]></EventKey>
</xml>

2017-10-24 16:07:45 params :
------------
String:
array (
  'rule' => -2,
  'module' => '',
  'message' => 
  array (
    'tousername' => 'gh_2e5884978ea8',
    'fromusername' => 'oF75puPLx7ki5eOaFiH-rvg1HTYE',
    'createtime' => '1508832465',
    'msgtype' => 'event',
    'event' => 'subscribe',
    'eventkey' => 'card',
    'from' => 'oF75puPLx7ki5eOaFiH-rvg1HTYE',
    'to' => 'gh_2e5884978ea8',
    'time' => '1508832465',
    'type' => 'text',
    'scene' => 'card',
    'redirection' => true,
    'source' => 'subscribe',
  ),
)

2017-10-24 16:07:45 response :
------------

2017-10-24 16:08:07 trace :
------------
String:
<xml><ToUserName><![CDATA[gh_2e5884978ea8]]></ToUserName>
<FromUserName><![CDATA[oF75puPLx7ki5eOaFiH-rvg1HTYE]]></FromUserName>
<CreateTime>1508832487</CreateTime>
<MsgType><![CDATA[event]]></MsgType>
<Event><![CDATA[submit_membercard_user_info]]></Event>
<CardId><![CDATA[pF75puEyXAmKKWwT2oY5KSs7BoCU]]></CardId>
<UserCardCode><![CDATA[006635377808]]></UserCardCode>
</xml>

2017-10-24 16:08:07 params :
------------
String:
array (
  'rule' => -2,
  'module' => '',
  'message' => 
  array (
    'tousername' => 'gh_2e5884978ea8',
    'fromusername' => 'oF75puPLx7ki5eOaFiH-rvg1HTYE',
    'createtime' => '1508832487',
    'msgtype' => 'event',
    'event' => 'submit_membercard_user_info',
    'cardid' => 'pF75puEyXAmKKWwT2oY5KSs7BoCU',
    'usercardcode' => '006635377808',
    'from' => 'oF75puPLx7ki5eOaFiH-rvg1HTYE',
    'to' => 'gh_2e5884978ea8',
    'time' => '1508832487',
    'type' => 'event',
  ),
)

2017-10-24 16:08:07 response :
------------

2017-10-24 16:17:23 trace :
------------
String:
<xml><ToUserName><![CDATA[gh_2e5884978ea8]]></ToUserName>
<FromUserName><![CDATA[oF75puCZmDLj2-nrzrCwqxWfXORQ]]></FromUserName>
<CreateTime>1508833043</CreateTime>
<MsgType><![CDATA[event]]></MsgType>
<Event><![CDATA[subscribe]]></Event>
<EventKey><![CDATA[]]></EventKey>
</xml>

2017-10-24 16:17:23 params :
------------
String:
array (
  'rule' => -2,
  'module' => '',
  'message' => 
  array (
    'tousername' => 'gh_2e5884978ea8',
    'fromusername' => 'oF75puCZmDLj2-nrzrCwqxWfXORQ',
    'createtime' => '1508833043',
    'msgtype' => 'event',
    'event' => 'subscribe',
    'eventkey' => '',
    'from' => 'oF75puCZmDLj2-nrzrCwqxWfXORQ',
    'to' => 'gh_2e5884978ea8',
    'time' => '1508833043',
    'type' => 'text',
    'redirection' => true,
    'source' => 'subscribe',
  ),
)

2017-10-24 16:17:23 response :
------------

2017-10-24 16:17:26 trace :
------------
String:
<xml><ToUserName><![CDATA[gh_2e5884978ea8]]></ToUserName>
<FromUserName><![CDATA[oF75puCZmDLj2-nrzrCwqxWfXORQ]]></FromUserName>
<CreateTime>1508833046</CreateTime>
<MsgType><![CDATA[event]]></MsgType>
<Event><![CDATA[LOCATION]]></Event>
<Latitude>34.713284</Latitude>
<Longitude>113.626770</Longitude>
<Precision>65.000000</Precision>
</xml>

2017-10-24 16:17:26 params :
------------
String:
array (
  'message' => 
  array (
    'tousername' => 'gh_2e5884978ea8',
    'fromusername' => 'oF75puCZmDLj2-nrzrCwqxWfXORQ',
    'createtime' => '1508833046',
    'msgtype' => 'event',
    'event' => 'LOCATION',
    'latitude' => '34.713284',
    'longitude' => '113.626770',
    'precision' => '65.000000',
    'from' => 'oF75puCZmDLj2-nrzrCwqxWfXORQ',
    'to' => 'gh_2e5884978ea8',
    'time' => '1508833046',
    'type' => 'trace',
    'location_x' => '34.713284',
    'location_y' => '113.626770',
  ),
  'module' => 'default',
  'rule' => '-1',
)

2017-10-24 16:17:26 response :
------------
Array:
errno : -1 ;
message : Invaild value ;

2017-10-24 16:21:35 trace :
------------
String:
<xml><ToUserName><![CDATA[gh_2e5884978ea8]]></ToUserName>
<FromUserName><![CDATA[oF75puGX7cUlZ5G5uh0MxHwijjUE]]></FromUserName>
<CreateTime>1508833294</CreateTime>
<MsgType><![CDATA[text]]></MsgType>
<Content><![CDATA[http://h5.lwest.cn/we7/app/index.php?i=3&c=entry&eid=45]]></Content>
<MsgId>6480389653262806547</MsgId>
</xml>

2017-10-24 16:21:35 params :
------------
String:
array (
  'rule' => -2,
  'module' => '',
  'message' => 
  array (
    'tousername' => 'gh_2e5884978ea8',
    'fromusername' => 'oF75puGX7cUlZ5G5uh0MxHwijjUE',
    'createtime' => '1508833294',
    'msgtype' => 'text',
    'content' => 'http://h5.lwest.cn/we7/app/index.php?i=3&c=entry&eid=45',
    'msgid' => '6480389653262806547',
    'from' => 'oF75puGX7cUlZ5G5uh0MxHwijjUE',
    'to' => 'gh_2e5884978ea8',
    'time' => '1508833294',
    'type' => 'text',
    'event' => NULL,
    'redirection' => false,
    'source' => NULL,
  ),
)

2017-10-24 16:21:35 response :
------------

2017-10-24 17:46:33 trace :
------------
String:
<xml><ToUserName><![CDATA[gh_2e5884978ea8]]></ToUserName>
<FromUserName><![CDATA[oF75puCTB9rNWgSz_fz8b9MEzgos]]></FromUserName>
<CreateTime>1508838393</CreateTime>
<MsgType><![CDATA[text]]></MsgType>
<Content><![CDATA[http://h5.lwest.cn/we7/app/index.php?i=3&c=entry&do=feedback&m=lwx_helloting]]></Content>
<MsgId>6480411553301050600</MsgId>
</xml>

2017-10-24 17:46:33 params :
------------
String:
array (
  'rule' => -2,
  'module' => '',
  'message' => 
  array (
    'tousername' => 'gh_2e5884978ea8',
    'fromusername' => 'oF75puCTB9rNWgSz_fz8b9MEzgos',
    'createtime' => '1508838393',
    'msgtype' => 'text',
    'content' => 'http://h5.lwest.cn/we7/app/index.php?i=3&c=entry&do=feedback&m=lwx_helloting',
    'msgid' => '6480411553301050600',
    'from' => 'oF75puCTB9rNWgSz_fz8b9MEzgos',
    'to' => 'gh_2e5884978ea8',
    'time' => '1508838393',
    'type' => 'text',
    'event' => NULL,
    'redirection' => false,
    'source' => NULL,
  ),
)

2017-10-24 17:46:33 response :
------------

2017-10-24 17:48:22 trace :
------------
String:
<xml><ToUserName><![CDATA[gh_2e5884978ea8]]></ToUserName>
<FromUserName><![CDATA[oF75puGX7cUlZ5G5uh0MxHwijjUE]]></FromUserName>
<CreateTime>1508838502</CreateTime>
<MsgType><![CDATA[event]]></MsgType>
<Event><![CDATA[LOCATION]]></Event>
<Latitude>30.329901</Latitude>
<Longitude>120.178864</Longitude>
<Precision>65.000000</Precision>
</xml>

2017-10-24 17:48:22 params :
------------
String:
array (
  'message' => 
  array (
    'tousername' => 'gh_2e5884978ea8',
    'fromusername' => 'oF75puGX7cUlZ5G5uh0MxHwijjUE',
    'createtime' => '1508838502',
    'msgtype' => 'event',
    'event' => 'LOCATION',
    'latitude' => '30.329901',
    'longitude' => '120.178864',
    'precision' => '65.000000',
    'from' => 'oF75puGX7cUlZ5G5uh0MxHwijjUE',
    'to' => 'gh_2e5884978ea8',
    'time' => '1508838502',
    'type' => 'trace',
    'location_x' => '30.329901',
    'location_y' => '120.178864',
  ),
  'module' => 'default',
  'rule' => '-1',
)

2017-10-24 17:48:22 response :
------------
Array:
errno : -1 ;
message : Invaild value ;

2017-10-24 17:48:46 trace :
------------
String:
<xml><ToUserName><![CDATA[gh_2e5884978ea8]]></ToUserName>
<FromUserName><![CDATA[oF75puCTB9rNWgSz_fz8b9MEzgos]]></FromUserName>
<CreateTime>1508838526</CreateTime>
<MsgType><![CDATA[event]]></MsgType>
<Event><![CDATA[LOCATION]]></Event>
<Latitude>30.329887</Latitude>
<Longitude>120.178749</Longitude>
<Precision>30.000000</Precision>
</xml>

2017-10-24 17:48:46 params :
------------
String:
array (
  'message' => 
  array (
    'tousername' => 'gh_2e5884978ea8',
    'fromusername' => 'oF75puCTB9rNWgSz_fz8b9MEzgos',
    'createtime' => '1508838526',
    'msgtype' => 'event',
    'event' => 'LOCATION',
    'latitude' => '30.329887',
    'longitude' => '120.178749',
    'precision' => '30.000000',
    'from' => 'oF75puCTB9rNWgSz_fz8b9MEzgos',
    'to' => 'gh_2e5884978ea8',
    'time' => '1508838526',
    'type' => 'trace',
    'location_x' => '30.329887',
    'location_y' => '120.178749',
  ),
  'module' => 'default',
  'rule' => '-1',
)

2017-10-24 17:48:46 response :
------------
Array:
errno : -1 ;
message : Invaild value ;

2017-10-24 17:49:32 trace :
------------
String:
<xml><ToUserName><![CDATA[gh_2e5884978ea8]]></ToUserName>
<FromUserName><![CDATA[oF75puCTB9rNWgSz_fz8b9MEzgos]]></FromUserName>
<CreateTime>1508838572</CreateTime>
<MsgType><![CDATA[event]]></MsgType>
<Event><![CDATA[LOCATION]]></Event>
<Latitude>30.329887</Latitude>
<Longitude>120.178749</Longitude>
<Precision>30.000000</Precision>
</xml>

2017-10-24 17:49:32 params :
------------
String:
array (
  'message' => 
  array (
    'tousername' => 'gh_2e5884978ea8',
    'fromusername' => 'oF75puCTB9rNWgSz_fz8b9MEzgos',
    'createtime' => '1508838572',
    'msgtype' => 'event',
    'event' => 'LOCATION',
    'latitude' => '30.329887',
    'longitude' => '120.178749',
    'precision' => '30.000000',
    'from' => 'oF75puCTB9rNWgSz_fz8b9MEzgos',
    'to' => 'gh_2e5884978ea8',
    'time' => '1508838572',
    'type' => 'trace',
    'location_x' => '30.329887',
    'location_y' => '120.178749',
  ),
  'module' => 'default',
  'rule' => '-1',
)

2017-10-24 17:49:32 response :
------------
Array:
errno : -1 ;
message : Invaild value ;

2017-10-24 17:49:38 trace :
------------
String:
<xml><ToUserName><![CDATA[gh_2e5884978ea8]]></ToUserName>
<FromUserName><![CDATA[oF75puCTB9rNWgSz_fz8b9MEzgos]]></FromUserName>
<CreateTime>1508838578</CreateTime>
<MsgType><![CDATA[event]]></MsgType>
<Event><![CDATA[LOCATION]]></Event>
<Latitude>30.329885</Latitude>
<Longitude>120.178726</Longitude>
<Precision>30.000000</Precision>
</xml>

2017-10-24 17:49:38 params :
------------
String:
array (
  'message' => 
  array (
    'tousername' => 'gh_2e5884978ea8',
    'fromusername' => 'oF75puCTB9rNWgSz_fz8b9MEzgos',
    'createtime' => '1508838578',
    'msgtype' => 'event',
    'event' => 'LOCATION',
    'latitude' => '30.329885',
    'longitude' => '120.178726',
    'precision' => '30.000000',
    'from' => 'oF75puCTB9rNWgSz_fz8b9MEzgos',
    'to' => 'gh_2e5884978ea8',
    'time' => '1508838578',
    'type' => 'trace',
    'location_x' => '30.329885',
    'location_y' => '120.178726',
  ),
  'module' => 'default',
  'rule' => '-1',
)

2017-10-24 17:49:38 response :
------------
Array:
errno : -1 ;
message : Invaild value ;

2017-10-24 17:49:43 trace :
------------
String:
<xml><ToUserName><![CDATA[gh_2e5884978ea8]]></ToUserName>
<FromUserName><![CDATA[oF75puCTB9rNWgSz_fz8b9MEzgos]]></FromUserName>
<CreateTime>1508838583</CreateTime>
<MsgType><![CDATA[event]]></MsgType>
<Event><![CDATA[LOCATION]]></Event>
<Latitude>30.329885</Latitude>
<Longitude>120.178726</Longitude>
<Precision>30.000000</Precision>
</xml>

2017-10-24 17:49:43 params :
------------
String:
array (
  'message' => 
  array (
    'tousername' => 'gh_2e5884978ea8',
    'fromusername' => 'oF75puCTB9rNWgSz_fz8b9MEzgos',
    'createtime' => '1508838583',
    'msgtype' => 'event',
    'event' => 'LOCATION',
    'latitude' => '30.329885',
    'longitude' => '120.178726',
    'precision' => '30.000000',
    'from' => 'oF75puCTB9rNWgSz_fz8b9MEzgos',
    'to' => 'gh_2e5884978ea8',
    'time' => '1508838583',
    'type' => 'trace',
    'location_x' => '30.329885',
    'location_y' => '120.178726',
  ),
  'module' => 'default',
  'rule' => '-1',
)

2017-10-24 17:49:43 response :
------------
Array:
errno : -1 ;
message : Invaild value ;

2017-10-24 17:55:35 trace :
------------
String:
<xml><ToUserName><![CDATA[gh_2e5884978ea8]]></ToUserName>
<FromUserName><![CDATA[oF75puDFklazI5AGRuCu3PaRU2Zs]]></FromUserName>
<CreateTime>1508838935</CreateTime>
<MsgType><![CDATA[event]]></MsgType>
<Event><![CDATA[user_get_card]]></Event>
<CardId><![CDATA[pF75puEyXAmKKWwT2oY5KSs7BoCU]]></CardId>
<IsGiveByFriend>0</IsGiveByFriend>
<UserCardCode><![CDATA[502831127227]]></UserCardCode>
<FriendUserName><![CDATA[]]></FriendUserName>
<OuterId>0</OuterId>
<OldUserCardCode><![CDATA[]]></OldUserCardCode>
<IsRestoreMemberCard>0</IsRestoreMemberCard>
<IsRecommendByFriend>0</IsRecommendByFriend>
<SourceScene><![CDATA[SOURCE_SCENE_MP_QRCODE]]></SourceScene>
</xml>

2017-10-24 17:55:35 params :
------------
String:
array (
  'rule' => -2,
  'module' => '',
  'message' => 
  array (
    'tousername' => 'gh_2e5884978ea8',
    'fromusername' => 'oF75puDFklazI5AGRuCu3PaRU2Zs',
    'createtime' => '1508838935',
    'msgtype' => 'event',
    'event' => 'user_get_card',
    'cardid' => 'pF75puEyXAmKKWwT2oY5KSs7BoCU',
    'isgivebyfriend' => '0',
    'usercardcode' => '502831127227',
    'friendusername' => '',
    'outerid' => '0',
    'oldusercardcode' => '',
    'isrestoremembercard' => '0',
    'isrecommendbyfriend' => '0',
    'sourcescene' => 'SOURCE_SCENE_MP_QRCODE',
    'from' => 'oF75puDFklazI5AGRuCu3PaRU2Zs',
    'to' => 'gh_2e5884978ea8',
    'time' => '1508838935',
    'type' => 'coupon',
  ),
)

2017-10-24 17:55:35 response :
------------

2017-10-24 17:55:35 trace :
------------
String:
<xml><ToUserName><![CDATA[gh_2e5884978ea8]]></ToUserName>
<FromUserName><![CDATA[oF75puDFklazI5AGRuCu3PaRU2Zs]]></FromUserName>
<CreateTime>1508838935</CreateTime>
<MsgType><![CDATA[event]]></MsgType>
<Event><![CDATA[user_view_card]]></Event>
<CardId><![CDATA[pF75puEyXAmKKWwT2oY5KSs7BoCU]]></CardId>
<UserCardCode><![CDATA[502831127227]]></UserCardCode>
<OuterStr><![CDATA[]]></OuterStr>
</xml>

2017-10-24 17:55:35 params :
------------
String:
array (
  'rule' => -2,
  'module' => '',
  'message' => 
  array (
    'tousername' => 'gh_2e5884978ea8',
    'fromusername' => 'oF75puDFklazI5AGRuCu3PaRU2Zs',
    'createtime' => '1508838935',
    'msgtype' => 'event',
    'event' => 'user_view_card',
    'cardid' => 'pF75puEyXAmKKWwT2oY5KSs7BoCU',
    'usercardcode' => '502831127227',
    'outerstr' => '',
    'from' => 'oF75puDFklazI5AGRuCu3PaRU2Zs',
    'to' => 'gh_2e5884978ea8',
    'time' => '1508838935',
    'type' => 'event',
  ),
)

2017-10-24 17:55:35 response :
------------

2017-10-24 17:55:36 trace :
------------
String:
<xml><ToUserName><![CDATA[gh_2e5884978ea8]]></ToUserName>
<FromUserName><![CDATA[oF75puDFklazI5AGRuCu3PaRU2Zs]]></FromUserName>
<CreateTime>1508838935</CreateTime>
<MsgType><![CDATA[event]]></MsgType>
<Event><![CDATA[subscribe]]></Event>
<EventKey><![CDATA[card]]></EventKey>
</xml>

2017-10-24 17:55:36 params :
------------
String:
array (
  'rule' => -2,
  'module' => '',
  'message' => 
  array (
    'tousername' => 'gh_2e5884978ea8',
    'fromusername' => 'oF75puDFklazI5AGRuCu3PaRU2Zs',
    'createtime' => '1508838935',
    'msgtype' => 'event',
    'event' => 'subscribe',
    'eventkey' => 'card',
    'from' => 'oF75puDFklazI5AGRuCu3PaRU2Zs',
    'to' => 'gh_2e5884978ea8',
    'time' => '1508838935',
    'type' => 'text',
    'scene' => 'card',
    'redirection' => true,
    'source' => 'subscribe',
  ),
)

2017-10-24 17:55:36 response :
------------

2017-10-24 17:56:26 trace :
------------
String:
<xml><ToUserName><![CDATA[gh_2e5884978ea8]]></ToUserName>
<FromUserName><![CDATA[oF75puDFklazI5AGRuCu3PaRU2Zs]]></FromUserName>
<CreateTime>1508838986</CreateTime>
<MsgType><![CDATA[event]]></MsgType>
<Event><![CDATA[submit_membercard_user_info]]></Event>
<CardId><![CDATA[pF75puEyXAmKKWwT2oY5KSs7BoCU]]></CardId>
<UserCardCode><![CDATA[502831127227]]></UserCardCode>
</xml>

2017-10-24 17:56:26 params :
------------
String:
array (
  'rule' => -2,
  'module' => '',
  'message' => 
  array (
    'tousername' => 'gh_2e5884978ea8',
    'fromusername' => 'oF75puDFklazI5AGRuCu3PaRU2Zs',
    'createtime' => '1508838986',
    'msgtype' => 'event',
    'event' => 'submit_membercard_user_info',
    'cardid' => 'pF75puEyXAmKKWwT2oY5KSs7BoCU',
    'usercardcode' => '502831127227',
    'from' => 'oF75puDFklazI5AGRuCu3PaRU2Zs',
    'to' => 'gh_2e5884978ea8',
    'time' => '1508838986',
    'type' => 'event',
  ),
)

2017-10-24 17:56:26 response :
------------

2017-10-24 17:57:40 trace :
------------
String:
<xml><ToUserName><![CDATA[gh_2e5884978ea8]]></ToUserName>
<FromUserName><![CDATA[oF75puMvSnJoUusMzG8hfTi9Udl4]]></FromUserName>
<CreateTime>1508839060</CreateTime>
<MsgType><![CDATA[event]]></MsgType>
<Event><![CDATA[user_get_card]]></Event>
<CardId><![CDATA[pF75puEyXAmKKWwT2oY5KSs7BoCU]]></CardId>
<IsGiveByFriend>0</IsGiveByFriend>
<UserCardCode><![CDATA[118219987187]]></UserCardCode>
<FriendUserName><![CDATA[]]></FriendUserName>
<OuterId>0</OuterId>
<OldUserCardCode><![CDATA[]]></OldUserCardCode>
<IsRestoreMemberCard>0</IsRestoreMemberCard>
<IsRecommendByFriend>0</IsRecommendByFriend>
<SourceScene><![CDATA[SOURCE_SCENE_MP_QRCODE]]></SourceScene>
</xml>

2017-10-24 17:57:40 params :
------------
String:
array (
  'rule' => -2,
  'module' => '',
  'message' => 
  array (
    'tousername' => 'gh_2e5884978ea8',
    'fromusername' => 'oF75puMvSnJoUusMzG8hfTi9Udl4',
    'createtime' => '1508839060',
    'msgtype' => 'event',
    'event' => 'user_get_card',
    'cardid' => 'pF75puEyXAmKKWwT2oY5KSs7BoCU',
    'isgivebyfriend' => '0',
    'usercardcode' => '118219987187',
    'friendusername' => '',
    'outerid' => '0',
    'oldusercardcode' => '',
    'isrestoremembercard' => '0',
    'isrecommendbyfriend' => '0',
    'sourcescene' => 'SOURCE_SCENE_MP_QRCODE',
    'from' => 'oF75puMvSnJoUusMzG8hfTi9Udl4',
    'to' => 'gh_2e5884978ea8',
    'time' => '1508839060',
    'type' => 'coupon',
  ),
)

2017-10-24 17:57:40 response :
------------

2017-10-24 17:57:41 trace :
------------
String:
<xml><ToUserName><![CDATA[gh_2e5884978ea8]]></ToUserName>
<FromUserName><![CDATA[oF75puMvSnJoUusMzG8hfTi9Udl4]]></FromUserName>
<CreateTime>1508839060</CreateTime>
<MsgType><![CDATA[event]]></MsgType>
<Event><![CDATA[user_view_card]]></Event>
<CardId><![CDATA[pF75puEyXAmKKWwT2oY5KSs7BoCU]]></CardId>
<UserCardCode><![CDATA[118219987187]]></UserCardCode>
<OuterStr><![CDATA[]]></OuterStr>
</xml>

2017-10-24 17:57:41 params :
------------
String:
array (
  'rule' => -2,
  'module' => '',
  'message' => 
  array (
    'tousername' => 'gh_2e5884978ea8',
    'fromusername' => 'oF75puMvSnJoUusMzG8hfTi9Udl4',
    'createtime' => '1508839060',
    'msgtype' => 'event',
    'event' => 'user_view_card',
    'cardid' => 'pF75puEyXAmKKWwT2oY5KSs7BoCU',
    'usercardcode' => '118219987187',
    'outerstr' => '',
    'from' => 'oF75puMvSnJoUusMzG8hfTi9Udl4',
    'to' => 'gh_2e5884978ea8',
    'time' => '1508839060',
    'type' => 'event',
  ),
)

2017-10-24 17:57:41 response :
------------

2017-10-24 17:57:41 trace :
------------
String:
<xml><ToUserName><![CDATA[gh_2e5884978ea8]]></ToUserName>
<FromUserName><![CDATA[oF75puMvSnJoUusMzG8hfTi9Udl4]]></FromUserName>
<CreateTime>1508839061</CreateTime>
<MsgType><![CDATA[event]]></MsgType>
<Event><![CDATA[subscribe]]></Event>
<EventKey><![CDATA[card]]></EventKey>
</xml>

2017-10-24 17:57:41 params :
------------
String:
array (
  'rule' => -2,
  'module' => '',
  'message' => 
  array (
    'tousername' => 'gh_2e5884978ea8',
    'fromusername' => 'oF75puMvSnJoUusMzG8hfTi9Udl4',
    'createtime' => '1508839061',
    'msgtype' => 'event',
    'event' => 'subscribe',
    'eventkey' => 'card',
    'from' => 'oF75puMvSnJoUusMzG8hfTi9Udl4',
    'to' => 'gh_2e5884978ea8',
    'time' => '1508839061',
    'type' => 'text',
    'scene' => 'card',
    'redirection' => true,
    'source' => 'subscribe',
  ),
)

2017-10-24 17:57:41 response :
------------

2017-10-24 17:59:10 trace :
------------
String:
<xml><ToUserName><![CDATA[gh_2e5884978ea8]]></ToUserName>
<FromUserName><![CDATA[oF75puMvSnJoUusMzG8hfTi9Udl4]]></FromUserName>
<CreateTime>1508839150</CreateTime>
<MsgType><![CDATA[event]]></MsgType>
<Event><![CDATA[submit_membercard_user_info]]></Event>
<CardId><![CDATA[pF75puEyXAmKKWwT2oY5KSs7BoCU]]></CardId>
<UserCardCode><![CDATA[118219987187]]></UserCardCode>
</xml>

2017-10-24 17:59:10 params :
------------
String:
array (
  'rule' => -2,
  'module' => '',
  'message' => 
  array (
    'tousername' => 'gh_2e5884978ea8',
    'fromusername' => 'oF75puMvSnJoUusMzG8hfTi9Udl4',
    'createtime' => '1508839150',
    'msgtype' => 'event',
    'event' => 'submit_membercard_user_info',
    'cardid' => 'pF75puEyXAmKKWwT2oY5KSs7BoCU',
    'usercardcode' => '118219987187',
    'from' => 'oF75puMvSnJoUusMzG8hfTi9Udl4',
    'to' => 'gh_2e5884978ea8',
    'time' => '1508839150',
    'type' => 'event',
  ),
)

2017-10-24 17:59:10 response :
------------

2017-10-24 18:23:29 trace :
------------
String:
<xml><ToUserName><![CDATA[gh_2e5884978ea8]]></ToUserName>
<FromUserName><![CDATA[oF75puPLx7ki5eOaFiH-rvg1HTYE]]></FromUserName>
<CreateTime>1508840609</CreateTime>
<MsgType><![CDATA[event]]></MsgType>
<Event><![CDATA[update_member_card]]></Event>
<CardId><![CDATA[pF75puEyXAmKKWwT2oY5KSs7BoCU]]></CardId>
<UserCardCode><![CDATA[006635377808]]></UserCardCode>
<ModifyBonus>1610</ModifyBonus>
<ModifyBalance>0</ModifyBalance>
</xml>

2017-10-24 18:23:29 params :
------------
String:
array (
  'rule' => -2,
  'module' => '',
  'message' => 
  array (
    'tousername' => 'gh_2e5884978ea8',
    'fromusername' => 'oF75puPLx7ki5eOaFiH-rvg1HTYE',
    'createtime' => '1508840609',
    'msgtype' => 'event',
    'event' => 'update_member_card',
    'cardid' => 'pF75puEyXAmKKWwT2oY5KSs7BoCU',
    'usercardcode' => '006635377808',
    'modifybonus' => '1610',
    'modifybalance' => '0',
    'from' => 'oF75puPLx7ki5eOaFiH-rvg1HTYE',
    'to' => 'gh_2e5884978ea8',
    'time' => '1508840609',
    'type' => 'event',
  ),
)

2017-10-24 18:23:29 response :
------------

2017-10-24 18:36:34 trace :
------------
String:
<xml><ToUserName><![CDATA[gh_2e5884978ea8]]></ToUserName>
<FromUserName><![CDATA[oF75puB7f0Kb3_FvWZBlFnhrCyaw]]></FromUserName>
<CreateTime>1508841394</CreateTime>
<MsgType><![CDATA[event]]></MsgType>
<Event><![CDATA[LOCATION]]></Event>
<Latitude>30.208946</Latitude>
<Longitude>120.231895</Longitude>
<Precision>30.000000</Precision>
</xml>

2017-10-24 18:36:34 params :
------------
String:
array (
  'message' => 
  array (
    'tousername' => 'gh_2e5884978ea8',
    'fromusername' => 'oF75puB7f0Kb3_FvWZBlFnhrCyaw',
    'createtime' => '1508841394',
    'msgtype' => 'event',
    'event' => 'LOCATION',
    'latitude' => '30.208946',
    'longitude' => '120.231895',
    'precision' => '30.000000',
    'from' => 'oF75puB7f0Kb3_FvWZBlFnhrCyaw',
    'to' => 'gh_2e5884978ea8',
    'time' => '1508841394',
    'type' => 'trace',
    'location_x' => '30.208946',
    'location_y' => '120.231895',
  ),
  'module' => 'default',
  'rule' => '-1',
)

2017-10-24 18:36:34 response :
------------
Array:
errno : -1 ;
message : Invaild value ;

2017-10-24 18:41:02 trace :
------------
String:
<xml><ToUserName><![CDATA[gh_2e5884978ea8]]></ToUserName>
<FromUserName><![CDATA[oF75puPLx7ki5eOaFiH-rvg1HTYE]]></FromUserName>
<CreateTime>1508841662</CreateTime>
<MsgType><![CDATA[event]]></MsgType>
<Event><![CDATA[user_view_card]]></Event>
<CardId><![CDATA[pF75puEyXAmKKWwT2oY5KSs7BoCU]]></CardId>
<UserCardCode><![CDATA[006635377808]]></UserCardCode>
<OuterStr><![CDATA[]]></OuterStr>
</xml>

2017-10-24 18:41:02 params :
------------
String:
array (
  'rule' => -2,
  'module' => '',
  'message' => 
  array (
    'tousername' => 'gh_2e5884978ea8',
    'fromusername' => 'oF75puPLx7ki5eOaFiH-rvg1HTYE',
    'createtime' => '1508841662',
    'msgtype' => 'event',
    'event' => 'user_view_card',
    'cardid' => 'pF75puEyXAmKKWwT2oY5KSs7BoCU',
    'usercardcode' => '006635377808',
    'outerstr' => '',
    'from' => 'oF75puPLx7ki5eOaFiH-rvg1HTYE',
    'to' => 'gh_2e5884978ea8',
    'time' => '1508841662',
    'type' => 'event',
  ),
)

2017-10-24 18:41:02 response :
------------

2017-10-24 18:44:37 trace :
------------
String:
<xml><ToUserName><![CDATA[gh_2e5884978ea8]]></ToUserName>
<FromUserName><![CDATA[oF75puGX7cUlZ5G5uh0MxHwijjUE]]></FromUserName>
<CreateTime>1508841877</CreateTime>
<MsgType><![CDATA[event]]></MsgType>
<Event><![CDATA[LOCATION]]></Event>
<Latitude>30.329874</Latitude>
<Longitude>120.178825</Longitude>
<Precision>65.000000</Precision>
</xml>

2017-10-24 18:44:37 params :
------------
String:
array (
  'message' => 
  array (
    'tousername' => 'gh_2e5884978ea8',
    'fromusername' => 'oF75puGX7cUlZ5G5uh0MxHwijjUE',
    'createtime' => '1508841877',
    'msgtype' => 'event',
    'event' => 'LOCATION',
    'latitude' => '30.329874',
    'longitude' => '120.178825',
    'precision' => '65.000000',
    'from' => 'oF75puGX7cUlZ5G5uh0MxHwijjUE',
    'to' => 'gh_2e5884978ea8',
    'time' => '1508841877',
    'type' => 'trace',
    'location_x' => '30.329874',
    'location_y' => '120.178825',
  ),
  'module' => 'default',
  'rule' => '-1',
)

2017-10-24 18:44:37 response :
------------
Array:
errno : -1 ;
message : Invaild value ;

2017-10-24 19:02:15 trace :
------------
String:
<xml><ToUserName><![CDATA[gh_2e5884978ea8]]></ToUserName>
<FromUserName><![CDATA[oF75puKvLng2ILaUsSu4sLWhyuAA]]></FromUserName>
<CreateTime>1508842935</CreateTime>
<MsgType><![CDATA[event]]></MsgType>
<Event><![CDATA[LOCATION]]></Event>
<Latitude>30.202448</Latitude>
<Longitude>120.203468</Longitude>
<Precision>30.000000</Precision>
</xml>

2017-10-24 19:02:15 params :
------------
String:
array (
  'message' => 
  array (
    'tousername' => 'gh_2e5884978ea8',
    'fromusername' => 'oF75puKvLng2ILaUsSu4sLWhyuAA',
    'createtime' => '1508842935',
    'msgtype' => 'event',
    'event' => 'LOCATION',
    'latitude' => '30.202448',
    'longitude' => '120.203468',
    'precision' => '30.000000',
    'from' => 'oF75puKvLng2ILaUsSu4sLWhyuAA',
    'to' => 'gh_2e5884978ea8',
    'time' => '1508842935',
    'type' => 'trace',
    'location_x' => '30.202448',
    'location_y' => '120.203468',
  ),
  'module' => 'default',
  'rule' => '-1',
)

2017-10-24 19:02:15 response :
------------
Array:
errno : -1 ;
message : Invaild value ;

2017-10-24 19:10:46 trace :
------------
String:
<xml><ToUserName><![CDATA[gh_2e5884978ea8]]></ToUserName>
<FromUserName><![CDATA[oF75puNI1ovwplrOkNmSDLqIq-bk]]></FromUserName>
<CreateTime>1508843446</CreateTime>
<MsgType><![CDATA[event]]></MsgType>
<Event><![CDATA[subscribe]]></Event>
<EventKey><![CDATA[]]></EventKey>
</xml>

2017-10-24 19:10:46 params :
------------
String:
array (
  'rule' => -2,
  'module' => '',
  'message' => 
  array (
    'tousername' => 'gh_2e5884978ea8',
    'fromusername' => 'oF75puNI1ovwplrOkNmSDLqIq-bk',
    'createtime' => '1508843446',
    'msgtype' => 'event',
    'event' => 'subscribe',
    'eventkey' => '',
    'from' => 'oF75puNI1ovwplrOkNmSDLqIq-bk',
    'to' => 'gh_2e5884978ea8',
    'time' => '1508843446',
    'type' => 'text',
    'redirection' => true,
    'source' => 'subscribe',
  ),
)

2017-10-24 19:10:46 response :
------------

2017-10-24 19:25:23 trace :
------------
String:
<xml><ToUserName><![CDATA[gh_2e5884978ea8]]></ToUserName>
<FromUserName><![CDATA[oF75puGNtpA9xizvMgOgoIlRBLlU]]></FromUserName>
<CreateTime>1508844323</CreateTime>
<MsgType><![CDATA[event]]></MsgType>
<Event><![CDATA[user_get_card]]></Event>
<CardId><![CDATA[pF75puEyXAmKKWwT2oY5KSs7BoCU]]></CardId>
<IsGiveByFriend>0</IsGiveByFriend>
<UserCardCode><![CDATA[063622663823]]></UserCardCode>
<FriendUserName><![CDATA[]]></FriendUserName>
<OuterId>0</OuterId>
<OldUserCardCode><![CDATA[]]></OldUserCardCode>
<IsRestoreMemberCard>0</IsRestoreMemberCard>
<IsRecommendByFriend>0</IsRecommendByFriend>
<SourceScene><![CDATA[SOURCE_SCENE_MP_QRCODE]]></SourceScene>
</xml>

2017-10-24 19:25:23 params :
------------
String:
array (
  'rule' => -2,
  'module' => '',
  'message' => 
  array (
    'tousername' => 'gh_2e5884978ea8',
    'fromusername' => 'oF75puGNtpA9xizvMgOgoIlRBLlU',
    'createtime' => '1508844323',
    'msgtype' => 'event',
    'event' => 'user_get_card',
    'cardid' => 'pF75puEyXAmKKWwT2oY5KSs7BoCU',
    'isgivebyfriend' => '0',
    'usercardcode' => '063622663823',
    'friendusername' => '',
    'outerid' => '0',
    'oldusercardcode' => '',
    'isrestoremembercard' => '0',
    'isrecommendbyfriend' => '0',
    'sourcescene' => 'SOURCE_SCENE_MP_QRCODE',
    'from' => 'oF75puGNtpA9xizvMgOgoIlRBLlU',
    'to' => 'gh_2e5884978ea8',
    'time' => '1508844323',
    'type' => 'coupon',
  ),
)

2017-10-24 19:25:23 response :
------------

2017-10-24 19:25:23 trace :
------------
String:
<xml><ToUserName><![CDATA[gh_2e5884978ea8]]></ToUserName>
<FromUserName><![CDATA[oF75puGNtpA9xizvMgOgoIlRBLlU]]></FromUserName>
<CreateTime>1508844323</CreateTime>
<MsgType><![CDATA[event]]></MsgType>
<Event><![CDATA[user_view_card]]></Event>
<CardId><![CDATA[pF75puEyXAmKKWwT2oY5KSs7BoCU]]></CardId>
<UserCardCode><![CDATA[063622663823]]></UserCardCode>
<OuterStr><![CDATA[]]></OuterStr>
</xml>

2017-10-24 19:25:23 params :
------------
String:
array (
  'rule' => -2,
  'module' => '',
  'message' => 
  array (
    'tousername' => 'gh_2e5884978ea8',
    'fromusername' => 'oF75puGNtpA9xizvMgOgoIlRBLlU',
    'createtime' => '1508844323',
    'msgtype' => 'event',
    'event' => 'user_view_card',
    'cardid' => 'pF75puEyXAmKKWwT2oY5KSs7BoCU',
    'usercardcode' => '063622663823',
    'outerstr' => '',
    'from' => 'oF75puGNtpA9xizvMgOgoIlRBLlU',
    'to' => 'gh_2e5884978ea8',
    'time' => '1508844323',
    'type' => 'event',
  ),
)

2017-10-24 19:25:23 response :
------------

2017-10-24 19:25:24 trace :
------------
String:
<xml><ToUserName><![CDATA[gh_2e5884978ea8]]></ToUserName>
<FromUserName><![CDATA[oF75puGNtpA9xizvMgOgoIlRBLlU]]></FromUserName>
<CreateTime>1508844324</CreateTime>
<MsgType><![CDATA[event]]></MsgType>
<Event><![CDATA[subscribe]]></Event>
<EventKey><![CDATA[card]]></EventKey>
</xml>

2017-10-24 19:25:24 params :
------------
String:
array (
  'rule' => -2,
  'module' => '',
  'message' => 
  array (
    'tousername' => 'gh_2e5884978ea8',
    'fromusername' => 'oF75puGNtpA9xizvMgOgoIlRBLlU',
    'createtime' => '1508844324',
    'msgtype' => 'event',
    'event' => 'subscribe',
    'eventkey' => 'card',
    'from' => 'oF75puGNtpA9xizvMgOgoIlRBLlU',
    'to' => 'gh_2e5884978ea8',
    'time' => '1508844324',
    'type' => 'text',
    'scene' => 'card',
    'redirection' => true,
    'source' => 'subscribe',
  ),
)

2017-10-24 19:25:24 response :
------------

2017-10-24 19:25:29 trace :
------------
String:
<xml><ToUserName><![CDATA[gh_2e5884978ea8]]></ToUserName>
<FromUserName><![CDATA[oF75puGNtpA9xizvMgOgoIlRBLlU]]></FromUserName>
<CreateTime>1508844329</CreateTime>
<MsgType><![CDATA[event]]></MsgType>
<Event><![CDATA[user_enter_session_from_card]]></Event>
<CardId><![CDATA[pF75puEyXAmKKWwT2oY5KSs7BoCU]]></CardId>
<UserCardCode><![CDATA[063622663823]]></UserCardCode>
</xml>

2017-10-24 19:25:29 params :
------------
String:
array (
  'rule' => -2,
  'module' => '',
  'message' => 
  array (
    'tousername' => 'gh_2e5884978ea8',
    'fromusername' => 'oF75puGNtpA9xizvMgOgoIlRBLlU',
    'createtime' => '1508844329',
    'msgtype' => 'event',
    'event' => 'user_enter_session_from_card',
    'cardid' => 'pF75puEyXAmKKWwT2oY5KSs7BoCU',
    'usercardcode' => '063622663823',
    'from' => 'oF75puGNtpA9xizvMgOgoIlRBLlU',
    'to' => 'gh_2e5884978ea8',
    'time' => '1508844329',
    'type' => 'event',
  ),
)

2017-10-24 19:25:29 response :
------------

2017-10-24 19:25:32 trace :
------------
String:
<xml><ToUserName><![CDATA[gh_2e5884978ea8]]></ToUserName>
<FromUserName><![CDATA[oF75puGNtpA9xizvMgOgoIlRBLlU]]></FromUserName>
<CreateTime>1508844332</CreateTime>
<MsgType><![CDATA[event]]></MsgType>
<Event><![CDATA[LOCATION]]></Event>
<Latitude>30.213823</Latitude>
<Longitude>120.201996</Longitude>
<Precision>65.000000</Precision>
</xml>

2017-10-24 19:25:32 params :
------------
String:
array (
  'message' => 
  array (
    'tousername' => 'gh_2e5884978ea8',
    'fromusername' => 'oF75puGNtpA9xizvMgOgoIlRBLlU',
    'createtime' => '1508844332',
    'msgtype' => 'event',
    'event' => 'LOCATION',
    'latitude' => '30.213823',
    'longitude' => '120.201996',
    'precision' => '65.000000',
    'from' => 'oF75puGNtpA9xizvMgOgoIlRBLlU',
    'to' => 'gh_2e5884978ea8',
    'time' => '1508844332',
    'type' => 'trace',
    'location_x' => '30.213823',
    'location_y' => '120.201996',
  ),
  'module' => 'default',
  'rule' => '-1',
)

2017-10-24 19:25:32 response :
------------
Array:
errno : -1 ;
message : Invaild value ;

2017-10-24 19:26:05 trace :
------------
String:
<xml><ToUserName><![CDATA[gh_2e5884978ea8]]></ToUserName>
<FromUserName><![CDATA[oF75puGNtpA9xizvMgOgoIlRBLlU]]></FromUserName>
<CreateTime>1508844365</CreateTime>
<MsgType><![CDATA[event]]></MsgType>
<Event><![CDATA[submit_membercard_user_info]]></Event>
<CardId><![CDATA[pF75puEyXAmKKWwT2oY5KSs7BoCU]]></CardId>
<UserCardCode><![CDATA[063622663823]]></UserCardCode>
</xml>

2017-10-24 19:26:05 params :
------------
String:
array (
  'rule' => -2,
  'module' => '',
  'message' => 
  array (
    'tousername' => 'gh_2e5884978ea8',
    'fromusername' => 'oF75puGNtpA9xizvMgOgoIlRBLlU',
    'createtime' => '1508844365',
    'msgtype' => 'event',
    'event' => 'submit_membercard_user_info',
    'cardid' => 'pF75puEyXAmKKWwT2oY5KSs7BoCU',
    'usercardcode' => '063622663823',
    'from' => 'oF75puGNtpA9xizvMgOgoIlRBLlU',
    'to' => 'gh_2e5884978ea8',
    'time' => '1508844365',
    'type' => 'event',
  ),
)

2017-10-24 19:26:05 response :
------------

2017-10-24 19:32:27 trace :
------------
String:
<xml><ToUserName><![CDATA[gh_2e5884978ea8]]></ToUserName>
<FromUserName><![CDATA[oF75puO_I_woaspLYOZcdx2pNkDg]]></FromUserName>
<CreateTime>1508844747</CreateTime>
<MsgType><![CDATA[event]]></MsgType>
<Event><![CDATA[subscribe]]></Event>
<EventKey><![CDATA[]]></EventKey>
</xml>

2017-10-24 19:32:27 params :
------------
String:
array (
  'rule' => -2,
  'module' => '',
  'message' => 
  array (
    'tousername' => 'gh_2e5884978ea8',
    'fromusername' => 'oF75puO_I_woaspLYOZcdx2pNkDg',
    'createtime' => '1508844747',
    'msgtype' => 'event',
    'event' => 'subscribe',
    'eventkey' => '',
    'from' => 'oF75puO_I_woaspLYOZcdx2pNkDg',
    'to' => 'gh_2e5884978ea8',
    'time' => '1508844747',
    'type' => 'text',
    'redirection' => true,
    'source' => 'subscribe',
  ),
)

2017-10-24 19:32:27 response :
------------

2017-10-24 19:32:32 trace :
------------
String:
<xml><ToUserName><![CDATA[gh_2e5884978ea8]]></ToUserName>
<FromUserName><![CDATA[oF75puO_I_woaspLYOZcdx2pNkDg]]></FromUserName>
<CreateTime>1508844752</CreateTime>
<MsgType><![CDATA[event]]></MsgType>
<Event><![CDATA[LOCATION]]></Event>
<Latitude>24.972551</Latitude>
<Longitude>102.767044</Longitude>
<Precision>30.000000</Precision>
</xml>

2017-10-24 19:32:32 params :
------------
String:
array (
  'message' => 
  array (
    'tousername' => 'gh_2e5884978ea8',
    'fromusername' => 'oF75puO_I_woaspLYOZcdx2pNkDg',
    'createtime' => '1508844752',
    'msgtype' => 'event',
    'event' => 'LOCATION',
    'latitude' => '24.972551',
    'longitude' => '102.767044',
    'precision' => '30.000000',
    'from' => 'oF75puO_I_woaspLYOZcdx2pNkDg',
    'to' => 'gh_2e5884978ea8',
    'time' => '1508844752',
    'type' => 'trace',
    'location_x' => '24.972551',
    'location_y' => '102.767044',
  ),
  'module' => 'default',
  'rule' => '-1',
)

2017-10-24 19:32:32 response :
------------
Array:
errno : -1 ;
message : Invaild value ;

2017-10-24 19:39:38 trace :
------------
String:
<xml><ToUserName><![CDATA[gh_2e5884978ea8]]></ToUserName>
<FromUserName><![CDATA[oF75puCTB9rNWgSz_fz8b9MEzgos]]></FromUserName>
<CreateTime>1508845178</CreateTime>
<MsgType><![CDATA[event]]></MsgType>
<Event><![CDATA[LOCATION]]></Event>
<Latitude>30.329893</Latitude>
<Longitude>120.178375</Longitude>
<Precision>30.000000</Precision>
</xml>

2017-10-24 19:39:38 params :
------------
String:
array (
  'message' => 
  array (
    'tousername' => 'gh_2e5884978ea8',
    'fromusername' => 'oF75puCTB9rNWgSz_fz8b9MEzgos',
    'createtime' => '1508845178',
    'msgtype' => 'event',
    'event' => 'LOCATION',
    'latitude' => '30.329893',
    'longitude' => '120.178375',
    'precision' => '30.000000',
    'from' => 'oF75puCTB9rNWgSz_fz8b9MEzgos',
    'to' => 'gh_2e5884978ea8',
    'time' => '1508845178',
    'type' => 'trace',
    'location_x' => '30.329893',
    'location_y' => '120.178375',
  ),
  'module' => 'default',
  'rule' => '-1',
)

2017-10-24 19:39:38 response :
------------
Array:
errno : -1 ;
message : Invaild value ;

2017-10-24 20:21:57 trace :
------------
String:
<xml><ToUserName><![CDATA[gh_2e5884978ea8]]></ToUserName>
<FromUserName><![CDATA[oF75puHjmpLprGBN0cFBCHhwlnGk]]></FromUserName>
<CreateTime>1508847717</CreateTime>
<MsgType><![CDATA[event]]></MsgType>
<Event><![CDATA[LOCATION]]></Event>
<Latitude>30.329725</Latitude>
<Longitude>120.178841</Longitude>
<Precision>30.000000</Precision>
</xml>

2017-10-24 20:21:57 params :
------------
String:
array (
  'message' => 
  array (
    'tousername' => 'gh_2e5884978ea8',
    'fromusername' => 'oF75puHjmpLprGBN0cFBCHhwlnGk',
    'createtime' => '1508847717',
    'msgtype' => 'event',
    'event' => 'LOCATION',
    'latitude' => '30.329725',
    'longitude' => '120.178841',
    'precision' => '30.000000',
    'from' => 'oF75puHjmpLprGBN0cFBCHhwlnGk',
    'to' => 'gh_2e5884978ea8',
    'time' => '1508847717',
    'type' => 'trace',
    'location_x' => '30.329725',
    'location_y' => '120.178841',
  ),
  'module' => 'default',
  'rule' => '-1',
)

2017-10-24 20:21:57 response :
------------
Array:
errno : -1 ;
message : Invaild value ;

2017-10-24 20:22:05 trace :
------------
String:
<xml><ToUserName><![CDATA[gh_2e5884978ea8]]></ToUserName>
<FromUserName><![CDATA[oF75puHjmpLprGBN0cFBCHhwlnGk]]></FromUserName>
<CreateTime>1508847725</CreateTime>
<MsgType><![CDATA[event]]></MsgType>
<Event><![CDATA[LOCATION]]></Event>
<Latitude>30.329725</Latitude>
<Longitude>120.178841</Longitude>
<Precision>30.000000</Precision>
</xml>

2017-10-24 20:22:05 params :
------------
String:
array (
  'message' => 
  array (
    'tousername' => 'gh_2e5884978ea8',
    'fromusername' => 'oF75puHjmpLprGBN0cFBCHhwlnGk',
    'createtime' => '1508847725',
    'msgtype' => 'event',
    'event' => 'LOCATION',
    'latitude' => '30.329725',
    'longitude' => '120.178841',
    'precision' => '30.000000',
    'from' => 'oF75puHjmpLprGBN0cFBCHhwlnGk',
    'to' => 'gh_2e5884978ea8',
    'time' => '1508847725',
    'type' => 'trace',
    'location_x' => '30.329725',
    'location_y' => '120.178841',
  ),
  'module' => 'default',
  'rule' => '-1',
)

2017-10-24 20:22:05 response :
------------
Array:
errno : -1 ;
message : Invaild value ;

2017-10-24 20:23:28 trace :
------------
String:
<xml><ToUserName><![CDATA[gh_2e5884978ea8]]></ToUserName>
<FromUserName><![CDATA[oF75puEluh3tCMKlj7LKEB-X_v50]]></FromUserName>
<CreateTime>1508847808</CreateTime>
<MsgType><![CDATA[event]]></MsgType>
<Event><![CDATA[LOCATION]]></Event>
<Latitude>30.297314</Latitude>
<Longitude>120.209343</Longitude>
<Precision>65.000000</Precision>
</xml>

2017-10-24 20:23:28 params :
------------
String:
array (
  'message' => 
  array (
    'tousername' => 'gh_2e5884978ea8',
    'fromusername' => 'oF75puEluh3tCMKlj7LKEB-X_v50',
    'createtime' => '1508847808',
    'msgtype' => 'event',
    'event' => 'LOCATION',
    'latitude' => '30.297314',
    'longitude' => '120.209343',
    'precision' => '65.000000',
    'from' => 'oF75puEluh3tCMKlj7LKEB-X_v50',
    'to' => 'gh_2e5884978ea8',
    'time' => '1508847808',
    'type' => 'trace',
    'location_x' => '30.297314',
    'location_y' => '120.209343',
  ),
  'module' => 'default',
  'rule' => '-1',
)

2017-10-24 20:23:28 response :
------------
Array:
errno : -1 ;
message : Invaild value ;

2017-10-24 20:34:40 trace :
------------
String:
<xml><ToUserName><![CDATA[gh_2e5884978ea8]]></ToUserName>
<FromUserName><![CDATA[oF75puGX7cUlZ5G5uh0MxHwijjUE]]></FromUserName>
<CreateTime>1508848480</CreateTime>
<MsgType><![CDATA[event]]></MsgType>
<Event><![CDATA[LOCATION]]></Event>
<Latitude>30.329876</Latitude>
<Longitude>120.178833</Longitude>
<Precision>65.000000</Precision>
</xml>

2017-10-24 20:34:40 params :
------------
String:
array (
  'message' => 
  array (
    'tousername' => 'gh_2e5884978ea8',
    'fromusername' => 'oF75puGX7cUlZ5G5uh0MxHwijjUE',
    'createtime' => '1508848480',
    'msgtype' => 'event',
    'event' => 'LOCATION',
    'latitude' => '30.329876',
    'longitude' => '120.178833',
    'precision' => '65.000000',
    'from' => 'oF75puGX7cUlZ5G5uh0MxHwijjUE',
    'to' => 'gh_2e5884978ea8',
    'time' => '1508848480',
    'type' => 'trace',
    'location_x' => '30.329876',
    'location_y' => '120.178833',
  ),
  'module' => 'default',
  'rule' => '-1',
)

2017-10-24 20:34:40 response :
------------
Array:
errno : -1 ;
message : Invaild value ;

2017-10-24 20:47:25 trace :
------------
String:
<xml><ToUserName><![CDATA[gh_2e5884978ea8]]></ToUserName>
<FromUserName><![CDATA[oF75puGX7cUlZ5G5uh0MxHwijjUE]]></FromUserName>
<CreateTime>1508849245</CreateTime>
<MsgType><![CDATA[event]]></MsgType>
<Event><![CDATA[LOCATION]]></Event>
<Latitude>30.329844</Latitude>
<Longitude>120.178871</Longitude>
<Precision>65.000000</Precision>
</xml>

2017-10-24 20:47:25 params :
------------
String:
array (
  'message' => 
  array (
    'tousername' => 'gh_2e5884978ea8',
    'fromusername' => 'oF75puGX7cUlZ5G5uh0MxHwijjUE',
    'createtime' => '1508849245',
    'msgtype' => 'event',
    'event' => 'LOCATION',
    'latitude' => '30.329844',
    'longitude' => '120.178871',
    'precision' => '65.000000',
    'from' => 'oF75puGX7cUlZ5G5uh0MxHwijjUE',
    'to' => 'gh_2e5884978ea8',
    'time' => '1508849245',
    'type' => 'trace',
    'location_x' => '30.329844',
    'location_y' => '120.178871',
  ),
  'module' => 'default',
  'rule' => '-1',
)

2017-10-24 20:47:25 response :
------------
Array:
errno : -1 ;
message : Invaild value ;

2017-10-24 22:30:27 trace :
------------
String:
<xml><ToUserName><![CDATA[gh_2e5884978ea8]]></ToUserName>
<FromUserName><![CDATA[oF75puO_I_woaspLYOZcdx2pNkDg]]></FromUserName>
<CreateTime>1508855427</CreateTime>
<MsgType><![CDATA[event]]></MsgType>
<Event><![CDATA[LOCATION]]></Event>
<Latitude>24.975508</Latitude>
<Longitude>102.770477</Longitude>
<Precision>30.000000</Precision>
</xml>

2017-10-24 22:30:27 params :
------------
String:
array (
  'message' => 
  array (
    'tousername' => 'gh_2e5884978ea8',
    'fromusername' => 'oF75puO_I_woaspLYOZcdx2pNkDg',
    'createtime' => '1508855427',
    'msgtype' => 'event',
    'event' => 'LOCATION',
    'latitude' => '24.975508',
    'longitude' => '102.770477',
    'precision' => '30.000000',
    'from' => 'oF75puO_I_woaspLYOZcdx2pNkDg',
    'to' => 'gh_2e5884978ea8',
    'time' => '1508855427',
    'type' => 'trace',
    'location_x' => '24.975508',
    'location_y' => '102.770477',
  ),
  'module' => 'default',
  'rule' => '-1',
)

2017-10-24 22:30:27 response :
------------
Array:
errno : -1 ;
message : Invaild value ;

2017-10-24 22:30:47 trace :
------------
String:
<xml><ToUserName><![CDATA[gh_2e5884978ea8]]></ToUserName>
<FromUserName><![CDATA[oF75puO_I_woaspLYOZcdx2pNkDg]]></FromUserName>
<CreateTime>1508855447</CreateTime>
<MsgType><![CDATA[event]]></MsgType>
<Event><![CDATA[LOCATION]]></Event>
<Latitude>24.975525</Latitude>
<Longitude>102.770309</Longitude>
<Precision>30.000000</Precision>
</xml>

2017-10-24 22:30:47 params :
------------
String:
array (
  'message' => 
  array (
    'tousername' => 'gh_2e5884978ea8',
    'fromusername' => 'oF75puO_I_woaspLYOZcdx2pNkDg',
    'createtime' => '1508855447',
    'msgtype' => 'event',
    'event' => 'LOCATION',
    'latitude' => '24.975525',
    'longitude' => '102.770309',
    'precision' => '30.000000',
    'from' => 'oF75puO_I_woaspLYOZcdx2pNkDg',
    'to' => 'gh_2e5884978ea8',
    'time' => '1508855447',
    'type' => 'trace',
    'location_x' => '24.975525',
    'location_y' => '102.770309',
  ),
  'module' => 'default',
  'rule' => '-1',
)

2017-10-24 22:30:47 response :
------------
Array:
errno : -1 ;
message : Invaild value ;

2017-10-24 22:31:40 trace :
------------
String:
<xml><ToUserName><![CDATA[gh_2e5884978ea8]]></ToUserName>
<FromUserName><![CDATA[oF75puO_I_woaspLYOZcdx2pNkDg]]></FromUserName>
<CreateTime>1508855500</CreateTime>
<MsgType><![CDATA[event]]></MsgType>
<Event><![CDATA[LOCATION]]></Event>
<Latitude>24.975525</Latitude>
<Longitude>102.770309</Longitude>
<Precision>30.000000</Precision>
</xml>

2017-10-24 22:31:40 params :
------------
String:
array (
  'message' => 
  array (
    'tousername' => 'gh_2e5884978ea8',
    'fromusername' => 'oF75puO_I_woaspLYOZcdx2pNkDg',
    'createtime' => '1508855500',
    'msgtype' => 'event',
    'event' => 'LOCATION',
    'latitude' => '24.975525',
    'longitude' => '102.770309',
    'precision' => '30.000000',
    'from' => 'oF75puO_I_woaspLYOZcdx2pNkDg',
    'to' => 'gh_2e5884978ea8',
    'time' => '1508855500',
    'type' => 'trace',
    'location_x' => '24.975525',
    'location_y' => '102.770309',
  ),
  'module' => 'default',
  'rule' => '-1',
)

2017-10-24 22:31:40 response :
------------
Array:
errno : -1 ;
message : Invaild value ;

2017-10-24 22:31:43 trace :
------------
String:
<xml><ToUserName><![CDATA[gh_2e5884978ea8]]></ToUserName>
<FromUserName><![CDATA[oF75puO_I_woaspLYOZcdx2pNkDg]]></FromUserName>
<CreateTime>1508855502</CreateTime>
<MsgType><![CDATA[text]]></MsgType>
<Content><![CDATA[1]]></Content>
<MsgId>6480485035896522077</MsgId>
</xml>

2017-10-24 22:31:43 params :
------------
String:
array (
  'rule' => -2,
  'module' => '',
  'message' => 
  array (
    'tousername' => 'gh_2e5884978ea8',
    'fromusername' => 'oF75puO_I_woaspLYOZcdx2pNkDg',
    'createtime' => '1508855502',
    'msgtype' => 'text',
    'content' => '1',
    'msgid' => '6480485035896522077',
    'from' => 'oF75puO_I_woaspLYOZcdx2pNkDg',
    'to' => 'gh_2e5884978ea8',
    'time' => '1508855502',
    'type' => 'text',
    'event' => NULL,
    'redirection' => false,
    'source' => NULL,
  ),
)

2017-10-24 22:31:43 response :
------------

2017-10-24 22:32:03 trace :
------------
String:
<xml><ToUserName><![CDATA[gh_2e5884978ea8]]></ToUserName>
<FromUserName><![CDATA[oF75puO_I_woaspLYOZcdx2pNkDg]]></FromUserName>
<CreateTime>1508855523</CreateTime>
<MsgType><![CDATA[event]]></MsgType>
<Event><![CDATA[LOCATION]]></Event>
<Latitude>24.975573</Latitude>
<Longitude>102.770432</Longitude>
<Precision>30.000000</Precision>
</xml>

2017-10-24 22:32:03 params :
------------
String:
array (
  'message' => 
  array (
    'tousername' => 'gh_2e5884978ea8',
    'fromusername' => 'oF75puO_I_woaspLYOZcdx2pNkDg',
    'createtime' => '1508855523',
    'msgtype' => 'event',
    'event' => 'LOCATION',
    'latitude' => '24.975573',
    'longitude' => '102.770432',
    'precision' => '30.000000',
    'from' => 'oF75puO_I_woaspLYOZcdx2pNkDg',
    'to' => 'gh_2e5884978ea8',
    'time' => '1508855523',
    'type' => 'trace',
    'location_x' => '24.975573',
    'location_y' => '102.770432',
  ),
  'module' => 'default',
  'rule' => '-1',
)

2017-10-24 22:32:03 response :
------------
Array:
errno : -1 ;
message : Invaild value ;

