2018-01-02 17:15:42 trace :
------------
String:
<xml><ToUserName><![CDATA[gh_2e5884978ea8]]></ToUserName>
<FromUserName><![CDATA[oF75puCORqhCCO6IsTWk-PtpoXr0]]></FromUserName>
<CreateTime>1514884542</CreateTime>
<MsgType><![CDATA[event]]></MsgType>
<Event><![CDATA[subscribe]]></Event>
<EventKey><![CDATA[]]></EventKey>
</xml>

2018-01-02 17:15:42 params :
------------
String:
array (
  'rule' => -2,
  'module' => '',
  'message' => 
  array (
    'tousername' => 'gh_2e5884978ea8',
    'fromusername' => 'oF75puCORqhCCO6IsTWk-PtpoXr0',
    'createtime' => '1514884542',
    'msgtype' => 'event',
    'event' => 'subscribe',
    'eventkey' => '',
    'from' => 'oF75puCORqhCCO6IsTWk-PtpoXr0',
    'to' => 'gh_2e5884978ea8',
    'time' => '1514884542',
    'type' => 'text',
    'redirection' => true,
    'source' => 'subscribe',
  ),
)

2018-01-02 17:15:42 response :
------------

2018-01-02 17:15:45 trace :
------------
String:
<xml><ToUserName><![CDATA[gh_2e5884978ea8]]></ToUserName>
<FromUserName><![CDATA[oF75puCORqhCCO6IsTWk-PtpoXr0]]></FromUserName>
<CreateTime>1514884545</CreateTime>
<MsgType><![CDATA[event]]></MsgType>
<Event><![CDATA[LOCATION]]></Event>
<Latitude>30.297026</Latitude>
<Longitude>120.209396</Longitude>
<Precision>22.464964</Precision>
</xml>

2018-01-02 17:15:45 params :
------------
String:
array (
  'message' => 
  array (
    'tousername' => 'gh_2e5884978ea8',
    'fromusername' => 'oF75puCORqhCCO6IsTWk-PtpoXr0',
    'createtime' => '1514884545',
    'msgtype' => 'event',
    'event' => 'LOCATION',
    'latitude' => '30.297026',
    'longitude' => '120.209396',
    'precision' => '22.464964',
    'from' => 'oF75puCORqhCCO6IsTWk-PtpoXr0',
    'to' => 'gh_2e5884978ea8',
    'time' => '1514884545',
    'type' => 'trace',
    'location_x' => '30.297026',
    'location_y' => '120.209396',
  ),
  'module' => 'default',
  'rule' => '-1',
)

2018-01-02 17:15:45 response :
------------
Array:
errno : -1 ;
message : Invaild value ;

2018-01-02 17:15:48 trace :
------------
String:
<xml><ToUserName><![CDATA[gh_2e5884978ea8]]></ToUserName>
<FromUserName><![CDATA[oF75puCORqhCCO6IsTWk-PtpoXr0]]></FromUserName>
<CreateTime>1514884537</CreateTime>
<MsgType><![CDATA[event]]></MsgType>
<Event><![CDATA[unsubscribe]]></Event>
<EventKey><![CDATA[]]></EventKey>
</xml>

2018-01-02 17:17:00 trace :
------------
String:
<xml><ToUserName><![CDATA[gh_2e5884978ea8]]></ToUserName>
<FromUserName><![CDATA[oF75puHyjq56k606ZuUGqewfGUSc]]></FromUserName>
<CreateTime>1514884620</CreateTime>
<MsgType><![CDATA[event]]></MsgType>
<Event><![CDATA[user_get_card]]></Event>
<CardId><![CDATA[pF75puEyXAmKKWwT2oY5KSs7BoCU]]></CardId>
<IsGiveByFriend>0</IsGiveByFriend>
<UserCardCode><![CDATA[096606524985]]></UserCardCode>
<FriendUserName><![CDATA[]]></FriendUserName>
<OuterId>0</OuterId>
<OldUserCardCode><![CDATA[]]></OldUserCardCode>
<IsRestoreMemberCard>0</IsRestoreMemberCard>
<IsRecommendByFriend>0</IsRecommendByFriend>
<SourceScene><![CDATA[SOURCE_SCENE_MP_QRCODE]]></SourceScene>
</xml>

2018-01-02 17:17:00 params :
------------
String:
array (
  'rule' => -2,
  'module' => '',
  'message' => 
  array (
    'tousername' => 'gh_2e5884978ea8',
    'fromusername' => 'oF75puHyjq56k606ZuUGqewfGUSc',
    'createtime' => '1514884620',
    'msgtype' => 'event',
    'event' => 'user_get_card',
    'cardid' => 'pF75puEyXAmKKWwT2oY5KSs7BoCU',
    'isgivebyfriend' => '0',
    'usercardcode' => '096606524985',
    'friendusername' => '',
    'outerid' => '0',
    'oldusercardcode' => '',
    'isrestoremembercard' => '0',
    'isrecommendbyfriend' => '0',
    'sourcescene' => 'SOURCE_SCENE_MP_QRCODE',
    'from' => 'oF75puHyjq56k606ZuUGqewfGUSc',
    'to' => 'gh_2e5884978ea8',
    'time' => '1514884620',
    'type' => 'coupon',
  ),
)

2018-01-02 17:17:00 response :
------------

2018-01-02 17:17:00 trace :
------------
String:
<xml><ToUserName><![CDATA[gh_2e5884978ea8]]></ToUserName>
<FromUserName><![CDATA[oF75puHyjq56k606ZuUGqewfGUSc]]></FromUserName>
<CreateTime>1514884620</CreateTime>
<MsgType><![CDATA[event]]></MsgType>
<Event><![CDATA[user_view_card]]></Event>
<CardId><![CDATA[pF75puEyXAmKKWwT2oY5KSs7BoCU]]></CardId>
<UserCardCode><![CDATA[096606524985]]></UserCardCode>
<OuterStr><![CDATA[]]></OuterStr>
</xml>

2018-01-02 17:17:00 params :
------------
String:
array (
  'rule' => -2,
  'module' => '',
  'message' => 
  array (
    'tousername' => 'gh_2e5884978ea8',
    'fromusername' => 'oF75puHyjq56k606ZuUGqewfGUSc',
    'createtime' => '1514884620',
    'msgtype' => 'event',
    'event' => 'user_view_card',
    'cardid' => 'pF75puEyXAmKKWwT2oY5KSs7BoCU',
    'usercardcode' => '096606524985',
    'outerstr' => '',
    'from' => 'oF75puHyjq56k606ZuUGqewfGUSc',
    'to' => 'gh_2e5884978ea8',
    'time' => '1514884620',
    'type' => 'event',
  ),
)

2018-01-02 17:17:00 response :
------------

2018-01-02 17:17:01 trace :
------------
String:
<xml><ToUserName><![CDATA[gh_2e5884978ea8]]></ToUserName>
<FromUserName><![CDATA[oF75puHyjq56k606ZuUGqewfGUSc]]></FromUserName>
<CreateTime>1514884620</CreateTime>
<MsgType><![CDATA[event]]></MsgType>
<Event><![CDATA[subscribe]]></Event>
<EventKey><![CDATA[card]]></EventKey>
</xml>

2018-01-02 17:17:01 params :
------------
String:
array (
  'rule' => -2,
  'module' => '',
  'message' => 
  array (
    'tousername' => 'gh_2e5884978ea8',
    'fromusername' => 'oF75puHyjq56k606ZuUGqewfGUSc',
    'createtime' => '1514884620',
    'msgtype' => 'event',
    'event' => 'subscribe',
    'eventkey' => 'card',
    'from' => 'oF75puHyjq56k606ZuUGqewfGUSc',
    'to' => 'gh_2e5884978ea8',
    'time' => '1514884620',
    'type' => 'text',
    'scene' => 'card',
    'redirection' => true,
    'source' => 'subscribe',
  ),
)

2018-01-02 17:17:01 response :
------------

2018-01-02 17:17:13 trace :
------------
String:
<xml><ToUserName><![CDATA[gh_2e5884978ea8]]></ToUserName>
<FromUserName><![CDATA[oF75puNJouuYneRMjXbe7BVTEDG8]]></FromUserName>
<CreateTime>1514884633</CreateTime>
<MsgType><![CDATA[event]]></MsgType>
<Event><![CDATA[LOCATION]]></Event>
<Latitude>30.572191</Latitude>
<Longitude>114.272011</Longitude>
<Precision>30.000000</Precision>
</xml>

2018-01-02 17:17:13 params :
------------
String:
array (
  'message' => 
  array (
    'tousername' => 'gh_2e5884978ea8',
    'fromusername' => 'oF75puNJouuYneRMjXbe7BVTEDG8',
    'createtime' => '1514884633',
    'msgtype' => 'event',
    'event' => 'LOCATION',
    'latitude' => '30.572191',
    'longitude' => '114.272011',
    'precision' => '30.000000',
    'from' => 'oF75puNJouuYneRMjXbe7BVTEDG8',
    'to' => 'gh_2e5884978ea8',
    'time' => '1514884633',
    'type' => 'trace',
    'location_x' => '30.572191',
    'location_y' => '114.272011',
  ),
  'module' => 'default',
  'rule' => '-1',
)

2018-01-02 17:17:13 response :
------------
Array:
errno : -1 ;
message : Invaild value ;

2018-01-02 17:17:28 trace :
------------
String:
<xml><ToUserName><![CDATA[gh_2e5884978ea8]]></ToUserName>
<FromUserName><![CDATA[oF75puHyjq56k606ZuUGqewfGUSc]]></FromUserName>
<CreateTime>1514884648</CreateTime>
<MsgType><![CDATA[event]]></MsgType>
<Event><![CDATA[user_view_card]]></Event>
<CardId><![CDATA[pF75puEyXAmKKWwT2oY5KSs7BoCU]]></CardId>
<UserCardCode><![CDATA[096606524985]]></UserCardCode>
<OuterStr><![CDATA[]]></OuterStr>
</xml>

2018-01-02 17:17:28 params :
------------
String:
array (
  'rule' => -2,
  'module' => '',
  'message' => 
  array (
    'tousername' => 'gh_2e5884978ea8',
    'fromusername' => 'oF75puHyjq56k606ZuUGqewfGUSc',
    'createtime' => '1514884648',
    'msgtype' => 'event',
    'event' => 'user_view_card',
    'cardid' => 'pF75puEyXAmKKWwT2oY5KSs7BoCU',
    'usercardcode' => '096606524985',
    'outerstr' => '',
    'from' => 'oF75puHyjq56k606ZuUGqewfGUSc',
    'to' => 'gh_2e5884978ea8',
    'time' => '1514884648',
    'type' => 'event',
  ),
)

2018-01-02 17:17:28 response :
------------

2018-01-02 17:18:59 trace :
------------
String:
<xml><ToUserName><![CDATA[gh_2e5884978ea8]]></ToUserName>
<FromUserName><![CDATA[oF75puAfjvZKY769rci2PQ_hxV1c]]></FromUserName>
<CreateTime>1514884739</CreateTime>
<MsgType><![CDATA[event]]></MsgType>
<Event><![CDATA[LOCATION]]></Event>
<Latitude>35.096416</Latitude>
<Longitude>117.150436</Longitude>
<Precision>30.000000</Precision>
</xml>

2018-01-02 17:18:59 params :
------------
String:
array (
  'message' => 
  array (
    'tousername' => 'gh_2e5884978ea8',
    'fromusername' => 'oF75puAfjvZKY769rci2PQ_hxV1c',
    'createtime' => '1514884739',
    'msgtype' => 'event',
    'event' => 'LOCATION',
    'latitude' => '35.096416',
    'longitude' => '117.150436',
    'precision' => '30.000000',
    'from' => 'oF75puAfjvZKY769rci2PQ_hxV1c',
    'to' => 'gh_2e5884978ea8',
    'time' => '1514884739',
    'type' => 'trace',
    'location_x' => '35.096416',
    'location_y' => '117.150436',
  ),
  'module' => 'default',
  'rule' => '-1',
)

2018-01-02 17:18:59 response :
------------
Array:
errno : -1 ;
message : Invaild value ;

2018-01-02 17:22:27 trace :
------------
String:
<xml><ToUserName><![CDATA[gh_2e5884978ea8]]></ToUserName>
<FromUserName><![CDATA[oF75puN-XCygHi4Z3Y-4arh1iECU]]></FromUserName>
<CreateTime>1514884947</CreateTime>
<MsgType><![CDATA[event]]></MsgType>
<Event><![CDATA[subscribe]]></Event>
<EventKey><![CDATA[]]></EventKey>
</xml>

2018-01-02 17:22:27 params :
------------
String:
array (
  'rule' => -2,
  'module' => '',
  'message' => 
  array (
    'tousername' => 'gh_2e5884978ea8',
    'fromusername' => 'oF75puN-XCygHi4Z3Y-4arh1iECU',
    'createtime' => '1514884947',
    'msgtype' => 'event',
    'event' => 'subscribe',
    'eventkey' => '',
    'from' => 'oF75puN-XCygHi4Z3Y-4arh1iECU',
    'to' => 'gh_2e5884978ea8',
    'time' => '1514884947',
    'type' => 'text',
    'redirection' => true,
    'source' => 'subscribe',
  ),
)

2018-01-02 17:22:27 response :
------------

2018-01-02 17:29:40 trace :
------------
String:
<xml><ToUserName><![CDATA[gh_2e5884978ea8]]></ToUserName>
<FromUserName><![CDATA[oF75puFR5sP8FK-u14X-EDOjYS24]]></FromUserName>
<CreateTime>1514885380</CreateTime>
<MsgType><![CDATA[event]]></MsgType>
<Event><![CDATA[LOCATION]]></Event>
<Latitude>30.280308</Latitude>
<Longitude>120.180687</Longitude>
<Precision>30.000000</Precision>
</xml>

2018-01-02 17:29:40 params :
------------
String:
array (
  'message' => 
  array (
    'tousername' => 'gh_2e5884978ea8',
    'fromusername' => 'oF75puFR5sP8FK-u14X-EDOjYS24',
    'createtime' => '1514885380',
    'msgtype' => 'event',
    'event' => 'LOCATION',
    'latitude' => '30.280308',
    'longitude' => '120.180687',
    'precision' => '30.000000',
    'from' => 'oF75puFR5sP8FK-u14X-EDOjYS24',
    'to' => 'gh_2e5884978ea8',
    'time' => '1514885380',
    'type' => 'trace',
    'location_x' => '30.280308',
    'location_y' => '120.180687',
  ),
  'module' => 'default',
  'rule' => '-1',
)

2018-01-02 17:29:40 response :
------------
Array:
errno : -1 ;
message : Invaild value ;

2018-01-02 17:29:45 trace :
------------
String:
<xml><ToUserName><![CDATA[gh_2e5884978ea8]]></ToUserName>
<FromUserName><![CDATA[oF75puFR5sP8FK-u14X-EDOjYS24]]></FromUserName>
<CreateTime>1514885385</CreateTime>
<MsgType><![CDATA[event]]></MsgType>
<Event><![CDATA[LOCATION]]></Event>
<Latitude>30.280308</Latitude>
<Longitude>120.180687</Longitude>
<Precision>30.000000</Precision>
</xml>

2018-01-02 17:29:45 params :
------------
String:
array (
  'message' => 
  array (
    'tousername' => 'gh_2e5884978ea8',
    'fromusername' => 'oF75puFR5sP8FK-u14X-EDOjYS24',
    'createtime' => '1514885385',
    'msgtype' => 'event',
    'event' => 'LOCATION',
    'latitude' => '30.280308',
    'longitude' => '120.180687',
    'precision' => '30.000000',
    'from' => 'oF75puFR5sP8FK-u14X-EDOjYS24',
    'to' => 'gh_2e5884978ea8',
    'time' => '1514885385',
    'type' => 'trace',
    'location_x' => '30.280308',
    'location_y' => '120.180687',
  ),
  'module' => 'default',
  'rule' => '-1',
)

2018-01-02 17:29:45 response :
------------
Array:
errno : -1 ;
message : Invaild value ;

2018-01-02 17:31:13 trace :
------------
String:
<xml><ToUserName><![CDATA[gh_2e5884978ea8]]></ToUserName>
<FromUserName><![CDATA[oF75puFR5sP8FK-u14X-EDOjYS24]]></FromUserName>
<CreateTime>1514885472</CreateTime>
<MsgType><![CDATA[event]]></MsgType>
<Event><![CDATA[LOCATION]]></Event>
<Latitude>30.280306</Latitude>
<Longitude>120.180656</Longitude>
<Precision>30.000000</Precision>
</xml>

2018-01-02 17:31:13 params :
------------
String:
array (
  'message' => 
  array (
    'tousername' => 'gh_2e5884978ea8',
    'fromusername' => 'oF75puFR5sP8FK-u14X-EDOjYS24',
    'createtime' => '1514885472',
    'msgtype' => 'event',
    'event' => 'LOCATION',
    'latitude' => '30.280306',
    'longitude' => '120.180656',
    'precision' => '30.000000',
    'from' => 'oF75puFR5sP8FK-u14X-EDOjYS24',
    'to' => 'gh_2e5884978ea8',
    'time' => '1514885472',
    'type' => 'trace',
    'location_x' => '30.280306',
    'location_y' => '120.180656',
  ),
  'module' => 'default',
  'rule' => '-1',
)

2018-01-02 17:31:13 response :
------------
Array:
errno : -1 ;
message : Invaild value ;

2018-01-02 17:31:21 trace :
------------
String:
<xml><ToUserName><![CDATA[gh_2e5884978ea8]]></ToUserName>
<FromUserName><![CDATA[oF75puFR5sP8FK-u14X-EDOjYS24]]></FromUserName>
<CreateTime>1514885480</CreateTime>
<MsgType><![CDATA[event]]></MsgType>
<Event><![CDATA[LOCATION]]></Event>
<Latitude>30.280306</Latitude>
<Longitude>120.180656</Longitude>
<Precision>30.000000</Precision>
</xml>

2018-01-02 17:31:21 params :
------------
String:
array (
  'message' => 
  array (
    'tousername' => 'gh_2e5884978ea8',
    'fromusername' => 'oF75puFR5sP8FK-u14X-EDOjYS24',
    'createtime' => '1514885480',
    'msgtype' => 'event',
    'event' => 'LOCATION',
    'latitude' => '30.280306',
    'longitude' => '120.180656',
    'precision' => '30.000000',
    'from' => 'oF75puFR5sP8FK-u14X-EDOjYS24',
    'to' => 'gh_2e5884978ea8',
    'time' => '1514885480',
    'type' => 'trace',
    'location_x' => '30.280306',
    'location_y' => '120.180656',
  ),
  'module' => 'default',
  'rule' => '-1',
)

2018-01-02 17:31:21 response :
------------
Array:
errno : -1 ;
message : Invaild value ;

2018-01-02 17:32:35 trace :
------------
String:
<xml><ToUserName><![CDATA[gh_2e5884978ea8]]></ToUserName>
<FromUserName><![CDATA[oF75puFR5sP8FK-u14X-EDOjYS24]]></FromUserName>
<CreateTime>1514885555</CreateTime>
<MsgType><![CDATA[event]]></MsgType>
<Event><![CDATA[LOCATION]]></Event>
<Latitude>30.280308</Latitude>
<Longitude>120.180672</Longitude>
<Precision>30.000000</Precision>
</xml>

2018-01-02 17:32:35 params :
------------
String:
array (
  'message' => 
  array (
    'tousername' => 'gh_2e5884978ea8',
    'fromusername' => 'oF75puFR5sP8FK-u14X-EDOjYS24',
    'createtime' => '1514885555',
    'msgtype' => 'event',
    'event' => 'LOCATION',
    'latitude' => '30.280308',
    'longitude' => '120.180672',
    'precision' => '30.000000',
    'from' => 'oF75puFR5sP8FK-u14X-EDOjYS24',
    'to' => 'gh_2e5884978ea8',
    'time' => '1514885555',
    'type' => 'trace',
    'location_x' => '30.280308',
    'location_y' => '120.180672',
  ),
  'module' => 'default',
  'rule' => '-1',
)

2018-01-02 17:32:35 response :
------------
Array:
errno : -1 ;
message : Invaild value ;

2018-01-02 17:51:35 trace :
------------
String:
<xml><ToUserName><![CDATA[gh_2e5884978ea8]]></ToUserName>
<FromUserName><![CDATA[oF75puHWijWLgCeFHrJAyjCxti4Y]]></FromUserName>
<CreateTime>1514886695</CreateTime>
<MsgType><![CDATA[event]]></MsgType>
<Event><![CDATA[subscribe]]></Event>
<EventKey><![CDATA[]]></EventKey>
</xml>

2018-01-02 17:51:35 params :
------------
String:
array (
  'rule' => -2,
  'module' => '',
  'message' => 
  array (
    'tousername' => 'gh_2e5884978ea8',
    'fromusername' => 'oF75puHWijWLgCeFHrJAyjCxti4Y',
    'createtime' => '1514886695',
    'msgtype' => 'event',
    'event' => 'subscribe',
    'eventkey' => '',
    'from' => 'oF75puHWijWLgCeFHrJAyjCxti4Y',
    'to' => 'gh_2e5884978ea8',
    'time' => '1514886695',
    'type' => 'text',
    'redirection' => true,
    'source' => 'subscribe',
  ),
)

2018-01-02 17:51:35 response :
------------

2018-01-02 17:53:05 trace :
------------
String:
<xml><ToUserName><![CDATA[gh_2e5884978ea8]]></ToUserName>
<FromUserName><![CDATA[oF75puLGJFJQAXq1ILK8ZyTrybK4]]></FromUserName>
<CreateTime>1514886785</CreateTime>
<MsgType><![CDATA[event]]></MsgType>
<Event><![CDATA[subscribe]]></Event>
<EventKey><![CDATA[]]></EventKey>
</xml>

2018-01-02 17:53:05 params :
------------
String:
array (
  'rule' => -2,
  'module' => '',
  'message' => 
  array (
    'tousername' => 'gh_2e5884978ea8',
    'fromusername' => 'oF75puLGJFJQAXq1ILK8ZyTrybK4',
    'createtime' => '1514886785',
    'msgtype' => 'event',
    'event' => 'subscribe',
    'eventkey' => '',
    'from' => 'oF75puLGJFJQAXq1ILK8ZyTrybK4',
    'to' => 'gh_2e5884978ea8',
    'time' => '1514886785',
    'type' => 'text',
    'redirection' => true,
    'source' => 'subscribe',
  ),
)

2018-01-02 17:53:05 response :
------------

2018-01-02 17:53:41 trace :
------------
String:
<xml><ToUserName><![CDATA[gh_2e5884978ea8]]></ToUserName>
<FromUserName><![CDATA[oF75puLGJFJQAXq1ILK8ZyTrybK4]]></FromUserName>
<CreateTime>1514886821</CreateTime>
<MsgType><![CDATA[text]]></MsgType>
<Content><![CDATA[优惠券]]></Content>
<MsgId>6506389353754216048</MsgId>
</xml>

2018-01-02 17:53:41 params :
------------
String:
array (
  'rule' => -2,
  'module' => '',
  'message' => 
  array (
    'tousername' => 'gh_2e5884978ea8',
    'fromusername' => 'oF75puLGJFJQAXq1ILK8ZyTrybK4',
    'createtime' => '1514886821',
    'msgtype' => 'text',
    'content' => '优惠券',
    'msgid' => '6506389353754216048',
    'from' => 'oF75puLGJFJQAXq1ILK8ZyTrybK4',
    'to' => 'gh_2e5884978ea8',
    'time' => '1514886821',
    'type' => 'text',
    'event' => NULL,
    'redirection' => false,
    'source' => NULL,
  ),
)

2018-01-02 17:53:41 response :
------------

2018-01-02 18:05:34 trace :
------------
String:
<xml><ToUserName><![CDATA[gh_2e5884978ea8]]></ToUserName>
<FromUserName><![CDATA[oF75puPZ7A-MXeWtSmIua2zZB3rM]]></FromUserName>
<CreateTime>1514887534</CreateTime>
<MsgType><![CDATA[event]]></MsgType>
<Event><![CDATA[LOCATION]]></Event>
<Latitude>31.980145</Latitude>
<Longitude>118.793076</Longitude>
<Precision>65.000000</Precision>
</xml>

2018-01-02 18:05:34 params :
------------
String:
array (
  'message' => 
  array (
    'tousername' => 'gh_2e5884978ea8',
    'fromusername' => 'oF75puPZ7A-MXeWtSmIua2zZB3rM',
    'createtime' => '1514887534',
    'msgtype' => 'event',
    'event' => 'LOCATION',
    'latitude' => '31.980145',
    'longitude' => '118.793076',
    'precision' => '65.000000',
    'from' => 'oF75puPZ7A-MXeWtSmIua2zZB3rM',
    'to' => 'gh_2e5884978ea8',
    'time' => '1514887534',
    'type' => 'trace',
    'location_x' => '31.980145',
    'location_y' => '118.793076',
  ),
  'module' => 'default',
  'rule' => '-1',
)

2018-01-02 18:05:34 response :
------------
Array:
errno : -1 ;
message : Invaild value ;

2018-01-02 18:09:22 trace :
------------
String:
<xml><ToUserName><![CDATA[gh_2e5884978ea8]]></ToUserName>
<FromUserName><![CDATA[oF75puLThr6rGV4uYtstuL7ds61Y]]></FromUserName>
<CreateTime>1514887762</CreateTime>
<MsgType><![CDATA[event]]></MsgType>
<Event><![CDATA[LOCATION]]></Event>
<Latitude>32.499660</Latitude>
<Longitude>119.922203</Longitude>
<Precision>30.000000</Precision>
</xml>

2018-01-02 18:09:22 params :
------------
String:
array (
  'message' => 
  array (
    'tousername' => 'gh_2e5884978ea8',
    'fromusername' => 'oF75puLThr6rGV4uYtstuL7ds61Y',
    'createtime' => '1514887762',
    'msgtype' => 'event',
    'event' => 'LOCATION',
    'latitude' => '32.499660',
    'longitude' => '119.922203',
    'precision' => '30.000000',
    'from' => 'oF75puLThr6rGV4uYtstuL7ds61Y',
    'to' => 'gh_2e5884978ea8',
    'time' => '1514887762',
    'type' => 'trace',
    'location_x' => '32.499660',
    'location_y' => '119.922203',
  ),
  'module' => 'default',
  'rule' => '-1',
)

2018-01-02 18:09:22 response :
------------
Array:
errno : -1 ;
message : Invaild value ;

2018-01-02 18:10:12 trace :
------------
String:
<xml><ToUserName><![CDATA[gh_2e5884978ea8]]></ToUserName>
<FromUserName><![CDATA[oF75puP679wVnd0m6Yk10iNf54jI]]></FromUserName>
<CreateTime>1514887812</CreateTime>
<MsgType><![CDATA[event]]></MsgType>
<Event><![CDATA[subscribe]]></Event>
<EventKey><![CDATA[]]></EventKey>
</xml>

2018-01-02 18:10:12 params :
------------
String:
array (
  'rule' => -2,
  'module' => '',
  'message' => 
  array (
    'tousername' => 'gh_2e5884978ea8',
    'fromusername' => 'oF75puP679wVnd0m6Yk10iNf54jI',
    'createtime' => '1514887812',
    'msgtype' => 'event',
    'event' => 'subscribe',
    'eventkey' => '',
    'from' => 'oF75puP679wVnd0m6Yk10iNf54jI',
    'to' => 'gh_2e5884978ea8',
    'time' => '1514887812',
    'type' => 'text',
    'redirection' => true,
    'source' => 'subscribe',
  ),
)

2018-01-02 18:10:12 response :
------------

2018-01-02 18:10:52 trace :
------------
String:
<xml><ToUserName><![CDATA[gh_2e5884978ea8]]></ToUserName>
<FromUserName><![CDATA[oF75puP679wVnd0m6Yk10iNf54jI]]></FromUserName>
<CreateTime>1514887852</CreateTime>
<MsgType><![CDATA[image]]></MsgType>
<PicUrl><![CDATA[http://mmbiz.qpic.cn/mmbiz_jpg/HxBdbYy9rIpcF3A14VEQeAhj2zIkViaCLEOCsqia8H9BIWXMesVrwqKxUwW89k7rb5K42MEiaxY7IBPsxCqgTWNPA/0]]></PicUrl>
<MsgId>6506393781865498415</MsgId>
<MediaId><![CDATA[dNpjVrUy9RjD0rRCGrvfQ1hciBiN6I2dBedrwaNwQ_uApgg7MdPmWM5BvmWsPd6i]]></MediaId>
</xml>

2018-01-02 18:10:53 params :
------------
String:
array (
  'rule' => -2,
  'module' => '',
  'message' => 
  array (
    'tousername' => 'gh_2e5884978ea8',
    'fromusername' => 'oF75puP679wVnd0m6Yk10iNf54jI',
    'createtime' => '1514887852',
    'msgtype' => 'image',
    'picurl' => 'http://mmbiz.qpic.cn/mmbiz_jpg/HxBdbYy9rIpcF3A14VEQeAhj2zIkViaCLEOCsqia8H9BIWXMesVrwqKxUwW89k7rb5K42MEiaxY7IBPsxCqgTWNPA/0',
    'msgid' => '6506393781865498415',
    'mediaid' => 'dNpjVrUy9RjD0rRCGrvfQ1hciBiN6I2dBedrwaNwQ_uApgg7MdPmWM5BvmWsPd6i',
    'from' => 'oF75puP679wVnd0m6Yk10iNf54jI',
    'to' => 'gh_2e5884978ea8',
    'time' => '1514887852',
    'type' => 'image',
    'event' => NULL,
    'url' => 'http://mmbiz.qpic.cn/mmbiz_jpg/HxBdbYy9rIpcF3A14VEQeAhj2zIkViaCLEOCsqia8H9BIWXMesVrwqKxUwW89k7rb5K42MEiaxY7IBPsxCqgTWNPA/0',
  ),
)

2018-01-02 18:10:53 response :
------------

2018-01-02 18:15:35 trace :
------------
String:
<xml><ToUserName><![CDATA[gh_2e5884978ea8]]></ToUserName>
<FromUserName><![CDATA[oF75puIKg5aPAEpb31E8dGDRdyNQ]]></FromUserName>
<CreateTime>1514888135</CreateTime>
<MsgType><![CDATA[event]]></MsgType>
<Event><![CDATA[LOCATION]]></Event>
<Latitude>30.182400</Latitude>
<Longitude>120.156029</Longitude>
<Precision>30.000000</Precision>
</xml>

2018-01-02 18:15:35 params :
------------
String:
array (
  'message' => 
  array (
    'tousername' => 'gh_2e5884978ea8',
    'fromusername' => 'oF75puIKg5aPAEpb31E8dGDRdyNQ',
    'createtime' => '1514888135',
    'msgtype' => 'event',
    'event' => 'LOCATION',
    'latitude' => '30.182400',
    'longitude' => '120.156029',
    'precision' => '30.000000',
    'from' => 'oF75puIKg5aPAEpb31E8dGDRdyNQ',
    'to' => 'gh_2e5884978ea8',
    'time' => '1514888135',
    'type' => 'trace',
    'location_x' => '30.182400',
    'location_y' => '120.156029',
  ),
  'module' => 'default',
  'rule' => '-1',
)

2018-01-02 18:15:35 response :
------------
Array:
errno : -1 ;
message : Invaild value ;

2018-01-02 18:16:05 trace :
------------
String:
<xml><ToUserName><![CDATA[gh_2e5884978ea8]]></ToUserName>
<FromUserName><![CDATA[oF75puK05uy17QHyhZaH8EBWti4A]]></FromUserName>
<CreateTime>1514888165</CreateTime>
<MsgType><![CDATA[event]]></MsgType>
<Event><![CDATA[LOCATION]]></Event>
<Latitude>40.406067</Latitude>
<Longitude>115.515274</Longitude>
<Precision>30.000000</Precision>
</xml>

2018-01-02 18:16:05 params :
------------
String:
array (
  'message' => 
  array (
    'tousername' => 'gh_2e5884978ea8',
    'fromusername' => 'oF75puK05uy17QHyhZaH8EBWti4A',
    'createtime' => '1514888165',
    'msgtype' => 'event',
    'event' => 'LOCATION',
    'latitude' => '40.406067',
    'longitude' => '115.515274',
    'precision' => '30.000000',
    'from' => 'oF75puK05uy17QHyhZaH8EBWti4A',
    'to' => 'gh_2e5884978ea8',
    'time' => '1514888165',
    'type' => 'trace',
    'location_x' => '40.406067',
    'location_y' => '115.515274',
  ),
  'module' => 'default',
  'rule' => '-1',
)

2018-01-02 18:16:05 response :
------------
Array:
errno : -1 ;
message : Invaild value ;

2018-01-02 18:16:54 trace :
------------
String:
<xml><ToUserName><![CDATA[gh_2e5884978ea8]]></ToUserName>
<FromUserName><![CDATA[oF75puN0Rrd53J-bFt2BrpbZ4KWU]]></FromUserName>
<CreateTime>1514888214</CreateTime>
<MsgType><![CDATA[event]]></MsgType>
<Event><![CDATA[LOCATION]]></Event>
<Latitude>34.801250</Latitude>
<Longitude>114.343452</Longitude>
<Precision>30.000000</Precision>
</xml>

2018-01-02 18:16:54 params :
------------
String:
array (
  'message' => 
  array (
    'tousername' => 'gh_2e5884978ea8',
    'fromusername' => 'oF75puN0Rrd53J-bFt2BrpbZ4KWU',
    'createtime' => '1514888214',
    'msgtype' => 'event',
    'event' => 'LOCATION',
    'latitude' => '34.801250',
    'longitude' => '114.343452',
    'precision' => '30.000000',
    'from' => 'oF75puN0Rrd53J-bFt2BrpbZ4KWU',
    'to' => 'gh_2e5884978ea8',
    'time' => '1514888214',
    'type' => 'trace',
    'location_x' => '34.801250',
    'location_y' => '114.343452',
  ),
  'module' => 'default',
  'rule' => '-1',
)

2018-01-02 18:16:54 response :
------------
Array:
errno : -1 ;
message : Invaild value ;

2018-01-02 18:27:07 trace :
------------
String:
<xml><ToUserName><![CDATA[gh_2e5884978ea8]]></ToUserName>
<FromUserName><![CDATA[oF75puLThr6rGV4uYtstuL7ds61Y]]></FromUserName>
<CreateTime>1514888827</CreateTime>
<MsgType><![CDATA[event]]></MsgType>
<Event><![CDATA[LOCATION]]></Event>
<Latitude>32.499813</Latitude>
<Longitude>119.922394</Longitude>
<Precision>30.000000</Precision>
</xml>

2018-01-02 18:27:07 params :
------------
String:
array (
  'message' => 
  array (
    'tousername' => 'gh_2e5884978ea8',
    'fromusername' => 'oF75puLThr6rGV4uYtstuL7ds61Y',
    'createtime' => '1514888827',
    'msgtype' => 'event',
    'event' => 'LOCATION',
    'latitude' => '32.499813',
    'longitude' => '119.922394',
    'precision' => '30.000000',
    'from' => 'oF75puLThr6rGV4uYtstuL7ds61Y',
    'to' => 'gh_2e5884978ea8',
    'time' => '1514888827',
    'type' => 'trace',
    'location_x' => '32.499813',
    'location_y' => '119.922394',
  ),
  'module' => 'default',
  'rule' => '-1',
)

2018-01-02 18:27:07 response :
------------
Array:
errno : -1 ;
message : Invaild value ;

2018-01-02 18:27:29 trace :
------------
String:
<xml><ToUserName><![CDATA[gh_2e5884978ea8]]></ToUserName>
<FromUserName><![CDATA[oF75puLThr6rGV4uYtstuL7ds61Y]]></FromUserName>
<CreateTime>1514888849</CreateTime>
<MsgType><![CDATA[event]]></MsgType>
<Event><![CDATA[LOCATION]]></Event>
<Latitude>32.499813</Latitude>
<Longitude>119.922394</Longitude>
<Precision>30.000000</Precision>
</xml>

2018-01-02 18:27:29 params :
------------
String:
array (
  'message' => 
  array (
    'tousername' => 'gh_2e5884978ea8',
    'fromusername' => 'oF75puLThr6rGV4uYtstuL7ds61Y',
    'createtime' => '1514888849',
    'msgtype' => 'event',
    'event' => 'LOCATION',
    'latitude' => '32.499813',
    'longitude' => '119.922394',
    'precision' => '30.000000',
    'from' => 'oF75puLThr6rGV4uYtstuL7ds61Y',
    'to' => 'gh_2e5884978ea8',
    'time' => '1514888849',
    'type' => 'trace',
    'location_x' => '32.499813',
    'location_y' => '119.922394',
  ),
  'module' => 'default',
  'rule' => '-1',
)

2018-01-02 18:27:29 response :
------------
Array:
errno : -1 ;
message : Invaild value ;

2018-01-02 18:29:03 trace :
------------
String:
<xml><ToUserName><![CDATA[gh_2e5884978ea8]]></ToUserName>
<FromUserName><![CDATA[oF75puLThr6rGV4uYtstuL7ds61Y]]></FromUserName>
<CreateTime>1514888943</CreateTime>
<MsgType><![CDATA[event]]></MsgType>
<Event><![CDATA[LOCATION]]></Event>
<Latitude>32.499813</Latitude>
<Longitude>119.922394</Longitude>
<Precision>30.000000</Precision>
</xml>

2018-01-02 18:29:03 params :
------------
String:
array (
  'message' => 
  array (
    'tousername' => 'gh_2e5884978ea8',
    'fromusername' => 'oF75puLThr6rGV4uYtstuL7ds61Y',
    'createtime' => '1514888943',
    'msgtype' => 'event',
    'event' => 'LOCATION',
    'latitude' => '32.499813',
    'longitude' => '119.922394',
    'precision' => '30.000000',
    'from' => 'oF75puLThr6rGV4uYtstuL7ds61Y',
    'to' => 'gh_2e5884978ea8',
    'time' => '1514888943',
    'type' => 'trace',
    'location_x' => '32.499813',
    'location_y' => '119.922394',
  ),
  'module' => 'default',
  'rule' => '-1',
)

2018-01-02 18:29:03 response :
------------
Array:
errno : -1 ;
message : Invaild value ;

2018-01-02 18:29:19 trace :
------------
String:
<xml><ToUserName><![CDATA[gh_2e5884978ea8]]></ToUserName>
<FromUserName><![CDATA[oF75puPE5gBbFDkqz4RG0GqBed1M]]></FromUserName>
<CreateTime>1514888959</CreateTime>
<MsgType><![CDATA[event]]></MsgType>
<Event><![CDATA[subscribe]]></Event>
<EventKey><![CDATA[]]></EventKey>
</xml>

2018-01-02 18:29:19 params :
------------
String:
array (
  'rule' => -2,
  'module' => '',
  'message' => 
  array (
    'tousername' => 'gh_2e5884978ea8',
    'fromusername' => 'oF75puPE5gBbFDkqz4RG0GqBed1M',
    'createtime' => '1514888959',
    'msgtype' => 'event',
    'event' => 'subscribe',
    'eventkey' => '',
    'from' => 'oF75puPE5gBbFDkqz4RG0GqBed1M',
    'to' => 'gh_2e5884978ea8',
    'time' => '1514888959',
    'type' => 'text',
    'redirection' => true,
    'source' => 'subscribe',
  ),
)

2018-01-02 18:29:19 response :
------------

2018-01-02 18:30:12 trace :
------------
String:
<xml><ToUserName><![CDATA[gh_2e5884978ea8]]></ToUserName>
<FromUserName><![CDATA[oF75puPE5gBbFDkqz4RG0GqBed1M]]></FromUserName>
<CreateTime>1514889012</CreateTime>
<MsgType><![CDATA[text]]></MsgType>
<Content><![CDATA[你好]]></Content>
<MsgId>6506398764027561879</MsgId>
</xml>

2018-01-02 18:30:12 params :
------------
String:
array (
  'rule' => -2,
  'module' => '',
  'message' => 
  array (
    'tousername' => 'gh_2e5884978ea8',
    'fromusername' => 'oF75puPE5gBbFDkqz4RG0GqBed1M',
    'createtime' => '1514889012',
    'msgtype' => 'text',
    'content' => '你好',
    'msgid' => '6506398764027561879',
    'from' => 'oF75puPE5gBbFDkqz4RG0GqBed1M',
    'to' => 'gh_2e5884978ea8',
    'time' => '1514889012',
    'type' => 'text',
    'event' => NULL,
    'redirection' => false,
    'source' => NULL,
  ),
)

2018-01-02 18:30:12 response :
------------

2018-01-02 18:31:54 trace :
------------
String:
<xml><ToUserName><![CDATA[gh_2e5884978ea8]]></ToUserName>
<FromUserName><![CDATA[oF75puLThr6rGV4uYtstuL7ds61Y]]></FromUserName>
<CreateTime>1514889114</CreateTime>
<MsgType><![CDATA[event]]></MsgType>
<Event><![CDATA[LOCATION]]></Event>
<Latitude>32.499634</Latitude>
<Longitude>119.922150</Longitude>
<Precision>30.000000</Precision>
</xml>

2018-01-02 18:31:54 params :
------------
String:
array (
  'message' => 
  array (
    'tousername' => 'gh_2e5884978ea8',
    'fromusername' => 'oF75puLThr6rGV4uYtstuL7ds61Y',
    'createtime' => '1514889114',
    'msgtype' => 'event',
    'event' => 'LOCATION',
    'latitude' => '32.499634',
    'longitude' => '119.922150',
    'precision' => '30.000000',
    'from' => 'oF75puLThr6rGV4uYtstuL7ds61Y',
    'to' => 'gh_2e5884978ea8',
    'time' => '1514889114',
    'type' => 'trace',
    'location_x' => '32.499634',
    'location_y' => '119.922150',
  ),
  'module' => 'default',
  'rule' => '-1',
)

2018-01-02 18:31:54 response :
------------
Array:
errno : -1 ;
message : Invaild value ;

2018-01-02 18:32:35 trace :
------------
String:
<xml><ToUserName><![CDATA[gh_2e5884978ea8]]></ToUserName>
<FromUserName><![CDATA[oF75puLThr6rGV4uYtstuL7ds61Y]]></FromUserName>
<CreateTime>1514889155</CreateTime>
<MsgType><![CDATA[event]]></MsgType>
<Event><![CDATA[LOCATION]]></Event>
<Latitude>32.499634</Latitude>
<Longitude>119.922150</Longitude>
<Precision>30.000000</Precision>
</xml>

2018-01-02 18:32:35 params :
------------
String:
array (
  'message' => 
  array (
    'tousername' => 'gh_2e5884978ea8',
    'fromusername' => 'oF75puLThr6rGV4uYtstuL7ds61Y',
    'createtime' => '1514889155',
    'msgtype' => 'event',
    'event' => 'LOCATION',
    'latitude' => '32.499634',
    'longitude' => '119.922150',
    'precision' => '30.000000',
    'from' => 'oF75puLThr6rGV4uYtstuL7ds61Y',
    'to' => 'gh_2e5884978ea8',
    'time' => '1514889155',
    'type' => 'trace',
    'location_x' => '32.499634',
    'location_y' => '119.922150',
  ),
  'module' => 'default',
  'rule' => '-1',
)

2018-01-02 18:32:35 response :
------------
Array:
errno : -1 ;
message : Invaild value ;

2018-01-02 18:36:43 trace :
------------
String:
<xml><ToUserName><![CDATA[gh_2e5884978ea8]]></ToUserName>
<FromUserName><![CDATA[oF75puLThr6rGV4uYtstuL7ds61Y]]></FromUserName>
<CreateTime>1514889403</CreateTime>
<MsgType><![CDATA[event]]></MsgType>
<Event><![CDATA[LOCATION]]></Event>
<Latitude>32.499813</Latitude>
<Longitude>119.922394</Longitude>
<Precision>30.000000</Precision>
</xml>

2018-01-02 18:36:43 params :
------------
String:
array (
  'message' => 
  array (
    'tousername' => 'gh_2e5884978ea8',
    'fromusername' => 'oF75puLThr6rGV4uYtstuL7ds61Y',
    'createtime' => '1514889403',
    'msgtype' => 'event',
    'event' => 'LOCATION',
    'latitude' => '32.499813',
    'longitude' => '119.922394',
    'precision' => '30.000000',
    'from' => 'oF75puLThr6rGV4uYtstuL7ds61Y',
    'to' => 'gh_2e5884978ea8',
    'time' => '1514889403',
    'type' => 'trace',
    'location_x' => '32.499813',
    'location_y' => '119.922394',
  ),
  'module' => 'default',
  'rule' => '-1',
)

2018-01-02 18:36:43 response :
------------
Array:
errno : -1 ;
message : Invaild value ;

2018-01-02 19:06:07 trace :
------------
String:
<xml><ToUserName><![CDATA[gh_2e5884978ea8]]></ToUserName>
<FromUserName><![CDATA[oF75puKnWtCJ8XUmWYNum0SIuz7E]]></FromUserName>
<CreateTime>1514891167</CreateTime>
<MsgType><![CDATA[event]]></MsgType>
<Event><![CDATA[LOCATION]]></Event>
<Latitude>23.137539</Latitude>
<Longitude>113.303963</Longitude>
<Precision>30.000000</Precision>
</xml>

2018-01-02 19:06:07 params :
------------
String:
array (
  'message' => 
  array (
    'tousername' => 'gh_2e5884978ea8',
    'fromusername' => 'oF75puKnWtCJ8XUmWYNum0SIuz7E',
    'createtime' => '1514891167',
    'msgtype' => 'event',
    'event' => 'LOCATION',
    'latitude' => '23.137539',
    'longitude' => '113.303963',
    'precision' => '30.000000',
    'from' => 'oF75puKnWtCJ8XUmWYNum0SIuz7E',
    'to' => 'gh_2e5884978ea8',
    'time' => '1514891167',
    'type' => 'trace',
    'location_x' => '23.137539',
    'location_y' => '113.303963',
  ),
  'module' => 'default',
  'rule' => '-1',
)

2018-01-02 19:06:07 response :
------------
Array:
errno : -1 ;
message : Invaild value ;

2018-01-02 19:26:52 trace :
------------
String:
<xml><ToUserName><![CDATA[gh_2e5884978ea8]]></ToUserName>
<FromUserName><![CDATA[oF75puJ1TkO3cnCxOJJlYkSp4p_g]]></FromUserName>
<CreateTime>1514892412</CreateTime>
<MsgType><![CDATA[event]]></MsgType>
<Event><![CDATA[LOCATION]]></Event>
<Latitude>30.398941</Latitude>
<Longitude>120.279404</Longitude>
<Precision>660.000000</Precision>
</xml>

2018-01-02 19:26:52 params :
------------
String:
array (
  'message' => 
  array (
    'tousername' => 'gh_2e5884978ea8',
    'fromusername' => 'oF75puJ1TkO3cnCxOJJlYkSp4p_g',
    'createtime' => '1514892412',
    'msgtype' => 'event',
    'event' => 'LOCATION',
    'latitude' => '30.398941',
    'longitude' => '120.279404',
    'precision' => '660.000000',
    'from' => 'oF75puJ1TkO3cnCxOJJlYkSp4p_g',
    'to' => 'gh_2e5884978ea8',
    'time' => '1514892412',
    'type' => 'trace',
    'location_x' => '30.398941',
    'location_y' => '120.279404',
  ),
  'module' => 'default',
  'rule' => '-1',
)

2018-01-02 19:26:52 response :
------------
Array:
errno : -1 ;
message : Invaild value ;

2018-01-02 19:35:47 trace :
------------
String:
<xml><ToUserName><![CDATA[gh_2e5884978ea8]]></ToUserName>
<FromUserName><![CDATA[oF75puHo332aA1H5sl4w9edyYiOI]]></FromUserName>
<CreateTime>1514892947</CreateTime>
<MsgType><![CDATA[event]]></MsgType>
<Event><![CDATA[subscribe]]></Event>
<EventKey><![CDATA[]]></EventKey>
</xml>

2018-01-02 19:35:47 params :
------------
String:
array (
  'rule' => -2,
  'module' => '',
  'message' => 
  array (
    'tousername' => 'gh_2e5884978ea8',
    'fromusername' => 'oF75puHo332aA1H5sl4w9edyYiOI',
    'createtime' => '1514892947',
    'msgtype' => 'event',
    'event' => 'subscribe',
    'eventkey' => '',
    'from' => 'oF75puHo332aA1H5sl4w9edyYiOI',
    'to' => 'gh_2e5884978ea8',
    'time' => '1514892947',
    'type' => 'text',
    'redirection' => true,
    'source' => 'subscribe',
  ),
)

2018-01-02 19:35:47 response :
------------

2018-01-02 19:35:54 trace :
------------
String:
<xml><ToUserName><![CDATA[gh_2e5884978ea8]]></ToUserName>
<FromUserName><![CDATA[oF75puHo332aA1H5sl4w9edyYiOI]]></FromUserName>
<CreateTime>1514892954</CreateTime>
<MsgType><![CDATA[event]]></MsgType>
<Event><![CDATA[LOCATION]]></Event>
<Latitude>30.577291</Latitude>
<Longitude>114.219307</Longitude>
<Precision>30.000000</Precision>
</xml>

2018-01-02 19:35:54 params :
------------
String:
array (
  'message' => 
  array (
    'tousername' => 'gh_2e5884978ea8',
    'fromusername' => 'oF75puHo332aA1H5sl4w9edyYiOI',
    'createtime' => '1514892954',
    'msgtype' => 'event',
    'event' => 'LOCATION',
    'latitude' => '30.577291',
    'longitude' => '114.219307',
    'precision' => '30.000000',
    'from' => 'oF75puHo332aA1H5sl4w9edyYiOI',
    'to' => 'gh_2e5884978ea8',
    'time' => '1514892954',
    'type' => 'trace',
    'location_x' => '30.577291',
    'location_y' => '114.219307',
  ),
  'module' => 'default',
  'rule' => '-1',
)

2018-01-02 19:35:54 response :
------------
Array:
errno : -1 ;
message : Invaild value ;

2018-01-02 19:41:16 trace :
------------
String:
<xml><ToUserName><![CDATA[gh_2e5884978ea8]]></ToUserName>
<FromUserName><![CDATA[oF75puFIFWW2A5cOQ197nNcChvyw]]></FromUserName>
<CreateTime>1514893276</CreateTime>
<MsgType><![CDATA[event]]></MsgType>
<Event><![CDATA[LOCATION]]></Event>
<Latitude>30.343664</Latitude>
<Longitude>120.114738</Longitude>
<Precision>30.000000</Precision>
</xml>

2018-01-02 19:41:16 params :
------------
String:
array (
  'message' => 
  array (
    'tousername' => 'gh_2e5884978ea8',
    'fromusername' => 'oF75puFIFWW2A5cOQ197nNcChvyw',
    'createtime' => '1514893276',
    'msgtype' => 'event',
    'event' => 'LOCATION',
    'latitude' => '30.343664',
    'longitude' => '120.114738',
    'precision' => '30.000000',
    'from' => 'oF75puFIFWW2A5cOQ197nNcChvyw',
    'to' => 'gh_2e5884978ea8',
    'time' => '1514893276',
    'type' => 'trace',
    'location_x' => '30.343664',
    'location_y' => '120.114738',
  ),
  'module' => 'default',
  'rule' => '-1',
)

2018-01-02 19:41:16 response :
------------
Array:
errno : -1 ;
message : Invaild value ;

2018-01-02 19:51:23 trace :
------------
String:
<xml><ToUserName><![CDATA[gh_2e5884978ea8]]></ToUserName>
<FromUserName><![CDATA[oF75puD1HfdpwZPxwIYQd79snfBc]]></FromUserName>
<CreateTime>1514893883</CreateTime>
<MsgType><![CDATA[event]]></MsgType>
<Event><![CDATA[subscribe]]></Event>
<EventKey><![CDATA[]]></EventKey>
</xml>

2018-01-02 19:51:23 params :
------------
String:
array (
  'rule' => -2,
  'module' => '',
  'message' => 
  array (
    'tousername' => 'gh_2e5884978ea8',
    'fromusername' => 'oF75puD1HfdpwZPxwIYQd79snfBc',
    'createtime' => '1514893883',
    'msgtype' => 'event',
    'event' => 'subscribe',
    'eventkey' => '',
    'from' => 'oF75puD1HfdpwZPxwIYQd79snfBc',
    'to' => 'gh_2e5884978ea8',
    'time' => '1514893883',
    'type' => 'text',
    'redirection' => true,
    'source' => 'subscribe',
  ),
)

2018-01-02 19:51:23 response :
------------

2018-01-02 19:57:32 trace :
------------
String:
<xml><ToUserName><![CDATA[gh_2e5884978ea8]]></ToUserName>
<FromUserName><![CDATA[oF75puObIpwhhnhNqdyefUrsHpDs]]></FromUserName>
<CreateTime>1514894252</CreateTime>
<MsgType><![CDATA[event]]></MsgType>
<Event><![CDATA[LOCATION]]></Event>
<Latitude>34.845264</Latitude>
<Longitude>104.462250</Longitude>
<Precision>30.000000</Precision>
</xml>

2018-01-02 19:57:32 params :
------------
String:
array (
  'message' => 
  array (
    'tousername' => 'gh_2e5884978ea8',
    'fromusername' => 'oF75puObIpwhhnhNqdyefUrsHpDs',
    'createtime' => '1514894252',
    'msgtype' => 'event',
    'event' => 'LOCATION',
    'latitude' => '34.845264',
    'longitude' => '104.462250',
    'precision' => '30.000000',
    'from' => 'oF75puObIpwhhnhNqdyefUrsHpDs',
    'to' => 'gh_2e5884978ea8',
    'time' => '1514894252',
    'type' => 'trace',
    'location_x' => '34.845264',
    'location_y' => '104.462250',
  ),
  'module' => 'default',
  'rule' => '-1',
)

2018-01-02 19:57:32 response :
------------
Array:
errno : -1 ;
message : Invaild value ;

2018-01-02 19:57:43 trace :
------------
String:
<xml><ToUserName><![CDATA[gh_2e5884978ea8]]></ToUserName>
<FromUserName><![CDATA[oF75puObIpwhhnhNqdyefUrsHpDs]]></FromUserName>
<CreateTime>1514894263</CreateTime>
<MsgType><![CDATA[event]]></MsgType>
<Event><![CDATA[unsubscribe]]></Event>
<EventKey><![CDATA[]]></EventKey>
</xml>

2018-01-02 20:18:22 trace :
------------
String:
<xml><ToUserName><![CDATA[gh_2e5884978ea8]]></ToUserName>
<FromUserName><![CDATA[oF75puBdf4cwz10ADC2o1WPvPiqM]]></FromUserName>
<CreateTime>1514895501</CreateTime>
<MsgType><![CDATA[event]]></MsgType>
<Event><![CDATA[LOCATION]]></Event>
<Latitude>30.099365</Latitude>
<Longitude>121.171478</Longitude>
<Precision>10.000000</Precision>
</xml>

2018-01-02 20:18:22 params :
------------
String:
array (
  'message' => 
  array (
    'tousername' => 'gh_2e5884978ea8',
    'fromusername' => 'oF75puBdf4cwz10ADC2o1WPvPiqM',
    'createtime' => '1514895501',
    'msgtype' => 'event',
    'event' => 'LOCATION',
    'latitude' => '30.099365',
    'longitude' => '121.171478',
    'precision' => '10.000000',
    'from' => 'oF75puBdf4cwz10ADC2o1WPvPiqM',
    'to' => 'gh_2e5884978ea8',
    'time' => '1514895501',
    'type' => 'trace',
    'location_x' => '30.099365',
    'location_y' => '121.171478',
  ),
  'module' => 'default',
  'rule' => '-1',
)

2018-01-02 20:18:22 response :
------------
Array:
errno : -1 ;
message : Invaild value ;

2018-01-02 20:18:22 trace :
------------
String:
<xml><ToUserName><![CDATA[gh_2e5884978ea8]]></ToUserName>
<FromUserName><![CDATA[oF75puBdf4cwz10ADC2o1WPvPiqM]]></FromUserName>
<CreateTime>1514895502</CreateTime>
<MsgType><![CDATA[event]]></MsgType>
<Event><![CDATA[LOCATION]]></Event>
<Latitude>30.099365</Latitude>
<Longitude>121.171478</Longitude>
<Precision>10.000000</Precision>
</xml>

2018-01-02 20:18:22 params :
------------
String:
array (
  'message' => 
  array (
    'tousername' => 'gh_2e5884978ea8',
    'fromusername' => 'oF75puBdf4cwz10ADC2o1WPvPiqM',
    'createtime' => '1514895502',
    'msgtype' => 'event',
    'event' => 'LOCATION',
    'latitude' => '30.099365',
    'longitude' => '121.171478',
    'precision' => '10.000000',
    'from' => 'oF75puBdf4cwz10ADC2o1WPvPiqM',
    'to' => 'gh_2e5884978ea8',
    'time' => '1514895502',
    'type' => 'trace',
    'location_x' => '30.099365',
    'location_y' => '121.171478',
  ),
  'module' => 'default',
  'rule' => '-1',
)

2018-01-02 20:18:22 response :
------------
Array:
errno : -1 ;
message : Invaild value ;

2018-01-02 21:13:06 trace :
------------
String:
<xml><ToUserName><![CDATA[gh_2e5884978ea8]]></ToUserName>
<FromUserName><![CDATA[oF75puEAGo_k4VlBrRiQD08HN0O0]]></FromUserName>
<CreateTime>1514898786</CreateTime>
<MsgType><![CDATA[event]]></MsgType>
<Event><![CDATA[LOCATION]]></Event>
<Latitude>34.362999</Latitude>
<Longitude>108.723419</Longitude>
<Precision>30.000000</Precision>
</xml>

2018-01-02 21:13:06 params :
------------
String:
array (
  'message' => 
  array (
    'tousername' => 'gh_2e5884978ea8',
    'fromusername' => 'oF75puEAGo_k4VlBrRiQD08HN0O0',
    'createtime' => '1514898786',
    'msgtype' => 'event',
    'event' => 'LOCATION',
    'latitude' => '34.362999',
    'longitude' => '108.723419',
    'precision' => '30.000000',
    'from' => 'oF75puEAGo_k4VlBrRiQD08HN0O0',
    'to' => 'gh_2e5884978ea8',
    'time' => '1514898786',
    'type' => 'trace',
    'location_x' => '34.362999',
    'location_y' => '108.723419',
  ),
  'module' => 'default',
  'rule' => '-1',
)

2018-01-02 21:13:06 response :
------------
Array:
errno : -1 ;
message : Invaild value ;

2018-01-02 21:21:35 trace :
------------
String:
<xml><ToUserName><![CDATA[gh_2e5884978ea8]]></ToUserName>
<FromUserName><![CDATA[oF75puGvi9vmQo7zCPID5SYneB5I]]></FromUserName>
<CreateTime>1514899295</CreateTime>
<MsgType><![CDATA[event]]></MsgType>
<Event><![CDATA[subscribe]]></Event>
<EventKey><![CDATA[]]></EventKey>
</xml>

2018-01-02 21:21:35 params :
------------
String:
array (
  'rule' => -2,
  'module' => '',
  'message' => 
  array (
    'tousername' => 'gh_2e5884978ea8',
    'fromusername' => 'oF75puGvi9vmQo7zCPID5SYneB5I',
    'createtime' => '1514899295',
    'msgtype' => 'event',
    'event' => 'subscribe',
    'eventkey' => '',
    'from' => 'oF75puGvi9vmQo7zCPID5SYneB5I',
    'to' => 'gh_2e5884978ea8',
    'time' => '1514899295',
    'type' => 'text',
    'redirection' => true,
    'source' => 'subscribe',
  ),
)

2018-01-02 21:21:35 response :
------------

2018-01-02 21:21:39 trace :
------------
String:
<xml><ToUserName><![CDATA[gh_2e5884978ea8]]></ToUserName>
<FromUserName><![CDATA[oF75puGvi9vmQo7zCPID5SYneB5I]]></FromUserName>
<CreateTime>1514899299</CreateTime>
<MsgType><![CDATA[event]]></MsgType>
<Event><![CDATA[LOCATION]]></Event>
<Latitude>26.251520</Latitude>
<Longitude>105.917603</Longitude>
<Precision>330.000000</Precision>
</xml>

2018-01-02 21:21:39 params :
------------
String:
array (
  'message' => 
  array (
    'tousername' => 'gh_2e5884978ea8',
    'fromusername' => 'oF75puGvi9vmQo7zCPID5SYneB5I',
    'createtime' => '1514899299',
    'msgtype' => 'event',
    'event' => 'LOCATION',
    'latitude' => '26.251520',
    'longitude' => '105.917603',
    'precision' => '330.000000',
    'from' => 'oF75puGvi9vmQo7zCPID5SYneB5I',
    'to' => 'gh_2e5884978ea8',
    'time' => '1514899299',
    'type' => 'trace',
    'location_x' => '26.251520',
    'location_y' => '105.917603',
  ),
  'module' => 'default',
  'rule' => '-1',
)

2018-01-02 21:21:39 response :
------------
Array:
errno : -1 ;
message : Invaild value ;

2018-01-02 21:21:43 trace :
------------
String:
<xml><ToUserName><![CDATA[gh_2e5884978ea8]]></ToUserName>
<FromUserName><![CDATA[oF75puCS6ucYFmhhKBpQ01CFmgdc]]></FromUserName>
<CreateTime>1514899303</CreateTime>
<MsgType><![CDATA[event]]></MsgType>
<Event><![CDATA[LOCATION]]></Event>
<Latitude>31.391115</Latitude>
<Longitude>119.512268</Longitude>
<Precision>60.000000</Precision>
</xml>

2018-01-02 21:21:43 params :
------------
String:
array (
  'message' => 
  array (
    'tousername' => 'gh_2e5884978ea8',
    'fromusername' => 'oF75puCS6ucYFmhhKBpQ01CFmgdc',
    'createtime' => '1514899303',
    'msgtype' => 'event',
    'event' => 'LOCATION',
    'latitude' => '31.391115',
    'longitude' => '119.512268',
    'precision' => '60.000000',
    'from' => 'oF75puCS6ucYFmhhKBpQ01CFmgdc',
    'to' => 'gh_2e5884978ea8',
    'time' => '1514899303',
    'type' => 'trace',
    'location_x' => '31.391115',
    'location_y' => '119.512268',
  ),
  'module' => 'default',
  'rule' => '-1',
)

2018-01-02 21:21:43 response :
------------
Array:
errno : -1 ;
message : Invaild value ;

2018-01-02 21:21:45 trace :
------------
String:
<xml><ToUserName><![CDATA[gh_2e5884978ea8]]></ToUserName>
<FromUserName><![CDATA[oF75puGvi9vmQo7zCPID5SYneB5I]]></FromUserName>
<CreateTime>1514899305</CreateTime>
<MsgType><![CDATA[event]]></MsgType>
<Event><![CDATA[LOCATION]]></Event>
<Latitude>26.251520</Latitude>
<Longitude>105.917603</Longitude>
<Precision>330.000000</Precision>
</xml>

2018-01-02 21:21:45 params :
------------
String:
array (
  'message' => 
  array (
    'tousername' => 'gh_2e5884978ea8',
    'fromusername' => 'oF75puGvi9vmQo7zCPID5SYneB5I',
    'createtime' => '1514899305',
    'msgtype' => 'event',
    'event' => 'LOCATION',
    'latitude' => '26.251520',
    'longitude' => '105.917603',
    'precision' => '330.000000',
    'from' => 'oF75puGvi9vmQo7zCPID5SYneB5I',
    'to' => 'gh_2e5884978ea8',
    'time' => '1514899305',
    'type' => 'trace',
    'location_x' => '26.251520',
    'location_y' => '105.917603',
  ),
  'module' => 'default',
  'rule' => '-1',
)

2018-01-02 21:21:45 response :
------------
Array:
errno : -1 ;
message : Invaild value ;

2018-01-02 21:23:10 trace :
------------
String:
<xml><ToUserName><![CDATA[gh_2e5884978ea8]]></ToUserName>
<FromUserName><![CDATA[oF75puLJbUNzJEN08Jj-acj4qCNs]]></FromUserName>
<CreateTime>1514899389</CreateTime>
<MsgType><![CDATA[event]]></MsgType>
<Event><![CDATA[subscribe]]></Event>
<EventKey><![CDATA[]]></EventKey>
</xml>

2018-01-02 21:23:10 params :
------------
String:
array (
  'rule' => -2,
  'module' => '',
  'message' => 
  array (
    'tousername' => 'gh_2e5884978ea8',
    'fromusername' => 'oF75puLJbUNzJEN08Jj-acj4qCNs',
    'createtime' => '1514899389',
    'msgtype' => 'event',
    'event' => 'subscribe',
    'eventkey' => '',
    'from' => 'oF75puLJbUNzJEN08Jj-acj4qCNs',
    'to' => 'gh_2e5884978ea8',
    'time' => '1514899389',
    'type' => 'text',
    'redirection' => true,
    'source' => 'subscribe',
  ),
)

2018-01-02 21:23:10 response :
------------

2018-01-02 21:33:27 trace :
------------
String:
<xml><ToUserName><![CDATA[gh_2e5884978ea8]]></ToUserName>
<FromUserName><![CDATA[oF75puMvSnJoUusMzG8hfTi9Udl4]]></FromUserName>
<CreateTime>1514900007</CreateTime>
<MsgType><![CDATA[event]]></MsgType>
<Event><![CDATA[LOCATION]]></Event>
<Latitude>30.206495</Latitude>
<Longitude>120.199333</Longitude>
<Precision>65.000000</Precision>
</xml>

2018-01-02 21:33:27 params :
------------
String:
array (
  'message' => 
  array (
    'tousername' => 'gh_2e5884978ea8',
    'fromusername' => 'oF75puMvSnJoUusMzG8hfTi9Udl4',
    'createtime' => '1514900007',
    'msgtype' => 'event',
    'event' => 'LOCATION',
    'latitude' => '30.206495',
    'longitude' => '120.199333',
    'precision' => '65.000000',
    'from' => 'oF75puMvSnJoUusMzG8hfTi9Udl4',
    'to' => 'gh_2e5884978ea8',
    'time' => '1514900007',
    'type' => 'trace',
    'location_x' => '30.206495',
    'location_y' => '120.199333',
  ),
  'module' => 'default',
  'rule' => '-1',
)

2018-01-02 21:33:27 response :
------------
Array:
errno : -1 ;
message : Invaild value ;

2018-01-02 21:42:56 trace :
------------
String:
<xml><ToUserName><![CDATA[gh_2e5884978ea8]]></ToUserName>
<FromUserName><![CDATA[oF75puLrhvTjK3Pa7crXziLEouc0]]></FromUserName>
<CreateTime>1514900576</CreateTime>
<MsgType><![CDATA[event]]></MsgType>
<Event><![CDATA[subscribe]]></Event>
<EventKey><![CDATA[]]></EventKey>
</xml>

2018-01-02 21:42:56 params :
------------
String:
array (
  'rule' => -2,
  'module' => '',
  'message' => 
  array (
    'tousername' => 'gh_2e5884978ea8',
    'fromusername' => 'oF75puLrhvTjK3Pa7crXziLEouc0',
    'createtime' => '1514900576',
    'msgtype' => 'event',
    'event' => 'subscribe',
    'eventkey' => '',
    'from' => 'oF75puLrhvTjK3Pa7crXziLEouc0',
    'to' => 'gh_2e5884978ea8',
    'time' => '1514900576',
    'type' => 'text',
    'redirection' => true,
    'source' => 'subscribe',
  ),
)

2018-01-02 21:42:56 response :
------------

2018-01-02 21:43:05 trace :
------------
String:
<xml><ToUserName><![CDATA[gh_2e5884978ea8]]></ToUserName>
<FromUserName><![CDATA[oF75puLrhvTjK3Pa7crXziLEouc0]]></FromUserName>
<CreateTime>1514900585</CreateTime>
<MsgType><![CDATA[event]]></MsgType>
<Event><![CDATA[LOCATION]]></Event>
<Latitude>30.310093</Latitude>
<Longitude>120.267197</Longitude>
<Precision>30.000000</Precision>
</xml>

2018-01-02 21:43:05 params :
------------
String:
array (
  'message' => 
  array (
    'tousername' => 'gh_2e5884978ea8',
    'fromusername' => 'oF75puLrhvTjK3Pa7crXziLEouc0',
    'createtime' => '1514900585',
    'msgtype' => 'event',
    'event' => 'LOCATION',
    'latitude' => '30.310093',
    'longitude' => '120.267197',
    'precision' => '30.000000',
    'from' => 'oF75puLrhvTjK3Pa7crXziLEouc0',
    'to' => 'gh_2e5884978ea8',
    'time' => '1514900585',
    'type' => 'trace',
    'location_x' => '30.310093',
    'location_y' => '120.267197',
  ),
  'module' => 'default',
  'rule' => '-1',
)

2018-01-02 21:43:05 response :
------------
Array:
errno : -1 ;
message : Invaild value ;

2018-01-02 21:43:30 trace :
------------
String:
<xml><ToUserName><![CDATA[gh_2e5884978ea8]]></ToUserName>
<FromUserName><![CDATA[oF75puLrhvTjK3Pa7crXziLEouc0]]></FromUserName>
<CreateTime>1514900610</CreateTime>
<MsgType><![CDATA[event]]></MsgType>
<Event><![CDATA[LOCATION]]></Event>
<Latitude>30.310093</Latitude>
<Longitude>120.267197</Longitude>
<Precision>30.000000</Precision>
</xml>

2018-01-02 21:43:30 params :
------------
String:
array (
  'message' => 
  array (
    'tousername' => 'gh_2e5884978ea8',
    'fromusername' => 'oF75puLrhvTjK3Pa7crXziLEouc0',
    'createtime' => '1514900610',
    'msgtype' => 'event',
    'event' => 'LOCATION',
    'latitude' => '30.310093',
    'longitude' => '120.267197',
    'precision' => '30.000000',
    'from' => 'oF75puLrhvTjK3Pa7crXziLEouc0',
    'to' => 'gh_2e5884978ea8',
    'time' => '1514900610',
    'type' => 'trace',
    'location_x' => '30.310093',
    'location_y' => '120.267197',
  ),
  'module' => 'default',
  'rule' => '-1',
)

2018-01-02 21:43:30 response :
------------
Array:
errno : -1 ;
message : Invaild value ;

2018-01-02 21:43:47 trace :
------------
String:
<xml><ToUserName><![CDATA[gh_2e5884978ea8]]></ToUserName>
<FromUserName><![CDATA[oF75puLrhvTjK3Pa7crXziLEouc0]]></FromUserName>
<CreateTime>1514900626</CreateTime>
<MsgType><![CDATA[event]]></MsgType>
<Event><![CDATA[LOCATION]]></Event>
<Latitude>30.310062</Latitude>
<Longitude>120.267197</Longitude>
<Precision>30.000000</Precision>
</xml>

2018-01-02 21:43:47 params :
------------
String:
array (
  'message' => 
  array (
    'tousername' => 'gh_2e5884978ea8',
    'fromusername' => 'oF75puLrhvTjK3Pa7crXziLEouc0',
    'createtime' => '1514900626',
    'msgtype' => 'event',
    'event' => 'LOCATION',
    'latitude' => '30.310062',
    'longitude' => '120.267197',
    'precision' => '30.000000',
    'from' => 'oF75puLrhvTjK3Pa7crXziLEouc0',
    'to' => 'gh_2e5884978ea8',
    'time' => '1514900626',
    'type' => 'trace',
    'location_x' => '30.310062',
    'location_y' => '120.267197',
  ),
  'module' => 'default',
  'rule' => '-1',
)

2018-01-02 21:43:47 response :
------------
Array:
errno : -1 ;
message : Invaild value ;

2018-01-02 21:44:28 trace :
------------
String:
<xml><ToUserName><![CDATA[gh_2e5884978ea8]]></ToUserName>
<FromUserName><![CDATA[oF75puLrhvTjK3Pa7crXziLEouc0]]></FromUserName>
<CreateTime>1514900668</CreateTime>
<MsgType><![CDATA[event]]></MsgType>
<Event><![CDATA[LOCATION]]></Event>
<Latitude>30.310062</Latitude>
<Longitude>120.267197</Longitude>
<Precision>30.000000</Precision>
</xml>

2018-01-02 21:44:28 params :
------------
String:
array (
  'message' => 
  array (
    'tousername' => 'gh_2e5884978ea8',
    'fromusername' => 'oF75puLrhvTjK3Pa7crXziLEouc0',
    'createtime' => '1514900668',
    'msgtype' => 'event',
    'event' => 'LOCATION',
    'latitude' => '30.310062',
    'longitude' => '120.267197',
    'precision' => '30.000000',
    'from' => 'oF75puLrhvTjK3Pa7crXziLEouc0',
    'to' => 'gh_2e5884978ea8',
    'time' => '1514900668',
    'type' => 'trace',
    'location_x' => '30.310062',
    'location_y' => '120.267197',
  ),
  'module' => 'default',
  'rule' => '-1',
)

2018-01-02 21:44:28 response :
------------
Array:
errno : -1 ;
message : Invaild value ;

2018-01-02 21:47:18 trace :
------------
String:
<xml><ToUserName><![CDATA[gh_2e5884978ea8]]></ToUserName>
<FromUserName><![CDATA[oF75puLHY2vHGkUgP3sFaoAjHy9c]]></FromUserName>
<CreateTime>1514900838</CreateTime>
<MsgType><![CDATA[event]]></MsgType>
<Event><![CDATA[LOCATION]]></Event>
<Latitude>30.201624</Latitude>
<Longitude>120.204720</Longitude>
<Precision>30.000000</Precision>
</xml>

2018-01-02 21:47:18 params :
------------
String:
array (
  'message' => 
  array (
    'tousername' => 'gh_2e5884978ea8',
    'fromusername' => 'oF75puLHY2vHGkUgP3sFaoAjHy9c',
    'createtime' => '1514900838',
    'msgtype' => 'event',
    'event' => 'LOCATION',
    'latitude' => '30.201624',
    'longitude' => '120.204720',
    'precision' => '30.000000',
    'from' => 'oF75puLHY2vHGkUgP3sFaoAjHy9c',
    'to' => 'gh_2e5884978ea8',
    'time' => '1514900838',
    'type' => 'trace',
    'location_x' => '30.201624',
    'location_y' => '120.204720',
  ),
  'module' => 'default',
  'rule' => '-1',
)

2018-01-02 21:47:18 response :
------------
Array:
errno : -1 ;
message : Invaild value ;

2018-01-02 21:49:31 trace :
------------
String:
<xml><ToUserName><![CDATA[gh_2e5884978ea8]]></ToUserName>
<FromUserName><![CDATA[oF75puA2Xp3ZofBHQ5O7KuARdKb8]]></FromUserName>
<CreateTime>1514900971</CreateTime>
<MsgType><![CDATA[event]]></MsgType>
<Event><![CDATA[subscribe]]></Event>
<EventKey><![CDATA[]]></EventKey>
</xml>

2018-01-02 21:49:31 params :
------------
String:
array (
  'rule' => -2,
  'module' => '',
  'message' => 
  array (
    'tousername' => 'gh_2e5884978ea8',
    'fromusername' => 'oF75puA2Xp3ZofBHQ5O7KuARdKb8',
    'createtime' => '1514900971',
    'msgtype' => 'event',
    'event' => 'subscribe',
    'eventkey' => '',
    'from' => 'oF75puA2Xp3ZofBHQ5O7KuARdKb8',
    'to' => 'gh_2e5884978ea8',
    'time' => '1514900971',
    'type' => 'text',
    'redirection' => true,
    'source' => 'subscribe',
  ),
)

2018-01-02 21:49:31 response :
------------

2018-01-02 21:51:54 trace :
------------
String:
<xml><ToUserName><![CDATA[gh_2e5884978ea8]]></ToUserName>
<FromUserName><![CDATA[oF75puNFG8eTfQbtJ-KZ_PyGdyTk]]></FromUserName>
<CreateTime>1514901114</CreateTime>
<MsgType><![CDATA[event]]></MsgType>
<Event><![CDATA[LOCATION]]></Event>
<Latitude>30.332361</Latitude>
<Longitude>120.115578</Longitude>
<Precision>30.000000</Precision>
</xml>

2018-01-02 21:51:54 params :
------------
String:
array (
  'message' => 
  array (
    'tousername' => 'gh_2e5884978ea8',
    'fromusername' => 'oF75puNFG8eTfQbtJ-KZ_PyGdyTk',
    'createtime' => '1514901114',
    'msgtype' => 'event',
    'event' => 'LOCATION',
    'latitude' => '30.332361',
    'longitude' => '120.115578',
    'precision' => '30.000000',
    'from' => 'oF75puNFG8eTfQbtJ-KZ_PyGdyTk',
    'to' => 'gh_2e5884978ea8',
    'time' => '1514901114',
    'type' => 'trace',
    'location_x' => '30.332361',
    'location_y' => '120.115578',
  ),
  'module' => 'default',
  'rule' => '-1',
)

2018-01-02 21:51:54 response :
------------
Array:
errno : -1 ;
message : Invaild value ;

2018-01-02 21:52:47 trace :
------------
String:
<xml><ToUserName><![CDATA[gh_2e5884978ea8]]></ToUserName>
<FromUserName><![CDATA[oF75puES9E956gV7vlU0JD71MWxs]]></FromUserName>
<CreateTime>1514901167</CreateTime>
<MsgType><![CDATA[event]]></MsgType>
<Event><![CDATA[LOCATION]]></Event>
<Latitude>29.646202</Latitude>
<Longitude>111.739151</Longitude>
<Precision>65.000000</Precision>
</xml>

2018-01-02 21:52:47 params :
------------
String:
array (
  'message' => 
  array (
    'tousername' => 'gh_2e5884978ea8',
    'fromusername' => 'oF75puES9E956gV7vlU0JD71MWxs',
    'createtime' => '1514901167',
    'msgtype' => 'event',
    'event' => 'LOCATION',
    'latitude' => '29.646202',
    'longitude' => '111.739151',
    'precision' => '65.000000',
    'from' => 'oF75puES9E956gV7vlU0JD71MWxs',
    'to' => 'gh_2e5884978ea8',
    'time' => '1514901167',
    'type' => 'trace',
    'location_x' => '29.646202',
    'location_y' => '111.739151',
  ),
  'module' => 'default',
  'rule' => '-1',
)

2018-01-02 21:52:47 response :
------------
Array:
errno : -1 ;
message : Invaild value ;

2018-01-02 22:05:18 trace :
------------
String:
<xml><ToUserName><![CDATA[gh_2e5884978ea8]]></ToUserName>
<FromUserName><![CDATA[oF75puEwCaq3z1Y-JvcsCE3_AEvY]]></FromUserName>
<CreateTime>1514901918</CreateTime>
<MsgType><![CDATA[event]]></MsgType>
<Event><![CDATA[LOCATION]]></Event>
<Latitude>33.019821</Latitude>
<Longitude>114.005264</Longitude>
<Precision>30.000000</Precision>
</xml>

2018-01-02 22:05:18 params :
------------
String:
array (
  'message' => 
  array (
    'tousername' => 'gh_2e5884978ea8',
    'fromusername' => 'oF75puEwCaq3z1Y-JvcsCE3_AEvY',
    'createtime' => '1514901918',
    'msgtype' => 'event',
    'event' => 'LOCATION',
    'latitude' => '33.019821',
    'longitude' => '114.005264',
    'precision' => '30.000000',
    'from' => 'oF75puEwCaq3z1Y-JvcsCE3_AEvY',
    'to' => 'gh_2e5884978ea8',
    'time' => '1514901918',
    'type' => 'trace',
    'location_x' => '33.019821',
    'location_y' => '114.005264',
  ),
  'module' => 'default',
  'rule' => '-1',
)

2018-01-02 22:05:18 response :
------------
Array:
errno : -1 ;
message : Invaild value ;

2018-01-02 22:13:18 trace :
------------
String:
<xml><ToUserName><![CDATA[gh_2e5884978ea8]]></ToUserName>
<FromUserName><![CDATA[oF75puMbB3ocmz2OL179vW6BX8Ko]]></FromUserName>
<CreateTime>1514902397</CreateTime>
<MsgType><![CDATA[event]]></MsgType>
<Event><![CDATA[LOCATION]]></Event>
<Latitude>40.580849</Latitude>
<Longitude>110.016129</Longitude>
<Precision>30.000000</Precision>
</xml>

2018-01-02 22:13:18 params :
------------
String:
array (
  'message' => 
  array (
    'tousername' => 'gh_2e5884978ea8',
    'fromusername' => 'oF75puMbB3ocmz2OL179vW6BX8Ko',
    'createtime' => '1514902397',
    'msgtype' => 'event',
    'event' => 'LOCATION',
    'latitude' => '40.580849',
    'longitude' => '110.016129',
    'precision' => '30.000000',
    'from' => 'oF75puMbB3ocmz2OL179vW6BX8Ko',
    'to' => 'gh_2e5884978ea8',
    'time' => '1514902397',
    'type' => 'trace',
    'location_x' => '40.580849',
    'location_y' => '110.016129',
  ),
  'module' => 'default',
  'rule' => '-1',
)

2018-01-02 22:13:18 response :
------------
Array:
errno : -1 ;
message : Invaild value ;

2018-01-02 22:15:18 trace :
------------
String:
<xml><ToUserName><![CDATA[gh_2e5884978ea8]]></ToUserName>
<FromUserName><![CDATA[oF75puLrhvTjK3Pa7crXziLEouc0]]></FromUserName>
<CreateTime>1514902517</CreateTime>
<MsgType><![CDATA[event]]></MsgType>
<Event><![CDATA[LOCATION]]></Event>
<Latitude>30.310093</Latitude>
<Longitude>120.267197</Longitude>
<Precision>30.000000</Precision>
</xml>

2018-01-02 22:15:18 params :
------------
String:
array (
  'message' => 
  array (
    'tousername' => 'gh_2e5884978ea8',
    'fromusername' => 'oF75puLrhvTjK3Pa7crXziLEouc0',
    'createtime' => '1514902517',
    'msgtype' => 'event',
    'event' => 'LOCATION',
    'latitude' => '30.310093',
    'longitude' => '120.267197',
    'precision' => '30.000000',
    'from' => 'oF75puLrhvTjK3Pa7crXziLEouc0',
    'to' => 'gh_2e5884978ea8',
    'time' => '1514902517',
    'type' => 'trace',
    'location_x' => '30.310093',
    'location_y' => '120.267197',
  ),
  'module' => 'default',
  'rule' => '-1',
)

2018-01-02 22:15:18 response :
------------
Array:
errno : -1 ;
message : Invaild value ;

2018-01-02 22:17:31 trace :
------------
String:
<xml><ToUserName><![CDATA[gh_2e5884978ea8]]></ToUserName>
<FromUserName><![CDATA[oF75puLrhvTjK3Pa7crXziLEouc0]]></FromUserName>
<CreateTime>1514902651</CreateTime>
<MsgType><![CDATA[event]]></MsgType>
<Event><![CDATA[LOCATION]]></Event>
<Latitude>30.310093</Latitude>
<Longitude>120.267189</Longitude>
<Precision>30.000000</Precision>
</xml>

2018-01-02 22:17:31 params :
------------
String:
array (
  'message' => 
  array (
    'tousername' => 'gh_2e5884978ea8',
    'fromusername' => 'oF75puLrhvTjK3Pa7crXziLEouc0',
    'createtime' => '1514902651',
    'msgtype' => 'event',
    'event' => 'LOCATION',
    'latitude' => '30.310093',
    'longitude' => '120.267189',
    'precision' => '30.000000',
    'from' => 'oF75puLrhvTjK3Pa7crXziLEouc0',
    'to' => 'gh_2e5884978ea8',
    'time' => '1514902651',
    'type' => 'trace',
    'location_x' => '30.310093',
    'location_y' => '120.267189',
  ),
  'module' => 'default',
  'rule' => '-1',
)

2018-01-02 22:17:31 response :
------------
Array:
errno : -1 ;
message : Invaild value ;

2018-01-02 22:18:34 trace :
------------
String:
<xml><ToUserName><![CDATA[gh_2e5884978ea8]]></ToUserName>
<FromUserName><![CDATA[oF75puPuQtB4RB1ECdWESUPBj-fc]]></FromUserName>
<CreateTime>1514902714</CreateTime>
<MsgType><![CDATA[event]]></MsgType>
<Event><![CDATA[subscribe]]></Event>
<EventKey><![CDATA[]]></EventKey>
</xml>

2018-01-02 22:18:34 params :
------------
String:
array (
  'rule' => -2,
  'module' => '',
  'message' => 
  array (
    'tousername' => 'gh_2e5884978ea8',
    'fromusername' => 'oF75puPuQtB4RB1ECdWESUPBj-fc',
    'createtime' => '1514902714',
    'msgtype' => 'event',
    'event' => 'subscribe',
    'eventkey' => '',
    'from' => 'oF75puPuQtB4RB1ECdWESUPBj-fc',
    'to' => 'gh_2e5884978ea8',
    'time' => '1514902714',
    'type' => 'text',
    'redirection' => true,
    'source' => 'subscribe',
  ),
)

2018-01-02 22:18:34 response :
------------

2018-01-02 22:18:45 trace :
------------
String:
<xml><ToUserName><![CDATA[gh_2e5884978ea8]]></ToUserName>
<FromUserName><![CDATA[oF75puGWXPaUsYHFJdHzZFi_51oA]]></FromUserName>
<CreateTime>1514902725</CreateTime>
<MsgType><![CDATA[event]]></MsgType>
<Event><![CDATA[subscribe]]></Event>
<EventKey><![CDATA[]]></EventKey>
</xml>

2018-01-02 22:18:45 params :
------------
String:
array (
  'rule' => -2,
  'module' => '',
  'message' => 
  array (
    'tousername' => 'gh_2e5884978ea8',
    'fromusername' => 'oF75puGWXPaUsYHFJdHzZFi_51oA',
    'createtime' => '1514902725',
    'msgtype' => 'event',
    'event' => 'subscribe',
    'eventkey' => '',
    'from' => 'oF75puGWXPaUsYHFJdHzZFi_51oA',
    'to' => 'gh_2e5884978ea8',
    'time' => '1514902725',
    'type' => 'text',
    'redirection' => true,
    'source' => 'subscribe',
  ),
)

2018-01-02 22:18:45 response :
------------

2018-01-02 22:18:53 trace :
------------
String:
<xml><ToUserName><![CDATA[gh_2e5884978ea8]]></ToUserName>
<FromUserName><![CDATA[oF75puPuQtB4RB1ECdWESUPBj-fc]]></FromUserName>
<CreateTime>1514902732</CreateTime>
<MsgType><![CDATA[event]]></MsgType>
<Event><![CDATA[LOCATION]]></Event>
<Latitude>38.303371</Latitude>
<Longitude>109.735168</Longitude>
<Precision>35.000000</Precision>
</xml>

2018-01-02 22:18:53 params :
------------
String:
array (
  'message' => 
  array (
    'tousername' => 'gh_2e5884978ea8',
    'fromusername' => 'oF75puPuQtB4RB1ECdWESUPBj-fc',
    'createtime' => '1514902732',
    'msgtype' => 'event',
    'event' => 'LOCATION',
    'latitude' => '38.303371',
    'longitude' => '109.735168',
    'precision' => '35.000000',
    'from' => 'oF75puPuQtB4RB1ECdWESUPBj-fc',
    'to' => 'gh_2e5884978ea8',
    'time' => '1514902732',
    'type' => 'trace',
    'location_x' => '38.303371',
    'location_y' => '109.735168',
  ),
  'module' => 'default',
  'rule' => '-1',
)

2018-01-02 22:18:53 response :
------------
Array:
errno : -1 ;
message : Invaild value ;

2018-01-02 22:19:24 trace :
------------
String:
<xml><ToUserName><![CDATA[gh_2e5884978ea8]]></ToUserName>
<FromUserName><![CDATA[oF75puAAemDQOT5VwDEJ_NI7F9Bs]]></FromUserName>
<CreateTime>1514902764</CreateTime>
<MsgType><![CDATA[event]]></MsgType>
<Event><![CDATA[subscribe]]></Event>
<EventKey><![CDATA[]]></EventKey>
</xml>

2018-01-02 22:19:24 params :
------------
String:
array (
  'rule' => -2,
  'module' => '',
  'message' => 
  array (
    'tousername' => 'gh_2e5884978ea8',
    'fromusername' => 'oF75puAAemDQOT5VwDEJ_NI7F9Bs',
    'createtime' => '1514902764',
    'msgtype' => 'event',
    'event' => 'subscribe',
    'eventkey' => '',
    'from' => 'oF75puAAemDQOT5VwDEJ_NI7F9Bs',
    'to' => 'gh_2e5884978ea8',
    'time' => '1514902764',
    'type' => 'text',
    'redirection' => true,
    'source' => 'subscribe',
  ),
)

2018-01-02 22:19:24 response :
------------

2018-01-02 22:19:26 trace :
------------
String:
<xml><ToUserName><![CDATA[gh_2e5884978ea8]]></ToUserName>
<FromUserName><![CDATA[oF75puAAemDQOT5VwDEJ_NI7F9Bs]]></FromUserName>
<CreateTime>1514902766</CreateTime>
<MsgType><![CDATA[event]]></MsgType>
<Event><![CDATA[LOCATION]]></Event>
<Latitude>30.202345</Latitude>
<Longitude>120.200745</Longitude>
<Precision>65.000000</Precision>
</xml>

2018-01-02 22:19:26 params :
------------
String:
array (
  'message' => 
  array (
    'tousername' => 'gh_2e5884978ea8',
    'fromusername' => 'oF75puAAemDQOT5VwDEJ_NI7F9Bs',
    'createtime' => '1514902766',
    'msgtype' => 'event',
    'event' => 'LOCATION',
    'latitude' => '30.202345',
    'longitude' => '120.200745',
    'precision' => '65.000000',
    'from' => 'oF75puAAemDQOT5VwDEJ_NI7F9Bs',
    'to' => 'gh_2e5884978ea8',
    'time' => '1514902766',
    'type' => 'trace',
    'location_x' => '30.202345',
    'location_y' => '120.200745',
  ),
  'module' => 'default',
  'rule' => '-1',
)

2018-01-02 22:19:26 response :
------------
Array:
errno : -1 ;
message : Invaild value ;

2018-01-02 22:20:00 trace :
------------
String:
<xml><ToUserName><![CDATA[gh_2e5884978ea8]]></ToUserName>
<FromUserName><![CDATA[oF75puAAemDQOT5VwDEJ_NI7F9Bs]]></FromUserName>
<CreateTime>1514902799</CreateTime>
<MsgType><![CDATA[text]]></MsgType>
<Content><![CDATA[福利]]></Content>
<MsgId>6506457978741673683</MsgId>
</xml>

2018-01-02 22:20:00 params :
------------
String:
array (
  'rule' => -2,
  'module' => '',
  'message' => 
  array (
    'tousername' => 'gh_2e5884978ea8',
    'fromusername' => 'oF75puAAemDQOT5VwDEJ_NI7F9Bs',
    'createtime' => '1514902799',
    'msgtype' => 'text',
    'content' => '福利',
    'msgid' => '6506457978741673683',
    'from' => 'oF75puAAemDQOT5VwDEJ_NI7F9Bs',
    'to' => 'gh_2e5884978ea8',
    'time' => '1514902799',
    'type' => 'text',
    'event' => NULL,
    'redirection' => false,
    'source' => NULL,
  ),
)

2018-01-02 22:20:00 response :
------------

2018-01-02 22:20:04 trace :
------------
String:
<xml><ToUserName><![CDATA[gh_2e5884978ea8]]></ToUserName>
<FromUserName><![CDATA[oF75puAAemDQOT5VwDEJ_NI7F9Bs]]></FromUserName>
<CreateTime>1514902804</CreateTime>
<MsgType><![CDATA[event]]></MsgType>
<Event><![CDATA[LOCATION]]></Event>
<Latitude>30.202475</Latitude>
<Longitude>120.200630</Longitude>
<Precision>65.000000</Precision>
</xml>

2018-01-02 22:20:04 params :
------------
String:
array (
  'message' => 
  array (
    'tousername' => 'gh_2e5884978ea8',
    'fromusername' => 'oF75puAAemDQOT5VwDEJ_NI7F9Bs',
    'createtime' => '1514902804',
    'msgtype' => 'event',
    'event' => 'LOCATION',
    'latitude' => '30.202475',
    'longitude' => '120.200630',
    'precision' => '65.000000',
    'from' => 'oF75puAAemDQOT5VwDEJ_NI7F9Bs',
    'to' => 'gh_2e5884978ea8',
    'time' => '1514902804',
    'type' => 'trace',
    'location_x' => '30.202475',
    'location_y' => '120.200630',
  ),
  'module' => 'default',
  'rule' => '-1',
)

2018-01-02 22:20:04 response :
------------
Array:
errno : -1 ;
message : Invaild value ;

2018-01-02 22:20:06 trace :
------------
String:
<xml><ToUserName><![CDATA[gh_2e5884978ea8]]></ToUserName>
<FromUserName><![CDATA[oF75puAAemDQOT5VwDEJ_NI7F9Bs]]></FromUserName>
<CreateTime>1514902806</CreateTime>
<MsgType><![CDATA[event]]></MsgType>
<Event><![CDATA[LOCATION]]></Event>
<Latitude>30.202354</Latitude>
<Longitude>120.200737</Longitude>
<Precision>65.000000</Precision>
</xml>

2018-01-02 22:20:06 params :
------------
String:
array (
  'message' => 
  array (
    'tousername' => 'gh_2e5884978ea8',
    'fromusername' => 'oF75puAAemDQOT5VwDEJ_NI7F9Bs',
    'createtime' => '1514902806',
    'msgtype' => 'event',
    'event' => 'LOCATION',
    'latitude' => '30.202354',
    'longitude' => '120.200737',
    'precision' => '65.000000',
    'from' => 'oF75puAAemDQOT5VwDEJ_NI7F9Bs',
    'to' => 'gh_2e5884978ea8',
    'time' => '1514902806',
    'type' => 'trace',
    'location_x' => '30.202354',
    'location_y' => '120.200737',
  ),
  'module' => 'default',
  'rule' => '-1',
)

2018-01-02 22:20:06 response :
------------
Array:
errno : -1 ;
message : Invaild value ;

2018-01-02 22:20:14 trace :
------------
String:
<xml><ToUserName><![CDATA[gh_2e5884978ea8]]></ToUserName>
<FromUserName><![CDATA[oF75puAAemDQOT5VwDEJ_NI7F9Bs]]></FromUserName>
<CreateTime>1514902814</CreateTime>
<MsgType><![CDATA[event]]></MsgType>
<Event><![CDATA[LOCATION]]></Event>
<Latitude>30.202353</Latitude>
<Longitude>120.200745</Longitude>
<Precision>65.000000</Precision>
</xml>

2018-01-02 22:20:14 params :
------------
String:
array (
  'message' => 
  array (
    'tousername' => 'gh_2e5884978ea8',
    'fromusername' => 'oF75puAAemDQOT5VwDEJ_NI7F9Bs',
    'createtime' => '1514902814',
    'msgtype' => 'event',
    'event' => 'LOCATION',
    'latitude' => '30.202353',
    'longitude' => '120.200745',
    'precision' => '65.000000',
    'from' => 'oF75puAAemDQOT5VwDEJ_NI7F9Bs',
    'to' => 'gh_2e5884978ea8',
    'time' => '1514902814',
    'type' => 'trace',
    'location_x' => '30.202353',
    'location_y' => '120.200745',
  ),
  'module' => 'default',
  'rule' => '-1',
)

2018-01-02 22:20:14 response :
------------
Array:
errno : -1 ;
message : Invaild value ;

2018-01-02 22:20:37 trace :
------------
String:
<xml><ToUserName><![CDATA[gh_2e5884978ea8]]></ToUserName>
<FromUserName><![CDATA[oF75puOHfKarhucaEdLjJpbVmHJI]]></FromUserName>
<CreateTime>1514902837</CreateTime>
<MsgType><![CDATA[event]]></MsgType>
<Event><![CDATA[subscribe]]></Event>
<EventKey><![CDATA[]]></EventKey>
</xml>

2018-01-02 22:20:37 params :
------------
String:
array (
  'rule' => -2,
  'module' => '',
  'message' => 
  array (
    'tousername' => 'gh_2e5884978ea8',
    'fromusername' => 'oF75puOHfKarhucaEdLjJpbVmHJI',
    'createtime' => '1514902837',
    'msgtype' => 'event',
    'event' => 'subscribe',
    'eventkey' => '',
    'from' => 'oF75puOHfKarhucaEdLjJpbVmHJI',
    'to' => 'gh_2e5884978ea8',
    'time' => '1514902837',
    'type' => 'text',
    'redirection' => true,
    'source' => 'subscribe',
  ),
)

2018-01-02 22:20:37 response :
------------

2018-01-02 22:20:53 trace :
------------
String:
<xml><ToUserName><![CDATA[gh_2e5884978ea8]]></ToUserName>
<FromUserName><![CDATA[oF75puOHfKarhucaEdLjJpbVmHJI]]></FromUserName>
<CreateTime>1514902853</CreateTime>
<MsgType><![CDATA[text]]></MsgType>
<Content><![CDATA[1]]></Content>
<MsgId>6506458210669907690</MsgId>
</xml>

2018-01-02 22:20:53 params :
------------
String:
array (
  'rule' => -2,
  'module' => '',
  'message' => 
  array (
    'tousername' => 'gh_2e5884978ea8',
    'fromusername' => 'oF75puOHfKarhucaEdLjJpbVmHJI',
    'createtime' => '1514902853',
    'msgtype' => 'text',
    'content' => '1',
    'msgid' => '6506458210669907690',
    'from' => 'oF75puOHfKarhucaEdLjJpbVmHJI',
    'to' => 'gh_2e5884978ea8',
    'time' => '1514902853',
    'type' => 'text',
    'event' => NULL,
    'redirection' => false,
    'source' => NULL,
  ),
)

2018-01-02 22:20:53 response :
------------

2018-01-02 22:20:55 trace :
------------
String:
<xml><ToUserName><![CDATA[gh_2e5884978ea8]]></ToUserName>
<FromUserName><![CDATA[oF75puOHfKarhucaEdLjJpbVmHJI]]></FromUserName>
<CreateTime>1514902855</CreateTime>
<MsgType><![CDATA[text]]></MsgType>
<Content><![CDATA[2]]></Content>
<MsgId>6506458219259842285</MsgId>
</xml>

2018-01-02 22:20:55 params :
------------
String:
array (
  'rule' => -2,
  'module' => '',
  'message' => 
  array (
    'tousername' => 'gh_2e5884978ea8',
    'fromusername' => 'oF75puOHfKarhucaEdLjJpbVmHJI',
    'createtime' => '1514902855',
    'msgtype' => 'text',
    'content' => '2',
    'msgid' => '6506458219259842285',
    'from' => 'oF75puOHfKarhucaEdLjJpbVmHJI',
    'to' => 'gh_2e5884978ea8',
    'time' => '1514902855',
    'type' => 'text',
    'event' => NULL,
    'redirection' => false,
    'source' => NULL,
  ),
)

2018-01-02 22:20:55 response :
------------

2018-01-02 22:20:56 trace :
------------
String:
<xml><ToUserName><![CDATA[gh_2e5884978ea8]]></ToUserName>
<FromUserName><![CDATA[oF75puOHfKarhucaEdLjJpbVmHJI]]></FromUserName>
<CreateTime>1514902855</CreateTime>
<MsgType><![CDATA[text]]></MsgType>
<Content><![CDATA[3]]></Content>
<MsgId>6506458219259842286</MsgId>
</xml>

2018-01-02 22:20:56 params :
------------
String:
array (
  'rule' => -2,
  'module' => '',
  'message' => 
  array (
    'tousername' => 'gh_2e5884978ea8',
    'fromusername' => 'oF75puOHfKarhucaEdLjJpbVmHJI',
    'createtime' => '1514902855',
    'msgtype' => 'text',
    'content' => '3',
    'msgid' => '6506458219259842286',
    'from' => 'oF75puOHfKarhucaEdLjJpbVmHJI',
    'to' => 'gh_2e5884978ea8',
    'time' => '1514902855',
    'type' => 'text',
    'event' => NULL,
    'redirection' => false,
    'source' => NULL,
  ),
)

2018-01-02 22:20:56 response :
------------

2018-01-02 22:22:00 trace :
------------
String:
<xml><ToUserName><![CDATA[gh_2e5884978ea8]]></ToUserName>
<FromUserName><![CDATA[oF75puBuzHTFSyKuGDLZQm5EkvnE]]></FromUserName>
<CreateTime>1514902920</CreateTime>
<MsgType><![CDATA[event]]></MsgType>
<Event><![CDATA[LOCATION]]></Event>
<Latitude>28.610767</Latitude>
<Longitude>118.452484</Longitude>
<Precision>90.000000</Precision>
</xml>

2018-01-02 22:22:00 params :
------------
String:
array (
  'message' => 
  array (
    'tousername' => 'gh_2e5884978ea8',
    'fromusername' => 'oF75puBuzHTFSyKuGDLZQm5EkvnE',
    'createtime' => '1514902920',
    'msgtype' => 'event',
    'event' => 'LOCATION',
    'latitude' => '28.610767',
    'longitude' => '118.452484',
    'precision' => '90.000000',
    'from' => 'oF75puBuzHTFSyKuGDLZQm5EkvnE',
    'to' => 'gh_2e5884978ea8',
    'time' => '1514902920',
    'type' => 'trace',
    'location_x' => '28.610767',
    'location_y' => '118.452484',
  ),
  'module' => 'default',
  'rule' => '-1',
)

2018-01-02 22:22:00 response :
------------
Array:
errno : -1 ;
message : Invaild value ;

2018-01-02 22:22:38 trace :
------------
String:
<xml><ToUserName><![CDATA[gh_2e5884978ea8]]></ToUserName>
<FromUserName><![CDATA[oF75puPuQtB4RB1ECdWESUPBj-fc]]></FromUserName>
<CreateTime>1514902958</CreateTime>
<MsgType><![CDATA[event]]></MsgType>
<Event><![CDATA[LOCATION]]></Event>
<Latitude>38.303249</Latitude>
<Longitude>109.734848</Longitude>
<Precision>30.000000</Precision>
</xml>

2018-01-02 22:22:38 params :
------------
String:
array (
  'message' => 
  array (
    'tousername' => 'gh_2e5884978ea8',
    'fromusername' => 'oF75puPuQtB4RB1ECdWESUPBj-fc',
    'createtime' => '1514902958',
    'msgtype' => 'event',
    'event' => 'LOCATION',
    'latitude' => '38.303249',
    'longitude' => '109.734848',
    'precision' => '30.000000',
    'from' => 'oF75puPuQtB4RB1ECdWESUPBj-fc',
    'to' => 'gh_2e5884978ea8',
    'time' => '1514902958',
    'type' => 'trace',
    'location_x' => '38.303249',
    'location_y' => '109.734848',
  ),
  'module' => 'default',
  'rule' => '-1',
)

2018-01-02 22:22:38 response :
------------
Array:
errno : -1 ;
message : Invaild value ;

2018-01-02 22:22:43 trace :
------------
String:
<xml><ToUserName><![CDATA[gh_2e5884978ea8]]></ToUserName>
<FromUserName><![CDATA[oF75puPuQtB4RB1ECdWESUPBj-fc]]></FromUserName>
<CreateTime>1514902963</CreateTime>
<MsgType><![CDATA[text]]></MsgType>
<Content><![CDATA[/:sun]]></Content>
<MsgId>6506458683116310276</MsgId>
</xml>

2018-01-02 22:22:43 params :
------------
String:
array (
  'rule' => -2,
  'module' => '',
  'message' => 
  array (
    'tousername' => 'gh_2e5884978ea8',
    'fromusername' => 'oF75puPuQtB4RB1ECdWESUPBj-fc',
    'createtime' => '1514902963',
    'msgtype' => 'text',
    'content' => '/:sun',
    'msgid' => '6506458683116310276',
    'from' => 'oF75puPuQtB4RB1ECdWESUPBj-fc',
    'to' => 'gh_2e5884978ea8',
    'time' => '1514902963',
    'type' => 'text',
    'event' => NULL,
    'redirection' => false,
    'source' => NULL,
  ),
)

2018-01-02 22:22:43 response :
------------

2018-01-02 22:23:11 trace :
------------
String:
<xml><ToUserName><![CDATA[gh_2e5884978ea8]]></ToUserName>
<FromUserName><![CDATA[oF75puPuQtB4RB1ECdWESUPBj-fc]]></FromUserName>
<CreateTime>1514902991</CreateTime>
<MsgType><![CDATA[event]]></MsgType>
<Event><![CDATA[LOCATION]]></Event>
<Latitude>38.303371</Latitude>
<Longitude>109.735168</Longitude>
<Precision>35.000000</Precision>
</xml>

2018-01-02 22:23:11 params :
------------
String:
array (
  'message' => 
  array (
    'tousername' => 'gh_2e5884978ea8',
    'fromusername' => 'oF75puPuQtB4RB1ECdWESUPBj-fc',
    'createtime' => '1514902991',
    'msgtype' => 'event',
    'event' => 'LOCATION',
    'latitude' => '38.303371',
    'longitude' => '109.735168',
    'precision' => '35.000000',
    'from' => 'oF75puPuQtB4RB1ECdWESUPBj-fc',
    'to' => 'gh_2e5884978ea8',
    'time' => '1514902991',
    'type' => 'trace',
    'location_x' => '38.303371',
    'location_y' => '109.735168',
  ),
  'module' => 'default',
  'rule' => '-1',
)

2018-01-02 22:23:11 response :
------------
Array:
errno : -1 ;
message : Invaild value ;

2018-01-02 22:38:11 trace :
------------
String:
<xml><ToUserName><![CDATA[gh_2e5884978ea8]]></ToUserName>
<FromUserName><![CDATA[oF75puAr832mX6IbGB61mE4qN8YA]]></FromUserName>
<CreateTime>1514903891</CreateTime>
<MsgType><![CDATA[event]]></MsgType>
<Event><![CDATA[unsubscribe]]></Event>
<EventKey><![CDATA[]]></EventKey>
</xml>

2018-01-02 22:41:03 trace :
------------
String:
<xml><ToUserName><![CDATA[gh_2e5884978ea8]]></ToUserName>
<FromUserName><![CDATA[oF75puHsXIPFD_jNUioM9l0O-k9I]]></FromUserName>
<CreateTime>1514904063</CreateTime>
<MsgType><![CDATA[event]]></MsgType>
<Event><![CDATA[LOCATION]]></Event>
<Latitude>30.263016</Latitude>
<Longitude>120.288155</Longitude>
<Precision>65.000000</Precision>
</xml>

2018-01-02 22:41:03 params :
------------
String:
array (
  'message' => 
  array (
    'tousername' => 'gh_2e5884978ea8',
    'fromusername' => 'oF75puHsXIPFD_jNUioM9l0O-k9I',
    'createtime' => '1514904063',
    'msgtype' => 'event',
    'event' => 'LOCATION',
    'latitude' => '30.263016',
    'longitude' => '120.288155',
    'precision' => '65.000000',
    'from' => 'oF75puHsXIPFD_jNUioM9l0O-k9I',
    'to' => 'gh_2e5884978ea8',
    'time' => '1514904063',
    'type' => 'trace',
    'location_x' => '30.263016',
    'location_y' => '120.288155',
  ),
  'module' => 'default',
  'rule' => '-1',
)

2018-01-02 22:41:03 response :
------------
Array:
errno : -1 ;
message : Invaild value ;

2018-01-02 22:42:24 trace :
------------
String:
<xml><ToUserName><![CDATA[gh_2e5884978ea8]]></ToUserName>
<FromUserName><![CDATA[oF75puO4elyFQMmsbIZIXusMMSJY]]></FromUserName>
<CreateTime>1514904144</CreateTime>
<MsgType><![CDATA[event]]></MsgType>
<Event><![CDATA[subscribe]]></Event>
<EventKey><![CDATA[]]></EventKey>
</xml>

2018-01-02 22:42:24 params :
------------
String:
array (
  'rule' => -2,
  'module' => '',
  'message' => 
  array (
    'tousername' => 'gh_2e5884978ea8',
    'fromusername' => 'oF75puO4elyFQMmsbIZIXusMMSJY',
    'createtime' => '1514904144',
    'msgtype' => 'event',
    'event' => 'subscribe',
    'eventkey' => '',
    'from' => 'oF75puO4elyFQMmsbIZIXusMMSJY',
    'to' => 'gh_2e5884978ea8',
    'time' => '1514904144',
    'type' => 'text',
    'redirection' => true,
    'source' => 'subscribe',
  ),
)

2018-01-02 22:42:24 response :
------------

2018-01-02 22:44:20 trace :
------------
String:
<xml><ToUserName><![CDATA[gh_2e5884978ea8]]></ToUserName>
<FromUserName><![CDATA[oF75puOT0JZWZBzrRdRxgCdmIhtM]]></FromUserName>
<CreateTime>1514904260</CreateTime>
<MsgType><![CDATA[event]]></MsgType>
<Event><![CDATA[LOCATION]]></Event>
<Latitude>31.794230</Latitude>
<Longitude>119.058357</Longitude>
<Precision>65.000000</Precision>
</xml>

2018-01-02 22:44:20 params :
------------
String:
array (
  'message' => 
  array (
    'tousername' => 'gh_2e5884978ea8',
    'fromusername' => 'oF75puOT0JZWZBzrRdRxgCdmIhtM',
    'createtime' => '1514904260',
    'msgtype' => 'event',
    'event' => 'LOCATION',
    'latitude' => '31.794230',
    'longitude' => '119.058357',
    'precision' => '65.000000',
    'from' => 'oF75puOT0JZWZBzrRdRxgCdmIhtM',
    'to' => 'gh_2e5884978ea8',
    'time' => '1514904260',
    'type' => 'trace',
    'location_x' => '31.794230',
    'location_y' => '119.058357',
  ),
  'module' => 'default',
  'rule' => '-1',
)

2018-01-02 22:44:20 response :
------------
Array:
errno : -1 ;
message : Invaild value ;

2018-01-02 22:51:13 trace :
------------
String:
<xml><ToUserName><![CDATA[gh_2e5884978ea8]]></ToUserName>
<FromUserName><![CDATA[oF75puHyOaXGWvWBamYjGAWgLL-Q]]></FromUserName>
<CreateTime>1514904672</CreateTime>
<MsgType><![CDATA[event]]></MsgType>
<Event><![CDATA[LOCATION]]></Event>
<Latitude>30.203600</Latitude>
<Longitude>120.206604</Longitude>
<Precision>65.000000</Precision>
</xml>

2018-01-02 22:51:13 params :
------------
String:
array (
  'message' => 
  array (
    'tousername' => 'gh_2e5884978ea8',
    'fromusername' => 'oF75puHyOaXGWvWBamYjGAWgLL-Q',
    'createtime' => '1514904672',
    'msgtype' => 'event',
    'event' => 'LOCATION',
    'latitude' => '30.203600',
    'longitude' => '120.206604',
    'precision' => '65.000000',
    'from' => 'oF75puHyOaXGWvWBamYjGAWgLL-Q',
    'to' => 'gh_2e5884978ea8',
    'time' => '1514904672',
    'type' => 'trace',
    'location_x' => '30.203600',
    'location_y' => '120.206604',
  ),
  'module' => 'default',
  'rule' => '-1',
)

2018-01-02 22:51:13 response :
------------
Array:
errno : -1 ;
message : Invaild value ;

2018-01-02 22:52:33 trace :
------------
String:
<xml><ToUserName><![CDATA[gh_2e5884978ea8]]></ToUserName>
<FromUserName><![CDATA[oF75puJS7PwGn2gzXLGmhvT8mFus]]></FromUserName>
<CreateTime>1514904753</CreateTime>
<MsgType><![CDATA[event]]></MsgType>
<Event><![CDATA[subscribe]]></Event>
<EventKey><![CDATA[]]></EventKey>
</xml>

2018-01-02 22:52:33 params :
------------
String:
array (
  'rule' => -2,
  'module' => '',
  'message' => 
  array (
    'tousername' => 'gh_2e5884978ea8',
    'fromusername' => 'oF75puJS7PwGn2gzXLGmhvT8mFus',
    'createtime' => '1514904753',
    'msgtype' => 'event',
    'event' => 'subscribe',
    'eventkey' => '',
    'from' => 'oF75puJS7PwGn2gzXLGmhvT8mFus',
    'to' => 'gh_2e5884978ea8',
    'time' => '1514904753',
    'type' => 'text',
    'redirection' => true,
    'source' => 'subscribe',
  ),
)

2018-01-02 22:52:33 response :
------------

2018-01-02 22:52:36 trace :
------------
String:
<xml><ToUserName><![CDATA[gh_2e5884978ea8]]></ToUserName>
<FromUserName><![CDATA[oF75puJS7PwGn2gzXLGmhvT8mFus]]></FromUserName>
<CreateTime>1514904756</CreateTime>
<MsgType><![CDATA[event]]></MsgType>
<Event><![CDATA[LOCATION]]></Event>
<Latitude>33.158455</Latitude>
<Longitude>107.312660</Longitude>
<Precision>65.000000</Precision>
</xml>

2018-01-02 22:52:36 params :
------------
String:
array (
  'message' => 
  array (
    'tousername' => 'gh_2e5884978ea8',
    'fromusername' => 'oF75puJS7PwGn2gzXLGmhvT8mFus',
    'createtime' => '1514904756',
    'msgtype' => 'event',
    'event' => 'LOCATION',
    'latitude' => '33.158455',
    'longitude' => '107.312660',
    'precision' => '65.000000',
    'from' => 'oF75puJS7PwGn2gzXLGmhvT8mFus',
    'to' => 'gh_2e5884978ea8',
    'time' => '1514904756',
    'type' => 'trace',
    'location_x' => '33.158455',
    'location_y' => '107.312660',
  ),
  'module' => 'default',
  'rule' => '-1',
)

2018-01-02 22:52:36 response :
------------
Array:
errno : -1 ;
message : Invaild value ;

2018-01-02 23:11:57 trace :
------------
String:
<xml><ToUserName><![CDATA[gh_2e5884978ea8]]></ToUserName>
<FromUserName><![CDATA[oF75puHyOaXGWvWBamYjGAWgLL-Q]]></FromUserName>
<CreateTime>1514905917</CreateTime>
<MsgType><![CDATA[event]]></MsgType>
<Event><![CDATA[LOCATION]]></Event>
<Latitude>30.203897</Latitude>
<Longitude>120.206703</Longitude>
<Precision>65.000000</Precision>
</xml>

2018-01-02 23:11:57 params :
------------
String:
array (
  'message' => 
  array (
    'tousername' => 'gh_2e5884978ea8',
    'fromusername' => 'oF75puHyOaXGWvWBamYjGAWgLL-Q',
    'createtime' => '1514905917',
    'msgtype' => 'event',
    'event' => 'LOCATION',
    'latitude' => '30.203897',
    'longitude' => '120.206703',
    'precision' => '65.000000',
    'from' => 'oF75puHyOaXGWvWBamYjGAWgLL-Q',
    'to' => 'gh_2e5884978ea8',
    'time' => '1514905917',
    'type' => 'trace',
    'location_x' => '30.203897',
    'location_y' => '120.206703',
  ),
  'module' => 'default',
  'rule' => '-1',
)

2018-01-02 23:11:57 response :
------------
Array:
errno : -1 ;
message : Invaild value ;

2018-01-02 23:26:59 trace :
------------
String:
<xml><ToUserName><![CDATA[gh_2e5884978ea8]]></ToUserName>
<FromUserName><![CDATA[oF75puK9pdfKlqrsO40mBJX2-tiU]]></FromUserName>
<CreateTime>1514906818</CreateTime>
<MsgType><![CDATA[event]]></MsgType>
<Event><![CDATA[subscribe]]></Event>
<EventKey><![CDATA[]]></EventKey>
</xml>

2018-01-02 23:26:59 params :
------------
String:
array (
  'rule' => -2,
  'module' => '',
  'message' => 
  array (
    'tousername' => 'gh_2e5884978ea8',
    'fromusername' => 'oF75puK9pdfKlqrsO40mBJX2-tiU',
    'createtime' => '1514906818',
    'msgtype' => 'event',
    'event' => 'subscribe',
    'eventkey' => '',
    'from' => 'oF75puK9pdfKlqrsO40mBJX2-tiU',
    'to' => 'gh_2e5884978ea8',
    'time' => '1514906818',
    'type' => 'text',
    'redirection' => true,
    'source' => 'subscribe',
  ),
)

2018-01-02 23:26:59 response :
------------

2018-01-02 23:29:28 trace :
------------
String:
<xml><ToUserName><![CDATA[gh_2e5884978ea8]]></ToUserName>
<FromUserName><![CDATA[oF75puEYwsKLfSjb1z4RuCwe7JJA]]></FromUserName>
<CreateTime>1514906966</CreateTime>
<MsgType><![CDATA[image]]></MsgType>
<PicUrl><![CDATA[http://mmbiz.qpic.cn/mmbiz_jpg/lHuoPbiajxXWYpwvrnJgUZBbNGTo88jSDQCpBUo1xs51FOicTqLWSAgSAnAAuu2meEuRvLoIrhhXwy6VGEJmR4FQ/0]]></PicUrl>
<MsgId>6506475875870396747</MsgId>
<MediaId><![CDATA[A19dtPLBfOzymCvW_tX0n5lrSkgBcUZQ4v2XWiYmE6LtYMO48IK4X58c5ol9quCs]]></MediaId>
</xml>

2018-01-02 23:29:28 params :
------------
String:
array (
  'rule' => -2,
  'module' => '',
  'message' => 
  array (
    'tousername' => 'gh_2e5884978ea8',
    'fromusername' => 'oF75puEYwsKLfSjb1z4RuCwe7JJA',
    'createtime' => '1514906966',
    'msgtype' => 'image',
    'picurl' => 'http://mmbiz.qpic.cn/mmbiz_jpg/lHuoPbiajxXWYpwvrnJgUZBbNGTo88jSDQCpBUo1xs51FOicTqLWSAgSAnAAuu2meEuRvLoIrhhXwy6VGEJmR4FQ/0',
    'msgid' => '6506475875870396747',
    'mediaid' => 'A19dtPLBfOzymCvW_tX0n5lrSkgBcUZQ4v2XWiYmE6LtYMO48IK4X58c5ol9quCs',
    'from' => 'oF75puEYwsKLfSjb1z4RuCwe7JJA',
    'to' => 'gh_2e5884978ea8',
    'time' => '1514906966',
    'type' => 'image',
    'event' => NULL,
    'url' => 'http://mmbiz.qpic.cn/mmbiz_jpg/lHuoPbiajxXWYpwvrnJgUZBbNGTo88jSDQCpBUo1xs51FOicTqLWSAgSAnAAuu2meEuRvLoIrhhXwy6VGEJmR4FQ/0',
  ),
)

2018-01-02 23:29:28 response :
------------

2018-01-02 23:29:39 trace :
------------
String:
<xml><ToUserName><![CDATA[gh_2e5884978ea8]]></ToUserName>
<FromUserName><![CDATA[oF75puEYwsKLfSjb1z4RuCwe7JJA]]></FromUserName>
<CreateTime>1514906978</CreateTime>
<MsgType><![CDATA[text]]></MsgType>
<Content><![CDATA[这个店里没货]]></Content>
<MsgId>6506475927410004301</MsgId>
</xml>

2018-01-02 23:29:39 params :
------------
String:
array (
  'rule' => -2,
  'module' => '',
  'message' => 
  array (
    'tousername' => 'gh_2e5884978ea8',
    'fromusername' => 'oF75puEYwsKLfSjb1z4RuCwe7JJA',
    'createtime' => '1514906978',
    'msgtype' => 'text',
    'content' => '这个店里没货',
    'msgid' => '6506475927410004301',
    'from' => 'oF75puEYwsKLfSjb1z4RuCwe7JJA',
    'to' => 'gh_2e5884978ea8',
    'time' => '1514906978',
    'type' => 'text',
    'event' => NULL,
    'redirection' => false,
    'source' => NULL,
  ),
)

2018-01-02 23:29:39 response :
------------

2018-01-02 23:57:36 trace :
------------
String:
<xml><ToUserName><![CDATA[gh_2e5884978ea8]]></ToUserName>
<FromUserName><![CDATA[oF75puJdCMIKlRqgaUrUxcAOhnaA]]></FromUserName>
<CreateTime>1514908656</CreateTime>
<MsgType><![CDATA[event]]></MsgType>
<Event><![CDATA[LOCATION]]></Event>
<Latitude>26.164907</Latitude>
<Longitude>109.783653</Longitude>
<Precision>65.000000</Precision>
</xml>

2018-01-02 23:57:36 params :
------------
String:
array (
  'message' => 
  array (
    'tousername' => 'gh_2e5884978ea8',
    'fromusername' => 'oF75puJdCMIKlRqgaUrUxcAOhnaA',
    'createtime' => '1514908656',
    'msgtype' => 'event',
    'event' => 'LOCATION',
    'latitude' => '26.164907',
    'longitude' => '109.783653',
    'precision' => '65.000000',
    'from' => 'oF75puJdCMIKlRqgaUrUxcAOhnaA',
    'to' => 'gh_2e5884978ea8',
    'time' => '1514908656',
    'type' => 'trace',
    'location_x' => '26.164907',
    'location_y' => '109.783653',
  ),
  'module' => 'default',
  'rule' => '-1',
)

2018-01-02 23:57:36 response :
------------
Array:
errno : -1 ;
message : Invaild value ;

2018-01-02 23:57:44 trace :
------------
String:
<xml><ToUserName><![CDATA[gh_2e5884978ea8]]></ToUserName>
<FromUserName><![CDATA[oF75puJdCMIKlRqgaUrUxcAOhnaA]]></FromUserName>
<CreateTime>1514908664</CreateTime>
<MsgType><![CDATA[event]]></MsgType>
<Event><![CDATA[LOCATION]]></Event>
<Latitude>26.164907</Latitude>
<Longitude>109.783653</Longitude>
<Precision>65.000000</Precision>
</xml>

2018-01-02 23:57:44 params :
------------
String:
array (
  'message' => 
  array (
    'tousername' => 'gh_2e5884978ea8',
    'fromusername' => 'oF75puJdCMIKlRqgaUrUxcAOhnaA',
    'createtime' => '1514908664',
    'msgtype' => 'event',
    'event' => 'LOCATION',
    'latitude' => '26.164907',
    'longitude' => '109.783653',
    'precision' => '65.000000',
    'from' => 'oF75puJdCMIKlRqgaUrUxcAOhnaA',
    'to' => 'gh_2e5884978ea8',
    'time' => '1514908664',
    'type' => 'trace',
    'location_x' => '26.164907',
    'location_y' => '109.783653',
  ),
  'module' => 'default',
  'rule' => '-1',
)

2018-01-02 23:57:44 response :
------------
Array:
errno : -1 ;
message : Invaild value ;

